#
# There is insufficient memory for the Java Runtime Environment to continue.
# Native memory allocation (malloc) failed to allocate 144576 bytes for Chunk::new
# Possible reasons:
#   The system is out of physical RAM or swap space
#   The process is running with CompressedOops enabled, and the Java Heap may be blocking the growth of the native heap
# Possible solutions:
#   Reduce memory load on the system
#   Increase physical memory or swap space
#   Check if swap backing store is full
#   Decrease Java heap size (-Xmx/-Xms)
#   Decrease number of Java threads
#   Decrease Java thread stack sizes (-Xss)
#   Set larger code cache with -XX:ReservedCodeCacheSize=
#   JVM is running with Unscaled Compressed Oops mode in which the Java heap is
#     placed in the first 4GB address space. The Java Heap base address is the
#     maximum limit for the native heap growth. Please use -XX:HeapBaseMinAddress
#     to set the Java Heap base and to place the Java Heap above 4GB virtual address.
# This output file may be truncated or incomplete.
#
#  Out of Memory Error (arena.cpp:189), pid=19236, tid=18704
#
# JRE version: OpenJDK Runtime Environment Temurin-17.0.7+7 (17.0.7+7) (build 17.0.7+7)
# Java VM: OpenJDK 64-Bit Server VM Temurin-17.0.7+7 (17.0.7+7, mixed mode, tiered, compressed oops, compressed class ptrs, parallel gc, windows-amd64)
# No core dump will be written. Minidumps are not enabled by default on client versions of Windows
#

---------------  S U M M A R Y ------------

Command Line: --add-modules=ALL-SYSTEM --add-opens=java.base/java.util=ALL-UNNAMED --add-opens=java.base/java.lang=ALL-UNNAMED --add-opens=java.base/sun.nio.fs=ALL-UNNAMED -Declipse.application=org.eclipse.jdt.ls.core.id1 -Dosgi.bundles.defaultStartLevel=4 -Declipse.product=org.eclipse.jdt.ls.core.product -Djava.import.generatesMetadataFilesAtProjectRoot=false -Dfile.encoding=utf8 -XX:+UseParallelGC -XX:GCTimeRatio=4 -XX:AdaptiveSizePolicyWeight=90 -Dsun.zip.disableMemoryMapping=true -Xmx1G -Xms100m -Xlog:disable -javaagent:c:\Users\Aless\.vscode\extensions\redhat.java-1.19.0-win32-x64\lombok\lombok-1.18.28.jar -XX:+HeapDumpOnOutOfMemoryError -XX:HeapDumpPath=c:\Users\Aless\AppData\Roaming\Code\User\workspaceStorage\b18c25d07db68503f5c91407cfb7b02b\redhat.java -Daether.dependencyCollector.impl=bf c:\Users\Aless\.vscode\extensions\redhat.java-1.19.0-win32-x64\server\plugins\org.eclipse.equinox.launcher_1.6.400.v20210924-0641.jar -configuration c:\Users\Aless\AppData\Roaming\Code\User\globalStorage\redhat.java\1.19.0\config_win -data c:\Users\Aless\AppData\Roaming\Code\User\workspaceStorage\b18c25d07db68503f5c91407cfb7b02b\redhat.java\jdt_ws

Host: AMD Ryzen 5 5600G with Radeon Graphics         , 12 cores, 13G,  Windows 10 , 64 bit Build 19041 (10.0.19041.3031)
Time: Mon Jun 19 19:55:34 2023 ora legale Europa occidentale elapsed time: 0.363883 seconds (0d 0h 0m 0s)

---------------  T H R E A D  ---------------

Current thread (0x0000019ce02635a0):  JavaThread "C2 CompilerThread2" daemon [_thread_in_native, id=18704, stack(0x0000004a48b00000,0x0000004a48c00000)]


Current CompileTask:
C2:    364  644       4       sun.security.provider.SHA2::implCompress0 (490 bytes)

Stack: [0x0000004a48b00000,0x0000004a48c00000]
Native frames: (J=compiled Java code, j=interpreted, Vv=VM code, C=native code)
V  [jvm.dll+0x67754a]
V  [jvm.dll+0x834304]
V  [jvm.dll+0x835aae]
V  [jvm.dll+0x836113]
V  [jvm.dll+0x24696f]
V  [jvm.dll+0xac0ac]
V  [jvm.dll+0xac67c]
V  [jvm.dll+0x2adbef]
V  [jvm.dll+0x580067]
V  [jvm.dll+0x221e72]
V  [jvm.dll+0x22224f]
V  [jvm.dll+0x21b4a5]
V  [jvm.dll+0x21895b]
V  [jvm.dll+0x1a4d8d]
V  [jvm.dll+0x2284da]
V  [jvm.dll+0x226615]
V  [jvm.dll+0x7ea90b]
V  [jvm.dll+0x7e4e7a]
V  [jvm.dll+0x676395]
C  [ucrtbase.dll+0x21bb2]
C  [KERNEL32.DLL+0x17614]
C  [ntdll.dll+0x526f1]


---------------  P R O C E S S  ---------------

Threads class SMR info:
_java_thread_list=0x0000019cded0e220, length=14, elements={
0x0000019cc395e9f0, 0x0000019cd9736620, 0x0000019cd9738c90, 0x0000019cdea23850,
0x0000019cdea245d0, 0x0000019cdea2ba80, 0x0000019cdea2f6f0, 0x0000019cdea35f90,
0x0000019cdea36890, 0x0000019cdea37190, 0x0000019cdea2fbc0, 0x0000019cdea30f00,
0x0000019ce0067cd0, 0x0000019ce02635a0
}

Java Threads: ( => current thread )
  0x0000019cc395e9f0 JavaThread "main" [_thread_in_Java, id=12688, stack(0x0000004a47b00000,0x0000004a47c00000)]
  0x0000019cd9736620 JavaThread "Reference Handler" daemon [_thread_blocked, id=9344, stack(0x0000004a47e00000,0x0000004a47f00000)]
  0x0000019cd9738c90 JavaThread "Finalizer" daemon [_thread_blocked, id=21152, stack(0x0000004a47f00000,0x0000004a48000000)]
  0x0000019cdea23850 JavaThread "Signal Dispatcher" daemon [_thread_blocked, id=11876, stack(0x0000004a48000000,0x0000004a48100000)]
  0x0000019cdea245d0 JavaThread "Attach Listener" daemon [_thread_blocked, id=23256, stack(0x0000004a48100000,0x0000004a48200000)]
  0x0000019cdea2ba80 JavaThread "Service Thread" daemon [_thread_blocked, id=10584, stack(0x0000004a48200000,0x0000004a48300000)]
  0x0000019cdea2f6f0 JavaThread "Monitor Deflation Thread" daemon [_thread_blocked, id=9580, stack(0x0000004a48300000,0x0000004a48400000)]
  0x0000019cdea35f90 JavaThread "C2 CompilerThread0" daemon [_thread_in_native, id=14188, stack(0x0000004a48400000,0x0000004a48500000)]
  0x0000019cdea36890 JavaThread "C1 CompilerThread0" daemon [_thread_blocked, id=704, stack(0x0000004a48500000,0x0000004a48600000)]
  0x0000019cdea37190 JavaThread "Sweeper thread" daemon [_thread_blocked, id=19352, stack(0x0000004a48600000,0x0000004a48700000)]
  0x0000019cdea2fbc0 JavaThread "Common-Cleaner" daemon [_thread_blocked, id=4008, stack(0x0000004a48700000,0x0000004a48800000)]
  0x0000019cdea30f00 JavaThread "Notification Thread" daemon [_thread_blocked, id=10512, stack(0x0000004a48800000,0x0000004a48900000)]
  0x0000019ce0067cd0 JavaThread "C2 CompilerThread1" daemon [_thread_in_native, id=16684, stack(0x0000004a48a00000,0x0000004a48b00000)]
=>0x0000019ce02635a0 JavaThread "C2 CompilerThread2" daemon [_thread_in_native, id=18704, stack(0x0000004a48b00000,0x0000004a48c00000)]

Other Threads:
  0x0000019cdea01fd0 VMThread "VM Thread" [stack: 0x0000004a47d00000,0x0000004a47e00000] [id=19644]
  0x0000019cded9e630 WatcherThread [stack: 0x0000004a48900000,0x0000004a48a00000] [id=10212]
  0x0000019cc3973f50 GCTaskThread "GC Thread#0" [stack: 0x0000004a47c00000,0x0000004a47d00000] [id=11592]

Threads with active compile tasks:
C2 CompilerThread0      376  632   !   4       java.util.jar.Attributes::read (498 bytes)
C2 CompilerThread1      376  679 %     4       sun.security.provider.SHA5::implCompress0 @ 27 (346 bytes)
C2 CompilerThread2      376  644       4       sun.security.provider.SHA2::implCompress0 (490 bytes)

VM state: not at safepoint (normal execution)

VM Mutex/Monitor currently owned by a thread: None

Heap address: 0x00000000c0000000, size: 1024 MB, Compressed Oops mode: 32-bit

CDS archive(s) not mapped
Compressed class space mapped at: 0x0000000100000000-0x0000000140000000, reserved size: 1073741824
Narrow klass base: 0x0000000000000000, Narrow klass shift: 3, Narrow klass range: 0x140000000

GC Precious Log:
 CPUs: 12 total, 12 available
 Memory: 14245M
 Large Page Support: Disabled
 NUMA Support: Disabled
 Compressed Oops: Enabled (32-bit)
 Alignments: Space 512K, Generation 512K, Heap 2M
 Heap Min Capacity: 100M
 Heap Initial Capacity: 100M
 Heap Max Capacity: 1G
 Pre-touch: Disabled
 Parallel Workers: 10

Heap:
 PSYoungGen      total 29696K, used 16536K [0x00000000eab00000, 0x00000000ecc00000, 0x0000000100000000)
  eden space 25600K, 64% used [0x00000000eab00000,0x00000000ebb26380,0x00000000ec400000)
  from space 4096K, 0% used [0x00000000ec800000,0x00000000ec800000,0x00000000ecc00000)
  to   space 4096K, 0% used [0x00000000ec400000,0x00000000ec400000,0x00000000ec800000)
 ParOldGen       total 68608K, used 0K [0x00000000c0000000, 0x00000000c4300000, 0x00000000eab00000)
  object space 68608K, 0% used [0x00000000c0000000,0x00000000c0000000,0x00000000c4300000)
 Metaspace       used 9266K, committed 9408K, reserved 1114112K
  class space    used 917K, committed 960K, reserved 1048576K

Card table byte_map: [0x0000019cd6fb0000,0x0000019cd71c0000] _byte_map_base: 0x0000019cd69b0000

Marking Bits: (ParMarkBitMap*) 0x00007ffc8f7652c0
 Begin Bits: [0x0000019cd7320000, 0x0000019cd8320000)
 End Bits:   [0x0000019cd8320000, 0x0000019cd9320000)

Polling page: 0x0000019cc3a30000

Metaspace:

Usage:
  Non-class:      8.15 MB used.
      Class:    917.56 KB used.
       Both:      9.05 MB used.

Virtual space:
  Non-class space:       64.00 MB reserved,       8.25 MB ( 13%) committed,  1 nodes.
      Class space:        1.00 GB reserved,     960.00 KB ( <1%) committed,  1 nodes.
             Both:        1.06 GB reserved,       9.19 MB ( <1%) committed. 

Chunk freelists:
   Non-Class:  6.90 MB
       Class:  15.09 MB
        Both:  21.99 MB

MaxMetaspaceSize: unlimited
CompressedClassSpaceSize: 1.00 GB
Initial GC threshold: 21.00 MB
Current GC threshold: 21.00 MB
CDS: off
MetaspaceReclaimPolicy: balanced
 - commit_granule_bytes: 65536.
 - commit_granule_words: 8192.
 - virtual_space_node_default_size: 8388608.
 - enlarge_chunks_in_place: 1.
 - new_chunks_are_fully_committed: 0.
 - uncommit_free_chunks: 1.
 - use_allocation_guard: 0.
 - handle_deallocations: 1.


Internal statistics:

num_allocs_failed_limit: 0.
num_arena_births: 12.
num_arena_deaths: 0.
num_vsnodes_births: 2.
num_vsnodes_deaths: 0.
num_space_committed: 147.
num_space_uncommitted: 0.
num_chunks_returned_to_freelist: 0.
num_chunks_taken_from_freelist: 48.
num_chunk_merges: 0.
num_chunk_splits: 28.
num_chunks_enlarged: 20.
num_inconsistent_stats: 0.

CodeHeap 'non-profiled nmethods': size=120000Kb used=261Kb max_used=261Kb free=119738Kb
 bounds [0x0000019ccf8a0000, 0x0000019ccfb10000, 0x0000019cd6dd0000]
CodeHeap 'profiled nmethods': size=120000Kb used=1053Kb max_used=1053Kb free=118946Kb
 bounds [0x0000019cc7dd0000, 0x0000019cc8040000, 0x0000019ccf300000]
CodeHeap 'non-nmethods': size=5760Kb used=1136Kb max_used=1153Kb free=4623Kb
 bounds [0x0000019ccf300000, 0x0000019ccf570000, 0x0000019ccf8a0000]
 total_blobs=1096 nmethods=672 adapters=339
 compilation: enabled
              stopped_count=0, restarted_count=0
 full_count=0

Compilation events (20 events):
Event: 0.354 Thread 0x0000019cdea36890 nmethod 653 0x0000019cc7ec3010 code [0x0000019cc7ec31c0, 0x0000019cc7ec3398]
Event: 0.354 Thread 0x0000019cdea36890  655       3       sun.security.provider.SHA5::lf_maj (14 bytes)
Event: 0.354 Thread 0x0000019cdea36890 nmethod 655 0x0000019cc7ec3490 code [0x0000019cc7ec3620, 0x0000019cc7ec3718]
Event: 0.354 Thread 0x0000019cdea36890  656       3       sun.security.provider.SHA5::lf_delta0 (20 bytes)
Event: 0.354 Thread 0x0000019cdea36890 nmethod 656 0x0000019cc7ec3790 code [0x0000019cc7ec3940, 0x0000019cc7ec3b18]
Event: 0.354 Thread 0x0000019cdea36890  661       3       jdk.internal.misc.Unsafe::getLongUnaligned (12 bytes)
Event: 0.355 Thread 0x0000019cdea36890 nmethod 661 0x0000019cc7ec3c10 code [0x0000019cc7ec3dc0, 0x0000019cc7ec3fa8]
Event: 0.355 Thread 0x0000019cdea36890  662       3       jdk.internal.misc.Unsafe::convEndian (16 bytes)
Event: 0.355 Thread 0x0000019cdea36890 nmethod 662 0x0000019cc7ec4090 code [0x0000019cc7ec4240, 0x0000019cc7ec43a8]
Event: 0.355 Thread 0x0000019cdea36890  663       3       java.lang.invoke.VarHandleGuards::guard_LI_J (78 bytes)
Event: 0.356 Thread 0x0000019cdea36890 nmethod 663 0x0000019cc7ec4490 code [0x0000019cc7ec47c0, 0x0000019cc7ec6308]
Event: 0.356 Thread 0x0000019cdea36890  664       3       java.lang.invoke.VarHandleByteArrayAsLongs$ArrayHandle::get (36 bytes)
Event: 0.356 Thread 0x0000019cdea36890 nmethod 664 0x0000019cc7ec6b90 code [0x0000019cc7ec6d60, 0x0000019cc7ec7218]
Event: 0.356 Thread 0x0000019cdea36890  665       3       java.lang.invoke.VarHandleByteArrayAsLongs$ArrayHandle::index (13 bytes)
Event: 0.356 Thread 0x0000019cdea36890 nmethod 665 0x0000019cc7ec7410 code [0x0000019cc7ec75c0, 0x0000019cc7ec77c8]
Event: 0.356 Thread 0x0000019cdea36890  666       3       java.lang.Long::reverseBytes (46 bytes)
Event: 0.356 Thread 0x0000019cdea36890 nmethod 666 0x0000019cc7ec7910 code [0x0000019cc7ec7aa0, 0x0000019cc7ec7bf8]
Event: 0.356 Thread 0x0000019cdea36890  671       3       sun.security.provider.SHA5::implCompress0 (346 bytes)
Event: 0.357 Thread 0x0000019cdea36890 nmethod 671 0x0000019cc7ec7c90 code [0x0000019cc7ec7ee0, 0x0000019cc7ec8908]
Event: 0.361 Thread 0x0000019cdea36890  676       3       sun.security.provider.ByteArrayAccess::b2lBig128 (232 bytes)

GC Heap History (0 events):
No events

Dll operation events (8 events):
Event: 0.005 Loaded shared library c:\Users\Aless\.vscode\extensions\redhat.java-1.19.0-win32-x64\jre\17.0.7-win32-x86_64\bin\java.dll
Event: 0.098 Loaded shared library c:\Users\Aless\.vscode\extensions\redhat.java-1.19.0-win32-x64\jre\17.0.7-win32-x86_64\bin\zip.dll
Event: 0.101 Loaded shared library C:\Users\Aless\.vscode\extensions\redhat.java-1.19.0-win32-x64\jre\17.0.7-win32-x86_64\bin\instrument.dll
Event: 0.112 Loaded shared library C:\Users\Aless\.vscode\extensions\redhat.java-1.19.0-win32-x64\jre\17.0.7-win32-x86_64\bin\net.dll
Event: 0.113 Loaded shared library C:\Users\Aless\.vscode\extensions\redhat.java-1.19.0-win32-x64\jre\17.0.7-win32-x86_64\bin\nio.dll
Event: 0.119 Loaded shared library C:\Users\Aless\.vscode\extensions\redhat.java-1.19.0-win32-x64\jre\17.0.7-win32-x86_64\bin\zip.dll
Event: 0.131 Loaded shared library C:\Users\Aless\.vscode\extensions\redhat.java-1.19.0-win32-x64\jre\17.0.7-win32-x86_64\bin\jimage.dll
Event: 0.168 Loaded shared library c:\Users\Aless\.vscode\extensions\redhat.java-1.19.0-win32-x64\jre\17.0.7-win32-x86_64\bin\verify.dll

Deoptimization events (20 events):
Event: 0.233 Thread 0x0000019cc395e9f0 DEOPT PACKING pc=0x0000019cc7e02480 sp=0x0000004a47bf9980
Event: 0.233 Thread 0x0000019cc395e9f0 DEOPT UNPACKING pc=0x0000019ccf356e43 sp=0x0000004a47bf8e40 mode 0
Event: 0.234 Thread 0x0000019cc395e9f0 DEOPT PACKING pc=0x0000019cc7e02480 sp=0x0000004a47bfade0
Event: 0.234 Thread 0x0000019cc395e9f0 DEOPT UNPACKING pc=0x0000019ccf356e43 sp=0x0000004a47bfa2a0 mode 0
Event: 0.236 Thread 0x0000019cc395e9f0 DEOPT PACKING pc=0x0000019cc7e02480 sp=0x0000004a47bfacc0
Event: 0.236 Thread 0x0000019cc395e9f0 DEOPT UNPACKING pc=0x0000019ccf356e43 sp=0x0000004a47bfa180 mode 0
Event: 0.237 Thread 0x0000019cc395e9f0 DEOPT PACKING pc=0x0000019cc7e02480 sp=0x0000004a47bfbb10
Event: 0.237 Thread 0x0000019cc395e9f0 DEOPT UNPACKING pc=0x0000019ccf356e43 sp=0x0000004a47bfafd0 mode 0
Event: 0.261 Thread 0x0000019cc395e9f0 Uncommon trap: trap_request=0xffffff45 fr.pc=0x0000019ccf8b37c0 relative=0x00000000000000c0
Event: 0.261 Thread 0x0000019cc395e9f0 Uncommon trap: reason=unstable_if action=reinterpret pc=0x0000019ccf8b37c0 method=java.net.URI.match(CJJ)Z @ 45 c2
Event: 0.261 Thread 0x0000019cc395e9f0 DEOPT PACKING pc=0x0000019ccf8b37c0 sp=0x0000004a47bfca80
Event: 0.261 Thread 0x0000019cc395e9f0 DEOPT UNPACKING pc=0x0000019ccf3566a3 sp=0x0000004a47bfca08 mode 2
Event: 0.320 Thread 0x0000019cc395e9f0 Uncommon trap: trap_request=0xffffff45 fr.pc=0x0000019ccf8cc5a8 relative=0x0000000000000568
Event: 0.320 Thread 0x0000019cc395e9f0 Uncommon trap: reason=unstable_if action=reinterpret pc=0x0000019ccf8cc5a8 method=java.lang.AbstractStringBuilder.append(Ljava/lang/String;)Ljava/lang/AbstractStringBuilder; @ 1 c2
Event: 0.320 Thread 0x0000019cc395e9f0 DEOPT PACKING pc=0x0000019ccf8cc5a8 sp=0x0000004a47bfde30
Event: 0.320 Thread 0x0000019cc395e9f0 DEOPT UNPACKING pc=0x0000019ccf3566a3 sp=0x0000004a47bfddb0 mode 2
Event: 0.342 Thread 0x0000019cc395e9f0 DEOPT PACKING pc=0x0000019cc7ea57bc sp=0x0000004a47bfe8a0
Event: 0.342 Thread 0x0000019cc395e9f0 DEOPT UNPACKING pc=0x0000019ccf356e43 sp=0x0000004a47bfdd28 mode 0
Event: 0.352 Thread 0x0000019cc395e9f0 DEOPT PACKING pc=0x0000019cc7e7ff5a sp=0x0000004a47bfe440
Event: 0.352 Thread 0x0000019cc395e9f0 DEOPT UNPACKING pc=0x0000019ccf356e43 sp=0x0000004a47bfd898 mode 0

Classes unloaded (0 events):
No events

Classes redefined (0 events):
No events

Internal exceptions (9 events):
Event: 0.081 Thread 0x0000019cc395e9f0 Exception <a 'java/lang/NoSuchMethodError'{0x00000000eacb2850}: 'void java.lang.invoke.DirectMethodHandle$Holder.invokeStatic(java.lang.Object, java.lang.Object, java.lang.Object)'> (0x00000000eacb2850) 
thrown [s\src\hotspot\share\interpreter\linkResolver.cpp, line 759]
Event: 0.185 Thread 0x0000019cc395e9f0 Exception <a 'java/lang/reflect/InvocationTargetException'{0x00000000eaf78ef8}> (0x00000000eaf78ef8) 
thrown [s\src\hotspot\share\runtime\reflection.cpp, line 1121]
Event: 0.314 Thread 0x0000019cc395e9f0 Exception <a 'java/lang/ClassNotFoundException'{0x00000000eb78a170}: sun/net/www/protocol/c/Handler> (0x00000000eb78a170) 
thrown [s\src\hotspot\share\classfile\systemDictionary.cpp, line 256]
Event: 0.316 Thread 0x0000019cc395e9f0 Exception <a 'java/io/FileNotFoundException'{0x00000000eb7a5178}> (0x00000000eb7a5178) 
thrown [s\src\hotspot\share\prims\jni.cpp, line 516]
Event: 0.317 Thread 0x0000019cc395e9f0 Exception <a 'java/io/FileNotFoundException'{0x00000000eb7a5e90}> (0x00000000eb7a5e90) 
thrown [s\src\hotspot\share\prims\jni.cpp, line 516]
Event: 0.317 Thread 0x0000019cc395e9f0 Exception <a 'java/io/FileNotFoundException'{0x00000000eb7a6b88}> (0x00000000eb7a6b88) 
thrown [s\src\hotspot\share\prims\jni.cpp, line 516]
Event: 0.317 Thread 0x0000019cc395e9f0 Exception <a 'java/io/FileNotFoundException'{0x00000000eb7a7850}> (0x00000000eb7a7850) 
thrown [s\src\hotspot\share\prims\jni.cpp, line 516]
Event: 0.320 Thread 0x0000019cc395e9f0 Implicit null exception at 0x0000019ccf8cc072 to 0x0000019ccf8cc590
Event: 0.322 Thread 0x0000019cc395e9f0 Exception <a 'java/io/FileNotFoundException'{0x00000000eb7e2280}> (0x00000000eb7e2280) 
thrown [s\src\hotspot\share\prims\jni.cpp, line 516]

VM Operations (6 events):
Event: 0.084 Executing VM operation: HandshakeAllThreads
Event: 0.084 Executing VM operation: HandshakeAllThreads done
Event: 0.303 Executing VM operation: HandshakeAllThreads
Event: 0.303 Executing VM operation: HandshakeAllThreads done
Event: 0.311 Executing VM operation: HandshakeAllThreads
Event: 0.311 Executing VM operation: HandshakeAllThreads done

Events (20 events):
Event: 0.330 loading class java/nio/file/attribute/FileOwnerAttributeView done
Event: 0.330 loading class java/nio/file/attribute/AclFileAttributeView done
Event: 0.330 loading class sun/nio/fs/AbstractAclFileAttributeView done
Event: 0.330 loading class sun/nio/fs/WindowsAclFileAttributeView done
Event: 0.330 loading class sun/nio/fs/WindowsSecurity
Event: 0.330 loading class sun/nio/fs/WindowsSecurity done
Event: 0.330 loading class sun/nio/fs/WindowsFileStore
Event: 0.331 loading class java/nio/file/FileStore
Event: 0.331 loading class java/nio/file/FileStore done
Event: 0.331 loading class sun/nio/fs/WindowsFileStore done
Event: 0.333 loading class java/net/URLClassLoader$1
Event: 0.333 loading class java/net/URLClassLoader$1 done
Event: 0.347 loading class sun/security/x509/RFC822Name
Event: 0.347 loading class sun/security/x509/RFC822Name done
Event: 0.352 loading class sun/security/rsa/RSASignature$SHA384withRSA
Event: 0.353 loading class sun/security/rsa/RSASignature$SHA384withRSA done
Event: 0.353 loading class sun/security/provider/SHA5$SHA384
Event: 0.353 loading class sun/security/provider/SHA5
Event: 0.353 loading class sun/security/provider/SHA5 done
Event: 0.353 loading class sun/security/provider/SHA5$SHA384 done


Dynamic libraries:
0x00007ff75be10000 - 0x00007ff75be1e000 	c:\Users\Aless\.vscode\extensions\redhat.java-1.19.0-win32-x64\jre\17.0.7-win32-x86_64\bin\java.exe
0x00007ffcec410000 - 0x00007ffcec608000 	C:\Windows\SYSTEM32\ntdll.dll
0x00007ffcead10000 - 0x00007ffceadcf000 	C:\Windows\System32\KERNEL32.DLL
0x00007ffcea010000 - 0x00007ffcea306000 	C:\Windows\System32\KERNELBASE.dll
0x00007ffce9bc0000 - 0x00007ffce9cc0000 	C:\Windows\System32\ucrtbase.dll
0x00007ffce34b0000 - 0x00007ffce34c7000 	c:\Users\Aless\.vscode\extensions\redhat.java-1.19.0-win32-x64\jre\17.0.7-win32-x86_64\bin\jli.dll
0x00007ffce35c0000 - 0x00007ffce35d9000 	c:\Users\Aless\.vscode\extensions\redhat.java-1.19.0-win32-x64\jre\17.0.7-win32-x86_64\bin\VCRUNTIME140.dll
0x00007ffceaab0000 - 0x00007ffceac4d000 	C:\Windows\System32\USER32.dll
0x00007ffce9af0000 - 0x00007ffce9b12000 	C:\Windows\System32\win32u.dll
0x00007ffcd2210000 - 0x00007ffcd24aa000 	C:\Windows\WinSxS\amd64_microsoft.windows.common-controls_6595b64144ccf1df_6.0.19041.1110_none_60b5254171f9507e\COMCTL32.dll
0x00007ffceb320000 - 0x00007ffceb34c000 	C:\Windows\System32\GDI32.dll
0x00007ffceaa10000 - 0x00007ffceaaae000 	C:\Windows\System32\msvcrt.dll
0x00007ffce9e50000 - 0x00007ffce9f65000 	C:\Windows\System32\gdi32full.dll
0x00007ffce9f70000 - 0x00007ffcea00d000 	C:\Windows\System32\msvcp_win.dll
0x00007ffceb350000 - 0x00007ffceb380000 	C:\Windows\System32\IMM32.DLL
0x00007ffce54f0000 - 0x00007ffce54fc000 	c:\Users\Aless\.vscode\extensions\redhat.java-1.19.0-win32-x64\jre\17.0.7-win32-x86_64\bin\vcruntime140_1.dll
0x00007ffcc1eb0000 - 0x00007ffcc1f41000 	c:\Users\Aless\.vscode\extensions\redhat.java-1.19.0-win32-x64\jre\17.0.7-win32-x86_64\bin\msvcp140.dll
0x00007ffc8ebe0000 - 0x00007ffc8f828000 	c:\Users\Aless\.vscode\extensions\redhat.java-1.19.0-win32-x64\jre\17.0.7-win32-x86_64\bin\server\jvm.dll
0x00007ffceb380000 - 0x00007ffceb42f000 	C:\Windows\System32\ADVAPI32.dll
0x00007ffceac60000 - 0x00007ffceacfc000 	C:\Windows\System32\sechost.dll
0x00007ffcea8e0000 - 0x00007ffceaa06000 	C:\Windows\System32\RPCRT4.dll
0x00007ffcd3280000 - 0x00007ffcd3289000 	C:\Windows\SYSTEM32\WSOCK32.dll
0x00007ffceb430000 - 0x00007ffceb49b000 	C:\Windows\System32\WS2_32.dll
0x00007ffcdf710000 - 0x00007ffcdf71a000 	C:\Windows\SYSTEM32\VERSION.dll
0x00007ffcdf6e0000 - 0x00007ffcdf707000 	C:\Windows\SYSTEM32\WINMM.dll
0x00007ffce7980000 - 0x00007ffce7992000 	C:\Windows\SYSTEM32\kernel.appcore.dll
0x00007ffce48f0000 - 0x00007ffce48fa000 	c:\Users\Aless\.vscode\extensions\redhat.java-1.19.0-win32-x64\jre\17.0.7-win32-x86_64\bin\jimage.dll
0x00007ffcdfa10000 - 0x00007ffcdfbf4000 	C:\Windows\SYSTEM32\DBGHELP.DLL
0x00007ffcd2ca0000 - 0x00007ffcd2cd4000 	C:\Windows\SYSTEM32\dbgcore.DLL
0x00007ffce9dc0000 - 0x00007ffce9e42000 	C:\Windows\System32\bcryptPrimitives.dll
0x00007ffce3520000 - 0x00007ffce352e000 	c:\Users\Aless\.vscode\extensions\redhat.java-1.19.0-win32-x64\jre\17.0.7-win32-x86_64\bin\instrument.dll
0x00007ffcd8160000 - 0x00007ffcd8185000 	c:\Users\Aless\.vscode\extensions\redhat.java-1.19.0-win32-x64\jre\17.0.7-win32-x86_64\bin\java.dll
0x00007ffce3400000 - 0x00007ffce3418000 	c:\Users\Aless\.vscode\extensions\redhat.java-1.19.0-win32-x64\jre\17.0.7-win32-x86_64\bin\zip.dll
0x00007ffcebb50000 - 0x00007ffcec294000 	C:\Windows\System32\SHELL32.dll
0x00007ffce7ba0000 - 0x00007ffce8333000 	C:\Windows\SYSTEM32\windows.storage.dll
0x00007ffceb500000 - 0x00007ffceb854000 	C:\Windows\System32\combase.dll
0x00007ffce9540000 - 0x00007ffce956e000 	C:\Windows\SYSTEM32\Wldp.dll
0x00007ffceb270000 - 0x00007ffceb31d000 	C:\Windows\System32\SHCORE.dll
0x00007ffceb4a0000 - 0x00007ffceb4f5000 	C:\Windows\System32\shlwapi.dll
0x00007ffce9a30000 - 0x00007ffce9a4f000 	C:\Windows\SYSTEM32\profapi.dll
0x00007ffce1ff0000 - 0x00007ffce2009000 	C:\Users\Aless\.vscode\extensions\redhat.java-1.19.0-win32-x64\jre\17.0.7-win32-x86_64\bin\net.dll
0x00007ffce3ca0000 - 0x00007ffce3daa000 	C:\Windows\SYSTEM32\WINHTTP.dll
0x00007ffce91c0000 - 0x00007ffce922a000 	C:\Windows\system32\mswsock.dll
0x00007ffce14e0000 - 0x00007ffce14f5000 	C:\Users\Aless\.vscode\extensions\redhat.java-1.19.0-win32-x64\jre\17.0.7-win32-x86_64\bin\nio.dll
0x00007ffce33b0000 - 0x00007ffce33c0000 	c:\Users\Aless\.vscode\extensions\redhat.java-1.19.0-win32-x64\jre\17.0.7-win32-x86_64\bin\verify.dll

dbghelp: loaded successfully - version: 4.0.5 - missing functions: none
symbol engine: initialized successfully - sym options: 0x614 - pdb path: .;c:\Users\Aless\.vscode\extensions\redhat.java-1.19.0-win32-x64\jre\17.0.7-win32-x86_64\bin;C:\Windows\SYSTEM32;C:\Windows\WinSxS\amd64_microsoft.windows.common-controls_6595b64144ccf1df_6.0.19041.1110_none_60b5254171f9507e;c:\Users\Aless\.vscode\extensions\redhat.java-1.19.0-win32-x64\jre\17.0.7-win32-x86_64\bin\server

VM Arguments:
jvm_args: --add-modules=ALL-SYSTEM --add-opens=java.base/java.util=ALL-UNNAMED --add-opens=java.base/java.lang=ALL-UNNAMED --add-opens=java.base/sun.nio.fs=ALL-UNNAMED -Declipse.application=org.eclipse.jdt.ls.core.id1 -Dosgi.bundles.defaultStartLevel=4 -Declipse.product=org.eclipse.jdt.ls.core.product -Djava.import.generatesMetadataFilesAtProjectRoot=false -Dfile.encoding=utf8 -XX:+UseParallelGC -XX:GCTimeRatio=4 -XX:AdaptiveSizePolicyWeight=90 -Dsun.zip.disableMemoryMapping=true -Xmx1G -Xms100m -Xlog:disable -javaagent:c:\Users\Aless\.vscode\extensions\redhat.java-1.19.0-win32-x64\lombok\lombok-1.18.28.jar -XX:+HeapDumpOnOutOfMemoryError -XX:HeapDumpPath=c:\Users\Aless\AppData\Roaming\Code\User\workspaceStorage\b18c25d07db68503f5c91407cfb7b02b\redhat.java -Daether.dependencyCollector.impl=bf 
java_command: c:\Users\Aless\.vscode\extensions\redhat.java-1.19.0-win32-x64\server\plugins\org.eclipse.equinox.launcher_1.6.400.v20210924-0641.jar -configuration c:\Users\Aless\AppData\Roaming\Code\User\globalStorage\redhat.java\1.19.0\config_win -data c:\Users\Aless\AppData\Roaming\Code\User\workspaceStorage\b18c25d07db68503f5c91407cfb7b02b\redhat.java\jdt_ws
java_class_path (initial): c:\Users\Aless\.vscode\extensions\redhat.java-1.19.0-win32-x64\server\plugins\org.eclipse.equinox.launcher_1.6.400.v20210924-0641.jar
Launcher Type: SUN_STANDARD

[Global flags]
    uintx AdaptiveSizePolicyWeight                 = 90                                        {product} {command line}
     intx CICompilerCount                          = 4                                         {product} {ergonomic}
    uintx GCTimeRatio                              = 4                                         {product} {command line}
     bool HeapDumpOnOutOfMemoryError               = true                                   {manageable} {command line}
    ccstr HeapDumpPath                             = c:\Users\Aless\AppData\Roaming\Code\User\workspaceStorage\b18c25d07db68503f5c91407cfb7b02b\redhat.java         {manageable} {command line}
   size_t InitialHeapSize                          = 104857600                                 {product} {command line}
   size_t MaxHeapSize                              = 1073741824                                {product} {command line}
   size_t MaxNewSize                               = 357564416                                 {product} {ergonomic}
   size_t MinHeapDeltaBytes                        = 524288                                    {product} {ergonomic}
   size_t MinHeapSize                              = 104857600                                 {product} {command line}
   size_t NewSize                                  = 34603008                                  {product} {ergonomic}
    uintx NonNMethodCodeHeapSize                   = 5839372                                {pd product} {ergonomic}
    uintx NonProfiledCodeHeapSize                  = 122909434                              {pd product} {ergonomic}
   size_t OldSize                                  = 70254592                                  {product} {ergonomic}
    uintx ProfiledCodeHeapSize                     = 122909434                              {pd product} {ergonomic}
    uintx ReservedCodeCacheSize                    = 251658240                              {pd product} {ergonomic}
     bool SegmentedCodeCache                       = true                                      {product} {ergonomic}
   size_t SoftMaxHeapSize                          = 1073741824                             {manageable} {ergonomic}
     bool UseCompressedClassPointers               = true                           {product lp64_product} {ergonomic}
     bool UseCompressedOops                        = true                           {product lp64_product} {ergonomic}
     bool UseLargePagesIndividualAllocation        = false                                  {pd product} {ergonomic}
     bool UseParallelGC                            = true                                      {product} {command line}

Logging:
Log output configuration:
 #0: stdout all=off uptime,level,tags
 #1: stderr all=off uptime,level,tags

Environment Variables:
PATH=C:\Program Files\Common Files\Oracle\Java\javapath;C:\Python311\Scripts\;C:\Python311\;C:\Windows\system32;C:\Windows;C:\Windows\System32\Wbem;C:\Windows\System32\WindowsPowerShell\v1.0\;C:\Windows\System32\OpenSSH\;C:\Program Files\Git\cmd;C:\Program Files\nodejs\;C:\ProgramData\chocolatey\bin;C:\Users\Aless\AppData\Local\Microsoft\WindowsApps;C:\Users\Aless\AppData\Local\Programs\Microsoft VS Code\bin;C:\Users\Aless\AppData\Roaming\npm;C:\Users\Aless\AppData\Local\GitHubDesktop\bin
USERNAME=Aless
OS=Windows_NT
PROCESSOR_IDENTIFIER=AMD64 Family 25 Model 80 Stepping 0, AuthenticAMD
TMP=C:\Users\Aless\AppData\Local\Temp
TEMP=C:\Users\Aless\AppData\Local\Temp



---------------  S Y S T E M  ---------------

OS:
 Windows 10 , 64 bit Build 19041 (10.0.19041.3031)
OS uptime: 4 days 4:43 hours

CPU: total 12 (initial active 12) (12 cores per cpu, 2 threads per core) family 25 model 80 stepping 0 microcode 0x0, cx8, cmov, fxsr, ht, mmx, 3dnowpref, sse, sse2, sse3, ssse3, sse4a, sse4.1, sse4.2, popcnt, lzcnt, tsc, tscinvbit, avx, avx2, aes, erms, clmul, bmi1, bmi2, adx, sha, fma, vzeroupper, clflush, clflushopt

Memory: 4k page, system-wide physical 14245M (1780M free)
TotalPageFile size 42717M (AvailPageFile size 5M)
current process WorkingSet (physical memory assigned to process): 63M, peak: 64M
current process commit charge ("private bytes"): 207M, peak: 207M

vm_info: OpenJDK 64-Bit Server VM (17.0.7+7) for windows-amd64 JRE (17.0.7+7), built on Apr 18 2023 22:10:42 by "temurin" with MS VC++ 16.7 (VS2019)

END.
