#
# There is insufficient memory for the Java Runtime Environment to continue.
# Native memory allocation (malloc) failed to allocate 1128096 bytes for Chunk::new
# Possible reasons:
#   The system is out of physical RAM or swap space
#   The process is running with CompressedOops enabled, and the Java Heap may be blocking the growth of the native heap
# Possible solutions:
#   Reduce memory load on the system
#   Increase physical memory or swap space
#   Check if swap backing store is full
#   Decrease Java heap size (-Xmx/-Xms)
#   Decrease number of Java threads
#   Decrease Java thread stack sizes (-Xss)
#   Set larger code cache with -XX:ReservedCodeCacheSize=
#   JVM is running with Unscaled Compressed Oops mode in which the Java heap is
#     placed in the first 4GB address space. The Java Heap base address is the
#     maximum limit for the native heap growth. Please use -XX:HeapBaseMinAddress
#     to set the Java Heap base and to place the Java Heap above 4GB virtual address.
# This output file may be truncated or incomplete.
#
#  Out of Memory Error (arena.cpp:189), pid=15908, tid=14924
#
# JRE version: OpenJDK Runtime Environment Temurin-17.0.7+7 (17.0.7+7) (build 17.0.7+7)
# Java VM: OpenJDK 64-Bit Server VM Temurin-17.0.7+7 (17.0.7+7, mixed mode, tiered, compressed oops, compressed class ptrs, parallel gc, windows-amd64)
# No core dump will be written. Minidumps are not enabled by default on client versions of Windows
#

---------------  S U M M A R Y ------------

Command Line: --add-modules=ALL-SYSTEM --add-opens=java.base/java.util=ALL-UNNAMED --add-opens=java.base/java.lang=ALL-UNNAMED --add-opens=java.base/sun.nio.fs=ALL-UNNAMED -Declipse.application=org.eclipse.jdt.ls.core.id1 -Dosgi.bundles.defaultStartLevel=4 -Declipse.product=org.eclipse.jdt.ls.core.product -Djava.import.generatesMetadataFilesAtProjectRoot=false -Dfile.encoding=utf8 -XX:+UseParallelGC -XX:GCTimeRatio=4 -XX:AdaptiveSizePolicyWeight=90 -Dsun.zip.disableMemoryMapping=true -Xmx1G -Xms100m -Xlog:disable -javaagent:c:\Users\Aless\.vscode\extensions\redhat.java-1.19.0-win32-x64\lombok\lombok-1.18.28.jar -XX:+HeapDumpOnOutOfMemoryError -XX:HeapDumpPath=c:\Users\Aless\AppData\Roaming\Code\User\workspaceStorage\b18c25d07db68503f5c91407cfb7b02b\redhat.java -Daether.dependencyCollector.impl=bf c:\Users\Aless\.vscode\extensions\redhat.java-1.19.0-win32-x64\server\plugins\org.eclipse.equinox.launcher_1.6.400.v20210924-0641.jar -configuration c:\Users\Aless\AppData\Roaming\Code\User\globalStorage\redhat.java\1.19.0\config_win -data c:\Users\Aless\AppData\Roaming\Code\User\workspaceStorage\b18c25d07db68503f5c91407cfb7b02b\redhat.java\jdt_ws

Host: AMD Ryzen 5 5600G with Radeon Graphics         , 12 cores, 13G,  Windows 10 , 64 bit Build 19041 (10.0.19041.3031)
Time: Mon Jun 19 19:55:32 2023 ora legale Europa occidentale elapsed time: 973.538775 seconds (0d 0h 16m 13s)

---------------  T H R E A D  ---------------

Current thread (0x0000014b571d0460):  JavaThread "C2 CompilerThread0" daemon [_thread_in_native, id=14924, stack(0x0000002f37700000,0x0000002f37800000)]


Current CompileTask:
C2: 973538 20336 % !   4       org.eclipse.jdt.internal.core.NameLookup::<init> @ 202 (845 bytes)

Stack: [0x0000002f37700000,0x0000002f37800000]
Native frames: (J=compiled Java code, j=interpreted, Vv=VM code, C=native code)
V  [jvm.dll+0x67754a]
V  [jvm.dll+0x834304]
V  [jvm.dll+0x835aae]
V  [jvm.dll+0x836113]
V  [jvm.dll+0x24696f]
V  [jvm.dll+0xac0ac]
V  [jvm.dll+0xac67c]
V  [jvm.dll+0x2adbef]
V  [jvm.dll+0x580067]
V  [jvm.dll+0x221e72]
V  [jvm.dll+0x22224f]
V  [jvm.dll+0x21b4a5]
V  [jvm.dll+0x21895b]
V  [jvm.dll+0x1a4d8d]
V  [jvm.dll+0x2284da]
V  [jvm.dll+0x226615]
V  [jvm.dll+0x7ea90b]
V  [jvm.dll+0x7e4e7a]
V  [jvm.dll+0x676395]
C  [ucrtbase.dll+0x21bb2]
C  [KERNEL32.DLL+0x17614]
C  [ntdll.dll+0x526f1]


---------------  P R O C E S S  ---------------

Threads class SMR info:
_java_thread_list=0x0000014b5c7defd0, length=42, elements={
0x0000014b3e065230, 0x0000014b51ee3050, 0x0000014b51ee58f0, 0x0000014b5719eca0,
0x0000014b5719fb10, 0x0000014b571a0980, 0x0000014b571a1930, 0x0000014b571d0460,
0x0000014b571d16a0, 0x0000014b51eeea00, 0x0000014b5724f300, 0x0000014b57483eb0,
0x0000014b58d96090, 0x0000014b58ba7780, 0x0000014b58dea350, 0x0000014b592588c0,
0x0000014b594c5880, 0x0000014b5966e680, 0x0000014b59693a10, 0x0000014b59693070,
0x0000014b596956f0, 0x0000014b59696090, 0x0000014b59695220, 0x0000014b5c98fb40,
0x0000014b5c98f1a0, 0x0000014b5c992690, 0x0000014b5c98b7e0, 0x0000014b5c991350,
0x0000014b5c991820, 0x0000014b5c98ecd0, 0x0000014b5c98cff0, 0x0000014b59696560,
0x0000014b5aff8c30, 0x0000014b5affade0, 0x0000014b5c98d990, 0x0000014b5c98e330,
0x0000014b5c98de60, 0x0000014b5c9921c0, 0x0000014b5c990e80, 0x0000014b5c98cb20,
0x0000014b5ce891c0, 0x0000014b5ce89690
}

Java Threads: ( => current thread )
  0x0000014b3e065230 JavaThread "main" [_thread_blocked, id=18252, stack(0x0000002f36e00000,0x0000002f36f00000)]
  0x0000014b51ee3050 JavaThread "Reference Handler" daemon [_thread_blocked, id=3292, stack(0x0000002f37100000,0x0000002f37200000)]
  0x0000014b51ee58f0 JavaThread "Finalizer" daemon [_thread_blocked, id=7208, stack(0x0000002f37200000,0x0000002f37300000)]
  0x0000014b5719eca0 JavaThread "Signal Dispatcher" daemon [_thread_blocked, id=1584, stack(0x0000002f37300000,0x0000002f37400000)]
  0x0000014b5719fb10 JavaThread "Attach Listener" daemon [_thread_blocked, id=19104, stack(0x0000002f37400000,0x0000002f37500000)]
  0x0000014b571a0980 JavaThread "Service Thread" daemon [_thread_blocked, id=8184, stack(0x0000002f37500000,0x0000002f37600000)]
  0x0000014b571a1930 JavaThread "Monitor Deflation Thread" daemon [_thread_blocked, id=13164, stack(0x0000002f37600000,0x0000002f37700000)]
=>0x0000014b571d0460 JavaThread "C2 CompilerThread0" daemon [_thread_in_native, id=14924, stack(0x0000002f37700000,0x0000002f37800000)]
  0x0000014b571d16a0 JavaThread "C1 CompilerThread0" daemon [_thread_blocked, id=19356, stack(0x0000002f37800000,0x0000002f37900000)]
  0x0000014b51eeea00 JavaThread "Sweeper thread" daemon [_thread_blocked, id=23032, stack(0x0000002f37900000,0x0000002f37a00000)]
  0x0000014b5724f300 JavaThread "Common-Cleaner" daemon [_thread_blocked, id=3788, stack(0x0000002f37a00000,0x0000002f37b00000)]
  0x0000014b57483eb0 JavaThread "Notification Thread" daemon [_thread_blocked, id=16204, stack(0x0000002f37b00000,0x0000002f37c00000)]
  0x0000014b58d96090 JavaThread "Active Thread: Equinox Container: 076b0508-ac54-4b18-8740-0871818a5995" [_thread_blocked, id=21076, stack(0x0000002f38500000,0x0000002f38600000)]
  0x0000014b58ba7780 JavaThread "Framework Event Dispatcher: Equinox Container: 076b0508-ac54-4b18-8740-0871818a5995" daemon [_thread_blocked, id=19856, stack(0x0000002f37d00000,0x0000002f37e00000)]
  0x0000014b58dea350 JavaThread "Start Level: Equinox Container: 076b0508-ac54-4b18-8740-0871818a5995" daemon [_thread_blocked, id=9420, stack(0x0000002f37e00000,0x0000002f37f00000)]
  0x0000014b592588c0 JavaThread "SCR Component Actor" daemon [_thread_blocked, id=9136, stack(0x0000002f38600000,0x0000002f38700000)]
  0x0000014b594c5880 JavaThread "Worker-JM" [_thread_blocked, id=11104, stack(0x0000002f38900000,0x0000002f38a00000)]
  0x0000014b5966e680 JavaThread "Worker-0" [_thread_blocked, id=7244, stack(0x0000002f38d00000,0x0000002f38e00000)]
  0x0000014b59693a10 JavaThread "Java indexing" daemon [_thread_blocked, id=11984, stack(0x0000002f39000000,0x0000002f39100000)]
  0x0000014b59693070 JavaThread "JNA Cleaner" daemon [_thread_blocked, id=20100, stack(0x0000002f39100000,0x0000002f39200000)]
  0x0000014b596956f0 JavaThread "pool-2-thread-1" [_thread_blocked, id=15628, stack(0x0000002f39400000,0x0000002f39500000)]
  0x0000014b59696090 JavaThread "WorkspaceEventsHandler" [_thread_blocked, id=21028, stack(0x0000002f39500000,0x0000002f39600000)]
  0x0000014b59695220 JavaThread "pool-1-thread-1" [_thread_in_native, id=16316, stack(0x0000002f39600000,0x0000002f39700000)]
  0x0000014b5c98fb40 JavaThread "ForkJoinPool.commonPool-worker-1" daemon [_thread_blocked, id=12864, stack(0x0000002f39900000,0x0000002f39a00000)]
  0x0000014b5c98f1a0 JavaThread "ForkJoinPool.commonPool-worker-2" daemon [_thread_blocked, id=8144, stack(0x0000002f39a00000,0x0000002f39b00000)]
  0x0000014b5c992690 JavaThread "ForkJoinPool.commonPool-worker-3" daemon [_thread_blocked, id=676, stack(0x0000002f39b00000,0x0000002f39c00000)]
  0x0000014b5c98b7e0 JavaThread "ForkJoinPool.commonPool-worker-4" daemon [_thread_blocked, id=12712, stack(0x0000002f39c00000,0x0000002f39d00000)]
  0x0000014b5c991350 JavaThread "Bundle File Closer" daemon [_thread_blocked, id=23252, stack(0x0000002f39d00000,0x0000002f39e00000)]
  0x0000014b5c991820 JavaThread "ForkJoinPool.commonPool-worker-9" daemon [_thread_blocked, id=1404, stack(0x0000002f3a100000,0x0000002f3a200000)]
  0x0000014b5c98ecd0 JavaThread "ForkJoinPool.commonPool-worker-8" daemon [_thread_blocked, id=11064, stack(0x0000002f3a200000,0x0000002f3a300000)]
  0x0000014b5c98cff0 JavaThread "Java Debug Server" daemon [_thread_in_native, id=19916, stack(0x0000002f38c00000,0x0000002f38d00000)]
  0x0000014b59696560 JavaThread "RxSchedulerPurge-1" daemon [_thread_blocked, id=23460, stack(0x0000002f3aa00000,0x0000002f3ab00000)]
  0x0000014b5aff8c30 JavaThread "RxCachedWorkerPoolEvictor-1" daemon [_thread_blocked, id=20512, stack(0x0000002f3ab00000,0x0000002f3ac00000)]
  0x0000014b5affade0 JavaThread "ForkJoinPool.commonPool-worker-12" daemon [_thread_blocked, id=6164, stack(0x0000002f36b00000,0x0000002f36c00000)]
  0x0000014b5c98d990 JavaThread "Worker-4" [_thread_blocked, id=1528, stack(0x0000002f38800000,0x0000002f38900000)]
  0x0000014b5c98e330 JavaThread "ForkJoinPool.commonPool-worker-13" daemon [_thread_blocked, id=22916, stack(0x0000002f38e00000,0x0000002f38f00000)]
  0x0000014b5c98de60 JavaThread "ForkJoinPool.commonPool-worker-14" daemon [_thread_blocked, id=12420, stack(0x0000002f39200000,0x0000002f39300000)]
  0x0000014b5c9921c0 JavaThread "ForkJoinPool.commonPool-worker-15" daemon [_thread_blocked, id=1336, stack(0x0000002f39300000,0x0000002f39400000)]
  0x0000014b5c990e80 JavaThread "ForkJoinPool.commonPool-worker-16" daemon [_thread_blocked, id=19864, stack(0x0000002f36d00000,0x0000002f36e00000)]
  0x0000014b5c98cb20 JavaThread "Worker-5" [_thread_blocked, id=18908, stack(0x0000002f38f00000,0x0000002f39000000)]
  0x0000014b5ce891c0 JavaThread "Worker-6" [_thread_blocked, id=23020, stack(0x0000002f39700000,0x0000002f39800000)]
  0x0000014b5ce89690 JavaThread "pool-1-thread-5" [_thread_blocked, id=18836, stack(0x0000002f39f00000,0x0000002f3a000000)]

Other Threads:
  0x0000014b57193180 VMThread "VM Thread" [stack: 0x0000002f37000000,0x0000002f37100000] [id=17920]
  0x0000014b57484380 WatcherThread [stack: 0x0000002f37c00000,0x0000002f37d00000] [id=5220]
  0x0000014b3e0777c0 GCTaskThread "GC Thread#0" [stack: 0x0000002f36f00000,0x0000002f37000000] [id=9224]
  0x0000014b58e7a780 GCTaskThread "GC Thread#1" [stack: 0x0000002f37f00000,0x0000002f38000000] [id=1688]
  0x0000014b58e7b240 GCTaskThread "GC Thread#2" [stack: 0x0000002f38000000,0x0000002f38100000] [id=9960]
  0x0000014b58bdfb80 GCTaskThread "GC Thread#3" [stack: 0x0000002f38100000,0x0000002f38200000] [id=23520]
  0x0000014b58bdfe30 GCTaskThread "GC Thread#4" [stack: 0x0000002f38200000,0x0000002f38300000] [id=15876]
  0x0000014b58be00e0 GCTaskThread "GC Thread#5" [stack: 0x0000002f38300000,0x0000002f38400000] [id=21360]
  0x0000014b58be0390 GCTaskThread "GC Thread#6" [stack: 0x0000002f38400000,0x0000002f38500000] [id=16512]
  0x0000014b3be5e1f0 GCTaskThread "GC Thread#7" [stack: 0x0000002f38700000,0x0000002f38800000] [id=17192]
  0x0000014b58daf270 GCTaskThread "GC Thread#8" [stack: 0x0000002f38a00000,0x0000002f38b00000] [id=15960]
  0x0000014b58daf7d0 GCTaskThread "GC Thread#9" [stack: 0x0000002f38b00000,0x0000002f38c00000] [id=20856]

Threads with active compile tasks:
C2 CompilerThread0   973551 20336 % !   4       org.eclipse.jdt.internal.core.NameLookup::<init> @ 202 (845 bytes)

VM state: not at safepoint (normal execution)

VM Mutex/Monitor currently owned by a thread: None

Heap address: 0x00000000c0000000, size: 1024 MB, Compressed Oops mode: 32-bit

CDS archive(s) not mapped
Compressed class space mapped at: 0x0000000100000000-0x0000000140000000, reserved size: 1073741824
Narrow klass base: 0x0000000000000000, Narrow klass shift: 3, Narrow klass range: 0x140000000

GC Precious Log:
 CPUs: 12 total, 12 available
 Memory: 14245M
 Large Page Support: Disabled
 NUMA Support: Disabled
 Compressed Oops: Enabled (32-bit)
 Alignments: Space 512K, Generation 512K, Heap 2M
 Heap Min Capacity: 100M
 Heap Initial Capacity: 100M
 Heap Max Capacity: 1G
 Pre-touch: Disabled
 Parallel Workers: 10

Heap:
 PSYoungGen      total 10752K, used 6770K [0x00000000eab00000, 0x00000000ebb80000, 0x0000000100000000)
  eden space 5120K, 28% used [0x00000000eab00000,0x00000000eac6b138,0x00000000eb000000)
  from space 5632K, 94% used [0x00000000eb580000,0x00000000ebab1920,0x00000000ebb00000)
  to   space 5632K, 0% used [0x00000000eb000000,0x00000000eb000000,0x00000000eb580000)
 ParOldGen       total 164864K, used 151698K [0x00000000c0000000, 0x00000000ca100000, 0x00000000eab00000)
  object space 164864K, 92% used [0x00000000c0000000,0x00000000c9424b40,0x00000000ca100000)
 Metaspace       used 93000K, committed 94400K, reserved 1179648K
  class space    used 9687K, committed 10368K, reserved 1048576K

Card table byte_map: [0x0000014b3da10000,0x0000014b3dc20000] _byte_map_base: 0x0000014b3d410000

Marking Bits: (ParMarkBitMap*) 0x00007ffca17552c0
 Begin Bits: [0x0000014b4fcf0000, 0x0000014b50cf0000)
 End Bits:   [0x0000014b50cf0000, 0x0000014b51cf0000)

Polling page: 0x0000014b3bf90000

Metaspace:

Usage:
  Non-class:     81.36 MB used.
      Class:      9.46 MB used.
       Both:     90.82 MB used.

Virtual space:
  Non-class space:      128.00 MB reserved,      82.06 MB ( 64%) committed,  2 nodes.
      Class space:        1.00 GB reserved,      10.12 MB ( <1%) committed,  1 nodes.
             Both:        1.12 GB reserved,      92.19 MB (  8%) committed. 

Chunk freelists:
   Non-Class:  14.04 MB
       Class:  6.01 MB
        Both:  20.05 MB

MaxMetaspaceSize: unlimited
CompressedClassSpaceSize: 1.00 GB
Initial GC threshold: 21.00 MB
Current GC threshold: 153.44 MB
CDS: off
MetaspaceReclaimPolicy: balanced
 - commit_granule_bytes: 65536.
 - commit_granule_words: 8192.
 - virtual_space_node_default_size: 8388608.
 - enlarge_chunks_in_place: 1.
 - new_chunks_are_fully_committed: 0.
 - uncommit_free_chunks: 1.
 - use_allocation_guard: 0.
 - handle_deallocations: 1.


Internal statistics:

num_allocs_failed_limit: 9.
num_arena_births: 1098.
num_arena_deaths: 284.
num_vsnodes_births: 3.
num_vsnodes_deaths: 0.
num_space_committed: 1475.
num_space_uncommitted: 0.
num_chunks_returned_to_freelist: 342.
num_chunks_taken_from_freelist: 5045.
num_chunk_merges: 108.
num_chunk_splits: 3075.
num_chunks_enlarged: 1717.
num_inconsistent_stats: 0.

CodeHeap 'non-profiled nmethods': size=120000Kb used=15433Kb max_used=15666Kb free=104566Kb
 bounds [0x0000014b487c0000, 0x0000014b49710000, 0x0000014b4fcf0000]
CodeHeap 'profiled nmethods': size=120000Kb used=33724Kb max_used=34109Kb free=86275Kb
 bounds [0x0000014b40cf0000, 0x0000014b42e50000, 0x0000014b48220000]
CodeHeap 'non-nmethods': size=5760Kb used=1444Kb max_used=1529Kb free=4315Kb
 bounds [0x0000014b48220000, 0x0000014b48490000, 0x0000014b487c0000]
 total_blobs=16421 nmethods=15617 adapters=709
 compilation: enabled
              stopped_count=0, restarted_count=0
 full_count=0

Compilation events (20 events):
Event: 973.470 Thread 0x0000014b571d16a0 nmethod 20333 0x0000014b41f2f710 code [0x0000014b41f2f8e0, 0x0000014b41f2fb78]
Event: 973.470 Thread 0x0000014b571d16a0 20334       3       org.eclipse.jdt.internal.compiler.parser.SourceTypeConverter::<init> (13 bytes)
Event: 973.470 Thread 0x0000014b571d16a0 nmethod 20334 0x0000014b4208cd90 code [0x0000014b4208cf20, 0x0000014b4208d088]
Event: 973.476 Thread 0x0000014b571d0460 20335       4       org.eclipse.jdt.internal.compiler.lookup.SourceTypeBinding::canBeSeenBy (39 bytes)
Event: 973.478 Thread 0x0000014b571d0460 nmethod 20335 0x0000014b49241710 code [0x0000014b492418c0, 0x0000014b49241ac8]
Event: 973.479 Thread 0x0000014b571d0460 20336 % !   4       org.eclipse.jdt.internal.core.NameLookup::<init> @ 202 (845 bytes)
Event: 973.484 Thread 0x0000014b571d16a0 20337       3       org.eclipse.jdt.internal.corext.dom.SelectionAnalyzer::isFirstNode (11 bytes)
Event: 973.484 Thread 0x0000014b571d16a0 nmethod 20337 0x0000014b42157810 code [0x0000014b421579a0, 0x0000014b42157b18]
Event: 973.487 Thread 0x0000014b571d16a0 20338       3       org.eclipse.jdt.internal.compiler.parser.Parser::goForBlockStatementsopt (15 bytes)
Event: 973.487 Thread 0x0000014b571d16a0 nmethod 20338 0x0000014b42157490 code [0x0000014b42157620, 0x0000014b42157738]
Event: 973.490 Thread 0x0000014b571d16a0 20340       3       org.eclipse.jdt.internal.compiler.util.HashtableOfType::put (113 bytes)
Event: 973.491 Thread 0x0000014b571d16a0 nmethod 20340 0x0000014b41a9f810 code [0x0000014b41a9fa40, 0x0000014b41aa0328]
Event: 973.491 Thread 0x0000014b571d16a0 20341       3       org.eclipse.jdt.internal.corext.codemanipulation.GetterSetterUtil::getSetterName (29 bytes)
Event: 973.491 Thread 0x0000014b571d16a0 nmethod 20341 0x0000014b41fc3890 code [0x0000014b41fc3a60, 0x0000014b41fc3d68]
Event: 973.491 Thread 0x0000014b571d16a0 20342       3       org.eclipse.jdt.internal.core.manipulation.StubUtility::useIsForBooleanGetters (10 bytes)
Event: 973.491 Thread 0x0000014b571d16a0 nmethod 20342 0x0000014b42156f90 code [0x0000014b42157140, 0x0000014b421572f8]
Event: 973.491 Thread 0x0000014b571d16a0 20343       3       org.eclipse.jdt.core.NamingConventions::suggestSetterName (19 bytes)
Event: 973.491 Thread 0x0000014b571d16a0 nmethod 20343 0x0000014b41f52e10 code [0x0000014b41f53000, 0x0000014b41f53448]
Event: 973.491 Thread 0x0000014b571d16a0 20344       3       org.eclipse.jdt.core.NamingConventions::suggestSetterName (119 bytes)
Event: 973.491 Thread 0x0000014b571d16a0 nmethod 20344 0x0000014b416ac110 code [0x0000014b416ac3c0, 0x0000014b416ace18]

GC Heap History (20 events):
Event: 973.443 GC heap before
{Heap before GC invocations=1698 (full 42):
 PSYoungGen      total 6656K, used 6629K [0x00000000eab00000, 0x00000000eba00000, 0x0000000100000000)
  eden space 4096K, 100% used [0x00000000eab00000,0x00000000eaf00000,0x00000000eaf00000)
  from space 2560K, 98% used [0x00000000eb380000,0x00000000eb5f9540,0x00000000eb600000)
  to   space 4608K, 0% used [0x00000000eaf00000,0x00000000eaf00000,0x00000000eb380000)
 ParOldGen       total 164864K, used 128047K [0x00000000c0000000, 0x00000000ca100000, 0x00000000eab00000)
  object space 164864K, 77% used [0x00000000c0000000,0x00000000c7d0be60,0x00000000ca100000)
 Metaspace       used 92997K, committed 94400K, reserved 1179648K
  class space    used 9687K, committed 10368K, reserved 1048576K
}
Event: 973.444 GC heap after
{Heap after GC invocations=1698 (full 42):
 PSYoungGen      total 8704K, used 4591K [0x00000000eab00000, 0x00000000eba00000, 0x0000000100000000)
  eden space 4096K, 0% used [0x00000000eab00000,0x00000000eab00000,0x00000000eaf00000)
  from space 4608K, 99% used [0x00000000eaf00000,0x00000000eb37be30,0x00000000eb380000)
  to   space 2560K, 0% used [0x00000000eb380000,0x00000000eb380000,0x00000000eb600000)
 ParOldGen       total 164864K, used 130103K [0x00000000c0000000, 0x00000000ca100000, 0x00000000eab00000)
  object space 164864K, 78% used [0x00000000c0000000,0x00000000c7f0de60,0x00000000ca100000)
 Metaspace       used 92997K, committed 94400K, reserved 1179648K
  class space    used 9687K, committed 10368K, reserved 1048576K
}
Event: 973.449 GC heap before
{Heap before GC invocations=1699 (full 42):
 PSYoungGen      total 8704K, used 8687K [0x00000000eab00000, 0x00000000eba00000, 0x0000000100000000)
  eden space 4096K, 99% used [0x00000000eab00000,0x00000000eaefff78,0x00000000eaf00000)
  from space 4608K, 99% used [0x00000000eaf00000,0x00000000eb37be30,0x00000000eb380000)
  to   space 2560K, 0% used [0x00000000eb380000,0x00000000eb380000,0x00000000eb600000)
 ParOldGen       total 164864K, used 130103K [0x00000000c0000000, 0x00000000ca100000, 0x00000000eab00000)
  object space 164864K, 78% used [0x00000000c0000000,0x00000000c7f0de60,0x00000000ca100000)
 Metaspace       used 92997K, committed 94400K, reserved 1179648K
  class space    used 9687K, committed 10368K, reserved 1048576K
}
Event: 973.451 GC heap after
{Heap after GC invocations=1699 (full 42):
 PSYoungGen      total 6656K, used 2539K [0x00000000eab00000, 0x00000000eba00000, 0x0000000100000000)
  eden space 4096K, 0% used [0x00000000eab00000,0x00000000eab00000,0x00000000eaf00000)
  from space 2560K, 99% used [0x00000000eb380000,0x00000000eb5faff8,0x00000000eb600000)
  to   space 4608K, 0% used [0x00000000eaf00000,0x00000000eaf00000,0x00000000eb380000)
 ParOldGen       total 164864K, used 136013K [0x00000000c0000000, 0x00000000ca100000, 0x00000000eab00000)
  object space 164864K, 82% used [0x00000000c0000000,0x00000000c84d3730,0x00000000ca100000)
 Metaspace       used 92997K, committed 94400K, reserved 1179648K
  class space    used 9687K, committed 10368K, reserved 1048576K
}
Event: 973.453 GC heap before
{Heap before GC invocations=1700 (full 42):
 PSYoungGen      total 6656K, used 6635K [0x00000000eab00000, 0x00000000eba00000, 0x0000000100000000)
  eden space 4096K, 99% used [0x00000000eab00000,0x00000000eaefff58,0x00000000eaf00000)
  from space 2560K, 99% used [0x00000000eb380000,0x00000000eb5faff8,0x00000000eb600000)
  to   space 4608K, 0% used [0x00000000eaf00000,0x00000000eaf00000,0x00000000eb380000)
 ParOldGen       total 164864K, used 136013K [0x00000000c0000000, 0x00000000ca100000, 0x00000000eab00000)
  object space 164864K, 82% used [0x00000000c0000000,0x00000000c84d3730,0x00000000ca100000)
 Metaspace       used 92997K, committed 94400K, reserved 1179648K
  class space    used 9687K, committed 10368K, reserved 1048576K
}
Event: 973.454 GC heap after
{Heap after GC invocations=1700 (full 42):
 PSYoungGen      total 8704K, used 4587K [0x00000000eab00000, 0x00000000eba00000, 0x0000000100000000)
  eden space 4096K, 0% used [0x00000000eab00000,0x00000000eab00000,0x00000000eaf00000)
  from space 4608K, 99% used [0x00000000eaf00000,0x00000000eb37aff8,0x00000000eb380000)
  to   space 2560K, 0% used [0x00000000eb380000,0x00000000eb380000,0x00000000eb600000)
 ParOldGen       total 164864K, used 137444K [0x00000000c0000000, 0x00000000ca100000, 0x00000000eab00000)
  object space 164864K, 83% used [0x00000000c0000000,0x00000000c8639168,0x00000000ca100000)
 Metaspace       used 92997K, committed 94400K, reserved 1179648K
  class space    used 9687K, committed 10368K, reserved 1048576K
}
Event: 973.456 GC heap before
{Heap before GC invocations=1701 (full 42):
 PSYoungGen      total 8704K, used 8683K [0x00000000eab00000, 0x00000000eba00000, 0x0000000100000000)
  eden space 4096K, 100% used [0x00000000eab00000,0x00000000eaf00000,0x00000000eaf00000)
  from space 4608K, 99% used [0x00000000eaf00000,0x00000000eb37aff8,0x00000000eb380000)
  to   space 2560K, 0% used [0x00000000eb380000,0x00000000eb380000,0x00000000eb600000)
 ParOldGen       total 164864K, used 137444K [0x00000000c0000000, 0x00000000ca100000, 0x00000000eab00000)
  object space 164864K, 83% used [0x00000000c0000000,0x00000000c8639168,0x00000000ca100000)
 Metaspace       used 92997K, committed 94400K, reserved 1179648K
  class space    used 9687K, committed 10368K, reserved 1048576K
}
Event: 973.457 GC heap after
{Heap after GC invocations=1701 (full 42):
 PSYoungGen      total 6656K, used 2559K [0x00000000eab00000, 0x00000000eba00000, 0x0000000100000000)
  eden space 4096K, 0% used [0x00000000eab00000,0x00000000eab00000,0x00000000eaf00000)
  from space 2560K, 99% used [0x00000000eb380000,0x00000000eb5ffdd8,0x00000000eb600000)
  to   space 4608K, 0% used [0x00000000eaf00000,0x00000000eaf00000,0x00000000eb380000)
 ParOldGen       total 164864K, used 143058K [0x00000000c0000000, 0x00000000ca100000, 0x00000000eab00000)
  object space 164864K, 86% used [0x00000000c0000000,0x00000000c8bb4a90,0x00000000ca100000)
 Metaspace       used 92997K, committed 94400K, reserved 1179648K
  class space    used 9687K, committed 10368K, reserved 1048576K
}
Event: 973.458 GC heap before
{Heap before GC invocations=1702 (full 42):
 PSYoungGen      total 6656K, used 6655K [0x00000000eab00000, 0x00000000eba00000, 0x0000000100000000)
  eden space 4096K, 99% used [0x00000000eab00000,0x00000000eaeffff8,0x00000000eaf00000)
  from space 2560K, 99% used [0x00000000eb380000,0x00000000eb5ffdd8,0x00000000eb600000)
  to   space 4608K, 0% used [0x00000000eaf00000,0x00000000eaf00000,0x00000000eb380000)
 ParOldGen       total 164864K, used 143058K [0x00000000c0000000, 0x00000000ca100000, 0x00000000eab00000)
  object space 164864K, 86% used [0x00000000c0000000,0x00000000c8bb4a90,0x00000000ca100000)
 Metaspace       used 92997K, committed 94400K, reserved 1179648K
  class space    used 9687K, committed 10368K, reserved 1048576K
}
Event: 973.460 GC heap after
{Heap after GC invocations=1702 (full 42):
 PSYoungGen      total 8704K, used 4596K [0x00000000eab00000, 0x00000000eba00000, 0x0000000100000000)
  eden space 4096K, 0% used [0x00000000eab00000,0x00000000eab00000,0x00000000eaf00000)
  from space 4608K, 99% used [0x00000000eaf00000,0x00000000eb37d1d8,0x00000000eb380000)
  to   space 2560K, 0% used [0x00000000eb380000,0x00000000eb380000,0x00000000eb600000)
 ParOldGen       total 164864K, used 144679K [0x00000000c0000000, 0x00000000ca100000, 0x00000000eab00000)
  object space 164864K, 87% used [0x00000000c0000000,0x00000000c8d49c90,0x00000000ca100000)
 Metaspace       used 92997K, committed 94400K, reserved 1179648K
  class space    used 9687K, committed 10368K, reserved 1048576K
}
Event: 973.463 GC heap before
{Heap before GC invocations=1703 (full 42):
 PSYoungGen      total 8704K, used 8692K [0x00000000eab00000, 0x00000000eba00000, 0x0000000100000000)
  eden space 4096K, 100% used [0x00000000eab00000,0x00000000eaf00000,0x00000000eaf00000)
  from space 4608K, 99% used [0x00000000eaf00000,0x00000000eb37d1d8,0x00000000eb380000)
  to   space 2560K, 0% used [0x00000000eb380000,0x00000000eb380000,0x00000000eb600000)
 ParOldGen       total 164864K, used 144679K [0x00000000c0000000, 0x00000000ca100000, 0x00000000eab00000)
  object space 164864K, 87% used [0x00000000c0000000,0x00000000c8d49c90,0x00000000ca100000)
 Metaspace       used 92997K, committed 94400K, reserved 1179648K
  class space    used 9687K, committed 10368K, reserved 1048576K
}
Event: 973.465 GC heap after
{Heap after GC invocations=1703 (full 42):
 PSYoungGen      total 6656K, used 2547K [0x00000000eab00000, 0x00000000eba00000, 0x0000000100000000)
  eden space 4096K, 0% used [0x00000000eab00000,0x00000000eab00000,0x00000000eaf00000)
  from space 2560K, 99% used [0x00000000eb380000,0x00000000eb5fced8,0x00000000eb600000)
  to   space 4608K, 0% used [0x00000000eaf00000,0x00000000eaf00000,0x00000000eb380000)
 ParOldGen       total 164864K, used 150682K [0x00000000c0000000, 0x00000000ca100000, 0x00000000eab00000)
  object space 164864K, 91% used [0x00000000c0000000,0x00000000c9326890,0x00000000ca100000)
 Metaspace       used 92997K, committed 94400K, reserved 1179648K
  class space    used 9687K, committed 10368K, reserved 1048576K
}
Event: 973.471 GC heap before
{Heap before GC invocations=1704 (full 42):
 PSYoungGen      total 6656K, used 6643K [0x00000000eab00000, 0x00000000eba00000, 0x0000000100000000)
  eden space 4096K, 100% used [0x00000000eab00000,0x00000000eaf00000,0x00000000eaf00000)
  from space 2560K, 99% used [0x00000000eb380000,0x00000000eb5fced8,0x00000000eb600000)
  to   space 4608K, 0% used [0x00000000eaf00000,0x00000000eaf00000,0x00000000eb380000)
 ParOldGen       total 164864K, used 150682K [0x00000000c0000000, 0x00000000ca100000, 0x00000000eab00000)
  object space 164864K, 91% used [0x00000000c0000000,0x00000000c9326890,0x00000000ca100000)
 Metaspace       used 92998K, committed 94400K, reserved 1179648K
  class space    used 9687K, committed 10368K, reserved 1048576K
}
Event: 973.472 GC heap after
{Heap after GC invocations=1704 (full 42):
 PSYoungGen      total 8704K, used 4487K [0x00000000eab00000, 0x00000000ebb80000, 0x0000000100000000)
  eden space 4096K, 0% used [0x00000000eab00000,0x00000000eab00000,0x00000000eaf00000)
  from space 4608K, 97% used [0x00000000eaf00000,0x00000000eb361f40,0x00000000eb380000)
  to   space 6144K, 0% used [0x00000000eb580000,0x00000000eb580000,0x00000000ebb80000)
 ParOldGen       total 164864K, used 150810K [0x00000000c0000000, 0x00000000ca100000, 0x00000000eab00000)
  object space 164864K, 91% used [0x00000000c0000000,0x00000000c9346890,0x00000000ca100000)
 Metaspace       used 92998K, committed 94400K, reserved 1179648K
  class space    used 9687K, committed 10368K, reserved 1048576K
}
Event: 973.476 GC heap before
{Heap before GC invocations=1705 (full 42):
 PSYoungGen      total 8704K, used 8583K [0x00000000eab00000, 0x00000000ebb80000, 0x0000000100000000)
  eden space 4096K, 100% used [0x00000000eab00000,0x00000000eaf00000,0x00000000eaf00000)
  from space 4608K, 97% used [0x00000000eaf00000,0x00000000eb361f40,0x00000000eb380000)
  to   space 6144K, 0% used [0x00000000eb580000,0x00000000eb580000,0x00000000ebb80000)
 ParOldGen       total 164864K, used 150810K [0x00000000c0000000, 0x00000000ca100000, 0x00000000eab00000)
  object space 164864K, 91% used [0x00000000c0000000,0x00000000c9346890,0x00000000ca100000)
 Metaspace       used 92998K, committed 94400K, reserved 1179648K
  class space    used 9687K, committed 10368K, reserved 1048576K
}
Event: 973.477 GC heap after
{Heap after GC invocations=1705 (full 42):
 PSYoungGen      total 9728K, used 4924K [0x00000000eab00000, 0x00000000eba80000, 0x0000000100000000)
  eden space 4608K, 0% used [0x00000000eab00000,0x00000000eab00000,0x00000000eaf80000)
  from space 5120K, 96% used [0x00000000eb580000,0x00000000eba4f140,0x00000000eba80000)
  to   space 5120K, 0% used [0x00000000eb080000,0x00000000eb080000,0x00000000eb580000)
 ParOldGen       total 164864K, used 151066K [0x00000000c0000000, 0x00000000ca100000, 0x00000000eab00000)
  object space 164864K, 91% used [0x00000000c0000000,0x00000000c9386890,0x00000000ca100000)
 Metaspace       used 92998K, committed 94400K, reserved 1179648K
  class space    used 9687K, committed 10368K, reserved 1048576K
}
Event: 973.481 GC heap before
{Heap before GC invocations=1706 (full 42):
 PSYoungGen      total 9728K, used 9532K [0x00000000eab00000, 0x00000000eba80000, 0x0000000100000000)
  eden space 4608K, 100% used [0x00000000eab00000,0x00000000eaf80000,0x00000000eaf80000)
  from space 5120K, 96% used [0x00000000eb580000,0x00000000eba4f140,0x00000000eba80000)
  to   space 5120K, 0% used [0x00000000eb080000,0x00000000eb080000,0x00000000eb580000)
 ParOldGen       total 164864K, used 151066K [0x00000000c0000000, 0x00000000ca100000, 0x00000000eab00000)
  object space 164864K, 91% used [0x00000000c0000000,0x00000000c9386890,0x00000000ca100000)
 Metaspace       used 92998K, committed 94400K, reserved 1179648K
  class space    used 9687K, committed 10368K, reserved 1048576K
}
Event: 973.482 GC heap after
{Heap after GC invocations=1706 (full 42):
 PSYoungGen      total 10240K, used 5090K [0x00000000eab00000, 0x00000000ebb00000, 0x0000000100000000)
  eden space 5120K, 0% used [0x00000000eab00000,0x00000000eab00000,0x00000000eb000000)
  from space 5120K, 99% used [0x00000000eb080000,0x00000000eb578840,0x00000000eb580000)
  to   space 5632K, 0% used [0x00000000eb580000,0x00000000eb580000,0x00000000ebb00000)
 ParOldGen       total 164864K, used 151114K [0x00000000c0000000, 0x00000000ca100000, 0x00000000eab00000)
  object space 164864K, 91% used [0x00000000c0000000,0x00000000c9392890,0x00000000ca100000)
 Metaspace       used 92998K, committed 94400K, reserved 1179648K
  class space    used 9687K, committed 10368K, reserved 1048576K
}
Event: 973.488 GC heap before
{Heap before GC invocations=1707 (full 42):
 PSYoungGen      total 10240K, used 10210K [0x00000000eab00000, 0x00000000ebb00000, 0x0000000100000000)
  eden space 5120K, 100% used [0x00000000eab00000,0x00000000eb000000,0x00000000eb000000)
  from space 5120K, 99% used [0x00000000eb080000,0x00000000eb578840,0x00000000eb580000)
  to   space 5632K, 0% used [0x00000000eb580000,0x00000000eb580000,0x00000000ebb00000)
 ParOldGen       total 164864K, used 151114K [0x00000000c0000000, 0x00000000ca100000, 0x00000000eab00000)
  object space 164864K, 91% used [0x00000000c0000000,0x00000000c9392890,0x00000000ca100000)
 Metaspace       used 92998K, committed 94400K, reserved 1179648K
  class space    used 9687K, committed 10368K, reserved 1048576K
}
Event: 973.489 GC heap after
{Heap after GC invocations=1707 (full 42):
 PSYoungGen      total 10752K, used 5318K [0x00000000eab00000, 0x00000000ebb80000, 0x0000000100000000)
  eden space 5120K, 0% used [0x00000000eab00000,0x00000000eab00000,0x00000000eb000000)
  from space 5632K, 94% used [0x00000000eb580000,0x00000000ebab1920,0x00000000ebb00000)
  to   space 5632K, 0% used [0x00000000eb000000,0x00000000eb000000,0x00000000eb580000)
 ParOldGen       total 164864K, used 151698K [0x00000000c0000000, 0x00000000ca100000, 0x00000000eab00000)
  object space 164864K, 92% used [0x00000000c0000000,0x00000000c9424b40,0x00000000ca100000)
 Metaspace       used 92998K, committed 94400K, reserved 1179648K
  class space    used 9687K, committed 10368K, reserved 1048576K
}

Dll operation events (11 events):
Event: 0.005 Loaded shared library c:\Users\Aless\.vscode\extensions\redhat.java-1.19.0-win32-x64\jre\17.0.7-win32-x86_64\bin\java.dll
Event: 0.116 Loaded shared library c:\Users\Aless\.vscode\extensions\redhat.java-1.19.0-win32-x64\jre\17.0.7-win32-x86_64\bin\zip.dll
Event: 0.119 Loaded shared library C:\Users\Aless\.vscode\extensions\redhat.java-1.19.0-win32-x64\jre\17.0.7-win32-x86_64\bin\instrument.dll
Event: 0.128 Loaded shared library C:\Users\Aless\.vscode\extensions\redhat.java-1.19.0-win32-x64\jre\17.0.7-win32-x86_64\bin\net.dll
Event: 0.130 Loaded shared library C:\Users\Aless\.vscode\extensions\redhat.java-1.19.0-win32-x64\jre\17.0.7-win32-x86_64\bin\nio.dll
Event: 0.135 Loaded shared library C:\Users\Aless\.vscode\extensions\redhat.java-1.19.0-win32-x64\jre\17.0.7-win32-x86_64\bin\zip.dll
Event: 0.145 Loaded shared library C:\Users\Aless\.vscode\extensions\redhat.java-1.19.0-win32-x64\jre\17.0.7-win32-x86_64\bin\jimage.dll
Event: 0.187 Loaded shared library c:\Users\Aless\.vscode\extensions\redhat.java-1.19.0-win32-x64\jre\17.0.7-win32-x86_64\bin\verify.dll
Event: 2.477 Loaded shared library C:\Users\Aless\AppData\Roaming\Code\User\globalStorage\redhat.java\1.19.0\config_win\org.eclipse.equinox.launcher\org.eclipse.equinox.launcher.win32.win32.x86_64_1.2.700.v20221108-1024\eclipse_11801.dll
Event: 4.760 Loaded shared library C:\Users\Aless\AppData\Local\Temp\jna-63347034\jna8341023012648078574.dll
Event: 10.395 Loaded shared library C:\Users\Aless\.vscode\extensions\redhat.java-1.19.0-win32-x64\jre\17.0.7-win32-x86_64\bin\sunmscapi.dll

Deoptimization events (20 events):
Event: 941.920 Thread 0x0000014b5c98fb40 Uncommon trap: trap_request=0xffffff45 fr.pc=0x0000014b493bb13c relative=0x0000000000005d1c
Event: 941.920 Thread 0x0000014b5c98fb40 Uncommon trap: reason=unstable_if action=reinterpret pc=0x0000014b493bb13c method=org.eclipse.jdt.internal.compiler.lookup.ReferenceBinding.computeId()V @ 1359 c2
Event: 941.920 Thread 0x0000014b5c98fb40 DEOPT PACKING pc=0x0000014b493bb13c sp=0x0000002f399fd450
Event: 941.920 Thread 0x0000014b5c98fb40 DEOPT UNPACKING pc=0x0000014b482766a3 sp=0x0000002f399fd3d0 mode 2
Event: 970.214 Thread 0x0000014b5affade0 Uncommon trap: trap_request=0xffffffd6 fr.pc=0x0000014b496edb3c relative=0x000000000000121c
Event: 970.214 Thread 0x0000014b5affade0 Uncommon trap: reason=array_check action=maybe_recompile pc=0x0000014b496edb3c method=java.util.TimSort.mergeLo(IIII)V @ 375 c2
Event: 970.214 Thread 0x0000014b5affade0 DEOPT PACKING pc=0x0000014b496edb3c sp=0x0000002f36bfdea0
Event: 970.214 Thread 0x0000014b5affade0 DEOPT UNPACKING pc=0x0000014b482766a3 sp=0x0000002f36bfde70 mode 2
Event: 970.222 Thread 0x0000014b5affade0 Uncommon trap: trap_request=0xffffffd6 fr.pc=0x0000014b496edb3c relative=0x000000000000121c
Event: 970.222 Thread 0x0000014b5affade0 Uncommon trap: reason=array_check action=maybe_recompile pc=0x0000014b496edb3c method=java.util.TimSort.mergeLo(IIII)V @ 375 c2
Event: 970.222 Thread 0x0000014b5affade0 DEOPT PACKING pc=0x0000014b496edb3c sp=0x0000002f36bfdba0
Event: 970.222 Thread 0x0000014b5affade0 DEOPT UNPACKING pc=0x0000014b482766a3 sp=0x0000002f36bfdb70 mode 2
Event: 970.248 Thread 0x0000014b5affade0 DEOPT PACKING pc=0x0000014b422c162d sp=0x0000002f36bfe680
Event: 970.248 Thread 0x0000014b5affade0 DEOPT UNPACKING pc=0x0000014b48276e43 sp=0x0000002f36bfdb30 mode 0
Event: 970.661 Thread 0x0000014b5966e680 DEOPT PACKING pc=0x0000014b42c79c2b sp=0x0000002f38dfe900
Event: 970.661 Thread 0x0000014b5966e680 DEOPT UNPACKING pc=0x0000014b48276e43 sp=0x0000002f38dfddf0 mode 0
Event: 973.475 Thread 0x0000014b5affade0 Uncommon trap: trap_request=0xffffff45 fr.pc=0x0000014b491c614c relative=0x000000000000052c
Event: 973.475 Thread 0x0000014b5affade0 Uncommon trap: reason=unstable_if action=reinterpret pc=0x0000014b491c614c method=org.eclipse.jdt.internal.compiler.util.HashtableOfType.put([CLorg/eclipse/jdt/internal/compiler/lookup/ReferenceBinding;)Lorg/eclipse/jdt/internal/compiler/lookup/ReferenceB
Event: 973.475 Thread 0x0000014b5affade0 DEOPT PACKING pc=0x0000014b491c614c sp=0x0000002f36bfd910
Event: 973.475 Thread 0x0000014b5affade0 DEOPT UNPACKING pc=0x0000014b482766a3 sp=0x0000002f36bfd890 mode 2

Classes unloaded (20 events):
Event: 944.328 Thread 0x0000014b57193180 Unloading class 0x00000001001a2000 'java/lang/invoke/LambdaForm$MH+0x00000001001a2000'
Event: 944.328 Thread 0x0000014b57193180 Unloading class 0x00000001001a1c00 'java/lang/invoke/LambdaForm$MH+0x00000001001a1c00'
Event: 944.328 Thread 0x0000014b57193180 Unloading class 0x00000001001a1800 'java/lang/invoke/LambdaForm$MH+0x00000001001a1800'
Event: 944.328 Thread 0x0000014b57193180 Unloading class 0x00000001001a1000 'java/lang/invoke/LambdaForm$MH+0x00000001001a1000'
Event: 944.328 Thread 0x0000014b57193180 Unloading class 0x00000001001a0c00 'java/lang/invoke/LambdaForm$MH+0x00000001001a0c00'
Event: 944.328 Thread 0x0000014b57193180 Unloading class 0x00000001001a0800 'java/lang/invoke/LambdaForm$MH+0x00000001001a0800'
Event: 944.328 Thread 0x0000014b57193180 Unloading class 0x00000001001a0000 'java/lang/invoke/LambdaForm$MH+0x00000001001a0000'
Event: 944.573 Thread 0x0000014b57193180 Unloading class 0x000000010097dc00 'jdk/internal/reflect/GeneratedMethodAccessor38'
Event: 944.573 Thread 0x0000014b57193180 Unloading class 0x000000010097d800 'jdk/internal/reflect/GeneratedMethodAccessor37'
Event: 944.573 Thread 0x0000014b57193180 Unloading class 0x000000010097d400 'jdk/internal/reflect/GeneratedMethodAccessor36'
Event: 944.573 Thread 0x0000014b57193180 Unloading class 0x000000010097d000 'jdk/internal/reflect/GeneratedMethodAccessor35'
Event: 944.573 Thread 0x0000014b57193180 Unloading class 0x00000001006f5000 'jdk/internal/reflect/GeneratedMethodAccessor21'
Event: 944.573 Thread 0x0000014b57193180 Unloading class 0x00000001006f4c00 'jdk/internal/reflect/GeneratedMethodAccessor20'
Event: 944.573 Thread 0x0000014b57193180 Unloading class 0x00000001006f4800 'jdk/internal/reflect/GeneratedMethodAccessor19'
Event: 944.573 Thread 0x0000014b57193180 Unloading class 0x00000001006f4000 'jdk/internal/reflect/GeneratedMethodAccessor17'
Event: 944.573 Thread 0x0000014b57193180 Unloading class 0x00000001006e1000 'jdk/internal/reflect/GeneratedMethodAccessor16'
Event: 944.573 Thread 0x0000014b57193180 Unloading class 0x00000001006e0c00 'jdk/internal/reflect/GeneratedMethodAccessor15'
Event: 944.573 Thread 0x0000014b57193180 Unloading class 0x00000001006e0800 'jdk/internal/reflect/GeneratedMethodAccessor14'
Event: 944.573 Thread 0x0000014b57193180 Unloading class 0x00000001006e0000 'jdk/internal/reflect/GeneratedMethodAccessor12'
Event: 944.573 Thread 0x0000014b57193180 Unloading class 0x00000001001d1000 'jdk/internal/reflect/GeneratedConstructorAccessor4'

Classes redefined (0 events):
No events

Internal exceptions (20 events):
Event: 902.529 Thread 0x0000014b5c9921c0 Exception <a 'java/lang/ArrayIndexOutOfBoundsException'{0x00000000eac17660}> (0x00000000eac17660) 
thrown [s\src\hotspot\share\runtime\sharedRuntime.cpp, line 628]
Event: 903.589 Thread 0x0000014b5c98fb40 Exception <a 'java/lang/ArrayIndexOutOfBoundsException'{0x00000000ead7bf10}> (0x00000000ead7bf10) 
thrown [s\src\hotspot\share\runtime\sharedRuntime.cpp, line 628]
Event: 903.832 Thread 0x0000014b5c9921c0 Implicit null exception at 0x0000014b4927a084 to 0x0000014b4927a580
Event: 903.833 Thread 0x0000014b5c9921c0 Exception <a 'java/lang/ArrayIndexOutOfBoundsException'{0x00000000eabe5760}> (0x00000000eabe5760) 
thrown [s\src\hotspot\share\runtime\sharedRuntime.cpp, line 628]
Event: 906.551 Thread 0x0000014b59695220 Exception <a 'java/lang/ArrayIndexOutOfBoundsException'{0x00000000eadc88c8}> (0x00000000eadc88c8) 
thrown [s\src\hotspot\share\runtime\sharedRuntime.cpp, line 628]
Event: 906.551 Thread 0x0000014b59695220 Exception <a 'java/lang/ArrayIndexOutOfBoundsException'{0x00000000eadcb8a0}> (0x00000000eadcb8a0) 
thrown [s\src\hotspot\share\runtime\sharedRuntime.cpp, line 628]
Event: 906.551 Thread 0x0000014b59695220 Exception <a 'java/lang/ArrayIndexOutOfBoundsException'{0x00000000eadcbf00}> (0x00000000eadcbf00) 
thrown [s\src\hotspot\share\runtime\sharedRuntime.cpp, line 628]
Event: 906.564 Thread 0x0000014b59695220 Exception <a 'java/lang/ArrayIndexOutOfBoundsException'{0x00000000ead8e940}> (0x00000000ead8e940) 
thrown [s\src\hotspot\share\runtime\sharedRuntime.cpp, line 628]
Event: 907.441 Thread 0x0000014b5c991820 Exception <a 'java/lang/ArrayIndexOutOfBoundsException'{0x00000000eada77b0}: Index 252 out of bounds for length 252> (0x00000000eada77b0) 
thrown [s\src\hotspot\share\interpreter\interpreterRuntime.cpp, line 428]
Event: 908.874 Thread 0x0000014b5c98e330 Exception <a 'java/lang/ArrayIndexOutOfBoundsException'{0x00000000ead9bc10}> (0x00000000ead9bc10) 
thrown [s\src\hotspot\share\runtime\sharedRuntime.cpp, line 628]
Event: 928.214 Thread 0x0000014b5c98e330 Exception <a 'java/lang/ClassNotFoundException'{0x00000000eab0d468}: sun/net/www/protocol/jdt/Handler> (0x00000000eab0d468) 
thrown [s\src\hotspot\share\classfile\systemDictionary.cpp, line 256]
Event: 931.967 Thread 0x0000014b59695220 Exception <a 'java/lang/ArrayIndexOutOfBoundsException'{0x00000000eab4fa20}> (0x00000000eab4fa20) 
thrown [s\src\hotspot\share\runtime\sharedRuntime.cpp, line 628]
Event: 931.967 Thread 0x0000014b59695220 Exception <a 'java/lang/ArrayIndexOutOfBoundsException'{0x00000000eab503b0}> (0x00000000eab503b0) 
thrown [s\src\hotspot\share\runtime\sharedRuntime.cpp, line 628]
Event: 931.967 Thread 0x0000014b59695220 Exception <a 'java/lang/ArrayIndexOutOfBoundsException'{0x00000000eab50750}> (0x00000000eab50750) 
thrown [s\src\hotspot\share\runtime\sharedRuntime.cpp, line 628]
Event: 938.648 Thread 0x0000014b59695220 Exception <a 'java/lang/ArrayIndexOutOfBoundsException'{0x00000000eac7e7b8}> (0x00000000eac7e7b8) 
thrown [s\src\hotspot\share\runtime\sharedRuntime.cpp, line 628]
Event: 938.648 Thread 0x0000014b59695220 Exception <a 'java/lang/ArrayIndexOutOfBoundsException'{0x00000000eac7f168}> (0x00000000eac7f168) 
thrown [s\src\hotspot\share\runtime\sharedRuntime.cpp, line 628]
Event: 938.648 Thread 0x0000014b59695220 Exception <a 'java/lang/ArrayIndexOutOfBoundsException'{0x00000000eac7f508}> (0x00000000eac7f508) 
thrown [s\src\hotspot\share\runtime\sharedRuntime.cpp, line 628]
Event: 944.299 Thread 0x0000014b59693a10 Exception <a 'sun/nio/fs/WindowsException'{0x00000000eab0ef70}> (0x00000000eab0ef70) 
thrown [s\src\hotspot\share\prims\jni.cpp, line 516]
Event: 944.512 Thread 0x0000014b5c98d990 Exception <a 'sun/nio/fs/WindowsException'{0x00000000eab55b10}> (0x00000000eab55b10) 
thrown [s\src\hotspot\share\prims\jni.cpp, line 516]
Event: 944.663 Thread 0x0000014b59693a10 Exception <a 'sun/nio/fs/WindowsException'{0x00000000eabb5c98}> (0x00000000eabb5c98) 
thrown [s\src\hotspot\share\prims\jni.cpp, line 516]

VM Operations (20 events):
Event: 973.443 Executing VM operation: ParallelGCFailedAllocation
Event: 973.444 Executing VM operation: ParallelGCFailedAllocation done
Event: 973.449 Executing VM operation: ParallelGCFailedAllocation
Event: 973.451 Executing VM operation: ParallelGCFailedAllocation done
Event: 973.453 Executing VM operation: ParallelGCFailedAllocation
Event: 973.454 Executing VM operation: ParallelGCFailedAllocation done
Event: 973.456 Executing VM operation: ParallelGCFailedAllocation
Event: 973.457 Executing VM operation: ParallelGCFailedAllocation done
Event: 973.458 Executing VM operation: ParallelGCFailedAllocation
Event: 973.460 Executing VM operation: ParallelGCFailedAllocation done
Event: 973.463 Executing VM operation: ParallelGCFailedAllocation
Event: 973.465 Executing VM operation: ParallelGCFailedAllocation done
Event: 973.470 Executing VM operation: ParallelGCFailedAllocation
Event: 973.472 Executing VM operation: ParallelGCFailedAllocation done
Event: 973.476 Executing VM operation: ParallelGCFailedAllocation
Event: 973.478 Executing VM operation: ParallelGCFailedAllocation done
Event: 973.481 Executing VM operation: ParallelGCFailedAllocation
Event: 973.482 Executing VM operation: ParallelGCFailedAllocation done
Event: 973.488 Executing VM operation: ParallelGCFailedAllocation
Event: 973.489 Executing VM operation: ParallelGCFailedAllocation done

Events (20 events):
Event: 932.029 Thread 0x0000014b51eeea00 flushing nmethod 0x0000014b42b61f10
Event: 932.029 Thread 0x0000014b51eeea00 flushing nmethod 0x0000014b42b97a10
Event: 932.057 Thread 0x0000014b5ce87e80 Thread added: 0x0000014b5ce87e80
Event: 932.057 Thread 0x0000014b5ce87e80 Thread exited: 0x0000014b5ce87e80
Event: 932.121 Thread 0x0000014b5ce87e80 Thread added: 0x0000014b5ce87e80
Event: 932.339 Thread 0x0000014b58aa7c50 Thread exited: 0x0000014b58aa7c50
Event: 932.339 Thread 0x0000014b58aac840 Thread exited: 0x0000014b58aac840
Event: 937.124 Thread 0x0000014b5ce87e80 Thread exited: 0x0000014b5ce87e80
Event: 938.675 Thread 0x0000014b58aa8b80 Thread added: 0x0000014b58aa8b80
Event: 938.675 Thread 0x0000014b58aa7c50 Thread added: 0x0000014b58aa7c50
Event: 938.710 Thread 0x0000014b5ce87e80 Thread added: 0x0000014b5ce87e80
Event: 938.710 Thread 0x0000014b5ce87e80 Thread exited: 0x0000014b5ce87e80
Event: 938.748 Thread 0x0000014b5ce87e80 Thread added: 0x0000014b5ce87e80
Event: 938.894 Thread 0x0000014b58aa7c50 Thread exited: 0x0000014b58aa7c50
Event: 939.146 Thread 0x0000014b58aa8b80 Thread exited: 0x0000014b58aa8b80
Event: 944.505 loading class jdk/internal/module/IllegalAccessLogger
Event: 944.505 loading class jdk/internal/module/IllegalAccessLogger done
Event: 944.505 Thread 0x0000014b5aff3590 Thread added: 0x0000014b5aff3590
Event: 944.511 Thread 0x0000014b5aff3590 Thread exited: 0x0000014b5aff3590
Event: 948.752 Thread 0x0000014b5ce87e80 Thread exited: 0x0000014b5ce87e80


Dynamic libraries:
0x00007ff75be10000 - 0x00007ff75be1e000 	c:\Users\Aless\.vscode\extensions\redhat.java-1.19.0-win32-x64\jre\17.0.7-win32-x86_64\bin\java.exe
0x00007ffcec410000 - 0x00007ffcec608000 	C:\Windows\SYSTEM32\ntdll.dll
0x00007ffcead10000 - 0x00007ffceadcf000 	C:\Windows\System32\KERNEL32.DLL
0x00007ffcea010000 - 0x00007ffcea306000 	C:\Windows\System32\KERNELBASE.dll
0x00007ffce9bc0000 - 0x00007ffce9cc0000 	C:\Windows\System32\ucrtbase.dll
0x00007ffce35c0000 - 0x00007ffce35d9000 	c:\Users\Aless\.vscode\extensions\redhat.java-1.19.0-win32-x64\jre\17.0.7-win32-x86_64\bin\VCRUNTIME140.dll
0x00007ffce34b0000 - 0x00007ffce34c7000 	c:\Users\Aless\.vscode\extensions\redhat.java-1.19.0-win32-x64\jre\17.0.7-win32-x86_64\bin\jli.dll
0x00007ffceaab0000 - 0x00007ffceac4d000 	C:\Windows\System32\USER32.dll
0x00007ffce9af0000 - 0x00007ffce9b12000 	C:\Windows\System32\win32u.dll
0x00007ffceb320000 - 0x00007ffceb34c000 	C:\Windows\System32\GDI32.dll
0x00007ffcd2210000 - 0x00007ffcd24aa000 	C:\Windows\WinSxS\amd64_microsoft.windows.common-controls_6595b64144ccf1df_6.0.19041.1110_none_60b5254171f9507e\COMCTL32.dll
0x00007ffce9e50000 - 0x00007ffce9f65000 	C:\Windows\System32\gdi32full.dll
0x00007ffceaa10000 - 0x00007ffceaaae000 	C:\Windows\System32\msvcrt.dll
0x00007ffce9f70000 - 0x00007ffcea00d000 	C:\Windows\System32\msvcp_win.dll
0x00007ffceb350000 - 0x00007ffceb380000 	C:\Windows\System32\IMM32.DLL
0x00007ffce54f0000 - 0x00007ffce54fc000 	c:\Users\Aless\.vscode\extensions\redhat.java-1.19.0-win32-x64\jre\17.0.7-win32-x86_64\bin\vcruntime140_1.dll
0x00007ffcc1eb0000 - 0x00007ffcc1f41000 	c:\Users\Aless\.vscode\extensions\redhat.java-1.19.0-win32-x64\jre\17.0.7-win32-x86_64\bin\msvcp140.dll
0x00007ffca0bd0000 - 0x00007ffca1818000 	c:\Users\Aless\.vscode\extensions\redhat.java-1.19.0-win32-x64\jre\17.0.7-win32-x86_64\bin\server\jvm.dll
0x00007ffceb380000 - 0x00007ffceb42f000 	C:\Windows\System32\ADVAPI32.dll
0x00007ffceac60000 - 0x00007ffceacfc000 	C:\Windows\System32\sechost.dll
0x00007ffcea8e0000 - 0x00007ffceaa06000 	C:\Windows\System32\RPCRT4.dll
0x00007ffcdf6e0000 - 0x00007ffcdf707000 	C:\Windows\SYSTEM32\WINMM.dll
0x00007ffcd3280000 - 0x00007ffcd3289000 	C:\Windows\SYSTEM32\WSOCK32.dll
0x00007ffcdf710000 - 0x00007ffcdf71a000 	C:\Windows\SYSTEM32\VERSION.dll
0x00007ffceb430000 - 0x00007ffceb49b000 	C:\Windows\System32\WS2_32.dll
0x00007ffce7980000 - 0x00007ffce7992000 	C:\Windows\SYSTEM32\kernel.appcore.dll
0x00007ffce48f0000 - 0x00007ffce48fa000 	c:\Users\Aless\.vscode\extensions\redhat.java-1.19.0-win32-x64\jre\17.0.7-win32-x86_64\bin\jimage.dll
0x00007ffcdfa10000 - 0x00007ffcdfbf4000 	C:\Windows\SYSTEM32\DBGHELP.DLL
0x00007ffcd2ca0000 - 0x00007ffcd2cd4000 	C:\Windows\SYSTEM32\dbgcore.DLL
0x00007ffce9dc0000 - 0x00007ffce9e42000 	C:\Windows\System32\bcryptPrimitives.dll
0x00007ffce3520000 - 0x00007ffce352e000 	c:\Users\Aless\.vscode\extensions\redhat.java-1.19.0-win32-x64\jre\17.0.7-win32-x86_64\bin\instrument.dll
0x00007ffcd66a0000 - 0x00007ffcd66c5000 	c:\Users\Aless\.vscode\extensions\redhat.java-1.19.0-win32-x64\jre\17.0.7-win32-x86_64\bin\java.dll
0x00007ffce3400000 - 0x00007ffce3418000 	c:\Users\Aless\.vscode\extensions\redhat.java-1.19.0-win32-x64\jre\17.0.7-win32-x86_64\bin\zip.dll
0x00007ffcebb50000 - 0x00007ffcec294000 	C:\Windows\System32\SHELL32.dll
0x00007ffce7ba0000 - 0x00007ffce8333000 	C:\Windows\SYSTEM32\windows.storage.dll
0x00007ffceb500000 - 0x00007ffceb854000 	C:\Windows\System32\combase.dll
0x00007ffce9540000 - 0x00007ffce956e000 	C:\Windows\SYSTEM32\Wldp.dll
0x00007ffceb270000 - 0x00007ffceb31d000 	C:\Windows\System32\SHCORE.dll
0x00007ffceb4a0000 - 0x00007ffceb4f5000 	C:\Windows\System32\shlwapi.dll
0x00007ffce9a30000 - 0x00007ffce9a4f000 	C:\Windows\SYSTEM32\profapi.dll
0x00007ffce1ff0000 - 0x00007ffce2009000 	C:\Users\Aless\.vscode\extensions\redhat.java-1.19.0-win32-x64\jre\17.0.7-win32-x86_64\bin\net.dll
0x00007ffce3ca0000 - 0x00007ffce3daa000 	C:\Windows\SYSTEM32\WINHTTP.dll
0x00007ffce91c0000 - 0x00007ffce922a000 	C:\Windows\system32\mswsock.dll
0x00007ffce11f0000 - 0x00007ffce1205000 	C:\Users\Aless\.vscode\extensions\redhat.java-1.19.0-win32-x64\jre\17.0.7-win32-x86_64\bin\nio.dll
0x00007ffce33b0000 - 0x00007ffce33c0000 	c:\Users\Aless\.vscode\extensions\redhat.java-1.19.0-win32-x64\jre\17.0.7-win32-x86_64\bin\verify.dll
0x00007ffcc4ad0000 - 0x00007ffcc4b0e000 	C:\Users\Aless\AppData\Roaming\Code\User\globalStorage\redhat.java\1.19.0\config_win\org.eclipse.equinox.launcher\org.eclipse.equinox.launcher.win32.win32.x86_64_1.2.700.v20221108-1024\eclipse_11801.dll
0x00007ffcec2a0000 - 0x00007ffcec3ca000 	C:\Windows\System32\ole32.dll
0x00007ffce93b0000 - 0x00007ffce93c8000 	C:\Windows\SYSTEM32\CRYPTSP.dll
0x00007ffce8ae0000 - 0x00007ffce8b14000 	C:\Windows\system32\rsaenh.dll
0x00007ffce9b20000 - 0x00007ffce9b47000 	C:\Windows\System32\bcrypt.dll
0x00007ffce99b0000 - 0x00007ffce99de000 	C:\Windows\SYSTEM32\USERENV.dll
0x00007ffce93d0000 - 0x00007ffce93dc000 	C:\Windows\SYSTEM32\CRYPTBASE.dll
0x00007ffce8eb0000 - 0x00007ffce8eec000 	C:\Windows\SYSTEM32\IPHLPAPI.DLL
0x00007ffcead00000 - 0x00007ffcead08000 	C:\Windows\System32\NSI.dll
0x00007ffce2a70000 - 0x00007ffce2a87000 	C:\Windows\SYSTEM32\dhcpcsvc6.DLL
0x00007ffce2a50000 - 0x00007ffce2a6d000 	C:\Windows\SYSTEM32\dhcpcsvc.DLL
0x00007ffce8ef0000 - 0x00007ffce8fba000 	C:\Windows\SYSTEM32\DNSAPI.dll
0x00007ffcb3e80000 - 0x00007ffcb3ec5000 	C:\Users\Aless\AppData\Local\Temp\jna-63347034\jna8341023012648078574.dll
0x00007ffcebb40000 - 0x00007ffcebb48000 	C:\Windows\System32\PSAPI.DLL
0x00007ffce3380000 - 0x00007ffce338e000 	C:\Users\Aless\.vscode\extensions\redhat.java-1.19.0-win32-x64\jre\17.0.7-win32-x86_64\bin\sunmscapi.dll
0x00007ffcea310000 - 0x00007ffcea46e000 	C:\Windows\System32\CRYPT32.dll
0x00007ffce95b0000 - 0x00007ffce95d8000 	C:\Windows\SYSTEM32\ncrypt.dll
0x00007ffce9570000 - 0x00007ffce95ab000 	C:\Windows\SYSTEM32\NTASN1.dll
0x00007ffce1f70000 - 0x00007ffce1f77000 	C:\Windows\system32\wshunix.dll
0x00007ffce21c0000 - 0x00007ffce21ca000 	C:\Windows\System32\rasadhlp.dll
0x00007ffce0490000 - 0x00007ffce0512000 	C:\Windows\System32\fwpuclnt.dll
0x00007ffce8c00000 - 0x00007ffce8c33000 	C:\Windows\SYSTEM32\ntmarta.dll

dbghelp: loaded successfully - version: 4.0.5 - missing functions: none
symbol engine: initialized successfully - sym options: 0x614 - pdb path: .;c:\Users\Aless\.vscode\extensions\redhat.java-1.19.0-win32-x64\jre\17.0.7-win32-x86_64\bin;C:\Windows\SYSTEM32;C:\Windows\WinSxS\amd64_microsoft.windows.common-controls_6595b64144ccf1df_6.0.19041.1110_none_60b5254171f9507e;c:\Users\Aless\.vscode\extensions\redhat.java-1.19.0-win32-x64\jre\17.0.7-win32-x86_64\bin\server;C:\Users\Aless\AppData\Roaming\Code\User\globalStorage\redhat.java\1.19.0\config_win\org.eclipse.equinox.launcher\org.eclipse.equinox.launcher.win32.win32.x86_64_1.2.700.v20221108-1024;C:\Users\Aless\AppData\Local\Temp\jna-63347034

VM Arguments:
jvm_args: --add-modules=ALL-SYSTEM --add-opens=java.base/java.util=ALL-UNNAMED --add-opens=java.base/java.lang=ALL-UNNAMED --add-opens=java.base/sun.nio.fs=ALL-UNNAMED -Declipse.application=org.eclipse.jdt.ls.core.id1 -Dosgi.bundles.defaultStartLevel=4 -Declipse.product=org.eclipse.jdt.ls.core.product -Djava.import.generatesMetadataFilesAtProjectRoot=false -Dfile.encoding=utf8 -XX:+UseParallelGC -XX:GCTimeRatio=4 -XX:AdaptiveSizePolicyWeight=90 -Dsun.zip.disableMemoryMapping=true -Xmx1G -Xms100m -Xlog:disable -javaagent:c:\Users\Aless\.vscode\extensions\redhat.java-1.19.0-win32-x64\lombok\lombok-1.18.28.jar -XX:+HeapDumpOnOutOfMemoryError -XX:HeapDumpPath=c:\Users\Aless\AppData\Roaming\Code\User\workspaceStorage\b18c25d07db68503f5c91407cfb7b02b\redhat.java -Daether.dependencyCollector.impl=bf 
java_command: c:\Users\Aless\.vscode\extensions\redhat.java-1.19.0-win32-x64\server\plugins\org.eclipse.equinox.launcher_1.6.400.v20210924-0641.jar -configuration c:\Users\Aless\AppData\Roaming\Code\User\globalStorage\redhat.java\1.19.0\config_win -data c:\Users\Aless\AppData\Roaming\Code\User\workspaceStorage\b18c25d07db68503f5c91407cfb7b02b\redhat.java\jdt_ws
java_class_path (initial): c:\Users\Aless\.vscode\extensions\redhat.java-1.19.0-win32-x64\server\plugins\org.eclipse.equinox.launcher_1.6.400.v20210924-0641.jar
Launcher Type: SUN_STANDARD

[Global flags]
    uintx AdaptiveSizePolicyWeight                 = 90                                        {product} {command line}
     intx CICompilerCount                          = 4                                         {product} {ergonomic}
    uintx GCTimeRatio                              = 4                                         {product} {command line}
     bool HeapDumpOnOutOfMemoryError               = true                                   {manageable} {command line}
    ccstr HeapDumpPath                             = c:\Users\Aless\AppData\Roaming\Code\User\workspaceStorage\b18c25d07db68503f5c91407cfb7b02b\redhat.java         {manageable} {command line}
   size_t InitialHeapSize                          = 104857600                                 {product} {command line}
   size_t MaxHeapSize                              = 1073741824                                {product} {command line}
   size_t MaxNewSize                               = 357564416                                 {product} {ergonomic}
   size_t MinHeapDeltaBytes                        = 524288                                    {product} {ergonomic}
   size_t MinHeapSize                              = 104857600                                 {product} {command line}
   size_t NewSize                                  = 34603008                                  {product} {ergonomic}
    uintx NonNMethodCodeHeapSize                   = 5839372                                {pd product} {ergonomic}
    uintx NonProfiledCodeHeapSize                  = 122909434                              {pd product} {ergonomic}
   size_t OldSize                                  = 70254592                                  {product} {ergonomic}
    uintx ProfiledCodeHeapSize                     = 122909434                              {pd product} {ergonomic}
    uintx ReservedCodeCacheSize                    = 251658240                              {pd product} {ergonomic}
     bool SegmentedCodeCache                       = true                                      {product} {ergonomic}
   size_t SoftMaxHeapSize                          = 1073741824                             {manageable} {ergonomic}
     bool UseCompressedClassPointers               = true                           {product lp64_product} {ergonomic}
     bool UseCompressedOops                        = true                           {product lp64_product} {ergonomic}
     bool UseLargePagesIndividualAllocation        = false                                  {pd product} {ergonomic}
     bool UseParallelGC                            = true                                      {product} {command line}

Logging:
Log output configuration:
 #0: stdout all=off uptime,level,tags
 #1: stderr all=off uptime,level,tags

Environment Variables:
PATH=C:\Program Files\Common Files\Oracle\Java\javapath;C:\Python311\Scripts\;C:\Python311\;C:\Windows\system32;C:\Windows;C:\Windows\System32\Wbem;C:\Windows\System32\WindowsPowerShell\v1.0\;C:\Windows\System32\OpenSSH\;C:\Program Files\Git\cmd;C:\Program Files\nodejs\;C:\ProgramData\chocolatey\bin;C:\Users\Aless\AppData\Local\Microsoft\WindowsApps;C:\Users\Aless\AppData\Local\Programs\Microsoft VS Code\bin;C:\Users\Aless\AppData\Roaming\npm;C:\Users\Aless\AppData\Local\GitHubDesktop\bin
USERNAME=Aless
OS=Windows_NT
PROCESSOR_IDENTIFIER=AMD64 Family 25 Model 80 Stepping 0, AuthenticAMD
TMP=C:\Users\Aless\AppData\Local\Temp
TEMP=C:\Users\Aless\AppData\Local\Temp



---------------  S Y S T E M  ---------------

OS:
 Windows 10 , 64 bit Build 19041 (10.0.19041.3031)
OS uptime: 4 days 4:43 hours

CPU: total 12 (initial active 12) (12 cores per cpu, 2 threads per core) family 25 model 80 stepping 0 microcode 0x0, cx8, cmov, fxsr, ht, mmx, 3dnowpref, sse, sse2, sse3, ssse3, sse4a, sse4.1, sse4.2, popcnt, lzcnt, tsc, tscinvbit, avx, avx2, aes, erms, clmul, bmi1, bmi2, adx, sha, fma, vzeroupper, clflush, clflushopt

Memory: 4k page, system-wide physical 14245M (1549M free)
TotalPageFile size 42717M (AvailPageFile size 5M)
current process WorkingSet (physical memory assigned to process): 477M, peak: 489M
current process commit charge ("private bytes"): 499M, peak: 542M

vm_info: OpenJDK 64-Bit Server VM (17.0.7+7) for windows-amd64 JRE (17.0.7+7), built on Apr 18 2023 22:10:42 by "temurin" with MS VC++ 16.7 (VS2019)

END.
