#
# There is insufficient memory for the Java Runtime Environment to continue.
# Native memory allocation (malloc) failed to allocate 152960 bytes for Chunk::new
# Possible reasons:
#   The system is out of physical RAM or swap space
#   The process is running with CompressedOops enabled, and the Java Heap may be blocking the growth of the native heap
# Possible solutions:
#   Reduce memory load on the system
#   Increase physical memory or swap space
#   Check if swap backing store is full
#   Decrease Java heap size (-Xmx/-Xms)
#   Decrease number of Java threads
#   Decrease Java thread stack sizes (-Xss)
#   Set larger code cache with -XX:ReservedCodeCacheSize=
#   JVM is running with Unscaled Compressed Oops mode in which the Java heap is
#     placed in the first 4GB address space. The Java Heap base address is the
#     maximum limit for the native heap growth. Please use -XX:HeapBaseMinAddress
#     to set the Java Heap base and to place the Java Heap above 4GB virtual address.
# This output file may be truncated or incomplete.
#
#  Out of Memory Error (arena.cpp:189), pid=7552, tid=8660
#
# JRE version: OpenJDK Runtime Environment Temurin-17.0.7+7 (17.0.7+7) (build 17.0.7+7)
# Java VM: OpenJDK 64-Bit Server VM Temurin-17.0.7+7 (17.0.7+7, mixed mode, tiered, compressed oops, compressed class ptrs, parallel gc, windows-amd64)
# No core dump will be written. Minidumps are not enabled by default on client versions of Windows
#

---------------  S U M M A R Y ------------

Command Line: --add-modules=ALL-SYSTEM --add-opens=java.base/java.util=ALL-UNNAMED --add-opens=java.base/java.lang=ALL-UNNAMED --add-opens=java.base/sun.nio.fs=ALL-UNNAMED -Declipse.application=org.eclipse.jdt.ls.core.id1 -Dosgi.bundles.defaultStartLevel=4 -Declipse.product=org.eclipse.jdt.ls.core.product -Djava.import.generatesMetadataFilesAtProjectRoot=false -Dfile.encoding=utf8 -XX:+UseParallelGC -XX:GCTimeRatio=4 -XX:AdaptiveSizePolicyWeight=90 -Dsun.zip.disableMemoryMapping=true -Xmx1G -Xms100m -Xlog:disable -javaagent:c:\Users\Aless\.vscode\extensions\redhat.java-1.19.0-win32-x64\lombok\lombok-1.18.28.jar c:\Users\Aless\.vscode\extensions\redhat.java-1.19.0-win32-x64\server\plugins\org.eclipse.equinox.launcher_1.6.400.v20210924-0641.jar -configuration c:\Users\Aless\AppData\Roaming\Code\User\globalStorage\redhat.java\1.19.0\config_ss_win -data c:\Users\Aless\AppData\Roaming\Code\User\workspaceStorage\b18c25d07db68503f5c91407cfb7b02b\redhat.java\ss_ws

Host: AMD Ryzen 5 5600G with Radeon Graphics         , 12 cores, 13G,  Windows 10 , 64 bit Build 19041 (10.0.19041.3031)
Time: Mon Jun 19 19:55:34 2023 ora legale Europa occidentale elapsed time: 0.490081 seconds (0d 0h 0m 0s)

---------------  T H R E A D  ---------------

Current thread (0x000001e7f6243970):  JavaThread "C2 CompilerThread1" daemon [_thread_in_native, id=8660, stack(0x0000002ceee00000,0x0000002ceef00000)]


Current CompileTask:
C2:    490  965       4       java.lang.StringLatin1::toUpperCase (186 bytes)

Stack: [0x0000002ceee00000,0x0000002ceef00000]
Native frames: (J=compiled Java code, j=interpreted, Vv=VM code, C=native code)
V  [jvm.dll+0x67754a]
V  [jvm.dll+0x834304]
V  [jvm.dll+0x835aae]
V  [jvm.dll+0x836113]
V  [jvm.dll+0x24696f]
V  [jvm.dll+0xac0ac]
V  [jvm.dll+0xac67c]
V  [jvm.dll+0x364e37]
V  [jvm.dll+0x32f6b1]
V  [jvm.dll+0x32eb5a]
V  [jvm.dll+0x219641]
V  [jvm.dll+0x218a61]
V  [jvm.dll+0x1a4d8d]
V  [jvm.dll+0x2284da]
V  [jvm.dll+0x226615]
V  [jvm.dll+0x7ea90b]
V  [jvm.dll+0x7e4e7a]
V  [jvm.dll+0x676395]
C  [ucrtbase.dll+0x21bb2]
C  [KERNEL32.DLL+0x17614]
C  [ntdll.dll+0x526f1]


---------------  P R O C E S S  ---------------

Threads class SMR info:
_java_thread_list=0x000001e7f6391660, length=14, elements={
0x000001e7dcf20140, 0x000001e7f6056530, 0x000001e7f6058400, 0x000001e7f6069ac0,
0x000001e7f606a640, 0x000001e7f60784d0, 0x000001e7f607fbe0, 0x000001e7f60835d0,
0x000001e7f60c0260, 0x000001e7f60c0b60, 0x000001e7f61f1c60, 0x000001e7f6243970,
0x000001e7f63d33f0, 0x000001e7f7e0a0b0
}

Java Threads: ( => current thread )
  0x000001e7dcf20140 JavaThread "main" [_thread_in_vm, id=10572, stack(0x0000002cee100000,0x0000002cee200000)]
  0x000001e7f6056530 JavaThread "Reference Handler" daemon [_thread_blocked, id=15216, stack(0x0000002cee400000,0x0000002cee500000)]
  0x000001e7f6058400 JavaThread "Finalizer" daemon [_thread_blocked, id=7764, stack(0x0000002cee500000,0x0000002cee600000)]
  0x000001e7f6069ac0 JavaThread "Signal Dispatcher" daemon [_thread_blocked, id=11144, stack(0x0000002cee600000,0x0000002cee700000)]
  0x000001e7f606a640 JavaThread "Attach Listener" daemon [_thread_blocked, id=20996, stack(0x0000002cee700000,0x0000002cee800000)]
  0x000001e7f60784d0 JavaThread "Service Thread" daemon [_thread_blocked, id=11404, stack(0x0000002cee800000,0x0000002cee900000)]
  0x000001e7f607fbe0 JavaThread "Monitor Deflation Thread" daemon [_thread_blocked, id=23480, stack(0x0000002cee900000,0x0000002ceea00000)]
  0x000001e7f60835d0 JavaThread "C2 CompilerThread0" daemon [_thread_blocked, id=16524, stack(0x0000002ceea00000,0x0000002ceeb00000)]
  0x000001e7f60c0260 JavaThread "C1 CompilerThread0" daemon [_thread_blocked, id=5620, stack(0x0000002ceeb00000,0x0000002ceec00000)]
  0x000001e7f60c0b60 JavaThread "Sweeper thread" daemon [_thread_blocked, id=12112, stack(0x0000002ceec00000,0x0000002ceed00000)]
  0x000001e7f61f1c60 JavaThread "Common-Cleaner" daemon [_thread_blocked, id=10956, stack(0x0000002ceed00000,0x0000002ceee00000)]
=>0x000001e7f6243970 JavaThread "C2 CompilerThread1" daemon [_thread_in_native, id=8660, stack(0x0000002ceee00000,0x0000002ceef00000)]
  0x000001e7f63d33f0 JavaThread "Notification Thread" daemon [_thread_blocked, id=12352, stack(0x0000002ceef00000,0x0000002cef000000)]
  0x000001e7f7e0a0b0 JavaThread "C2 CompilerThread2" daemon [_thread_blocked, id=15604, stack(0x0000002cef100000,0x0000002cef200000)]

Other Threads:
  0x000001e7f0c471a0 VMThread "VM Thread" [stack: 0x0000002cee300000,0x0000002cee400000] [id=13444]
  0x000001e7f63cbaa0 WatcherThread [stack: 0x0000002cef000000,0x0000002cef100000] [id=21508]
  0x000001e7dad55e20 GCTaskThread "GC Thread#0" [stack: 0x0000002cee200000,0x0000002cee300000] [id=1752]
  0x000001e7f7aae7a0 GCTaskThread "GC Thread#1" [stack: 0x0000002cef200000,0x0000002cef300000] [id=17200]
  0x000001e7f7aaf510 GCTaskThread "GC Thread#2" [stack: 0x0000002cef300000,0x0000002cef400000] [id=3500]
  0x000001e7f7aaf7c0 GCTaskThread "GC Thread#3" [stack: 0x0000002cef400000,0x0000002cef500000] [id=5932]
  0x000001e7f7aaf260 GCTaskThread "GC Thread#4" [stack: 0x0000002cef500000,0x0000002cef600000] [id=12620]
  0x000001e7f7aaea50 GCTaskThread "GC Thread#5" [stack: 0x0000002cef600000,0x0000002cef700000] [id=10684]
  0x000001e7f7aafa70 GCTaskThread "GC Thread#6" [stack: 0x0000002cef700000,0x0000002cef800000] [id=10548]

Threads with active compile tasks:
C2 CompilerThread1      502  965       4       java.lang.StringLatin1::toUpperCase (186 bytes)

VM state: not at safepoint (normal execution)

VM Mutex/Monitor currently owned by a thread:  ([mutex/lock_event])
[0x000001e7dcf1aa70] Metaspace_lock - owner thread: 0x000001e7dcf20140

Heap address: 0x00000000c0000000, size: 1024 MB, Compressed Oops mode: 32-bit

CDS archive(s) not mapped
Compressed class space mapped at: 0x0000000100000000-0x0000000140000000, reserved size: 1073741824
Narrow klass base: 0x0000000000000000, Narrow klass shift: 3, Narrow klass range: 0x140000000

GC Precious Log:
 CPUs: 12 total, 12 available
 Memory: 14245M
 Large Page Support: Disabled
 NUMA Support: Disabled
 Compressed Oops: Enabled (32-bit)
 Alignments: Space 512K, Generation 512K, Heap 2M
 Heap Min Capacity: 100M
 Heap Initial Capacity: 100M
 Heap Max Capacity: 1G
 Pre-touch: Disabled
 Parallel Workers: 10

Heap:
 PSYoungGen      total 29696K, used 3970K [0x00000000eab00000, 0x00000000ecc00000, 0x0000000100000000)
  eden space 25600K, 2% used [0x00000000eab00000,0x00000000eabbe7f0,0x00000000ec400000)
  from space 4096K, 78% used [0x00000000ec400000,0x00000000ec7223a8,0x00000000ec800000)
  to   space 4096K, 0% used [0x00000000ec800000,0x00000000ec800000,0x00000000ecc00000)
 ParOldGen       total 68608K, used 16K [0x00000000c0000000, 0x00000000c4300000, 0x00000000eab00000)
  object space 68608K, 0% used [0x00000000c0000000,0x00000000c0004000,0x00000000c4300000)
 Metaspace       used 11240K, committed 11392K, reserved 1114112K
  class space    used 1127K, committed 1216K, reserved 1048576K

Card table byte_map: [0x000001e7dc900000,0x000001e7dcb10000] _byte_map_base: 0x000001e7dc300000

Marking Bits: (ParMarkBitMap*) 0x00007ffc8f7652c0
 Begin Bits: [0x000001e7eebb0000, 0x000001e7efbb0000)
 End Bits:   [0x000001e7efbb0000, 0x000001e7f0bb0000)

Polling page: 0x000001e7dc6f0000

Metaspace:

Usage:
  Non-class:      9.88 MB used.
      Class:      1.10 MB used.
       Both:     10.98 MB used.

Virtual space:
  Non-class space:       64.00 MB reserved,       9.94 MB ( 16%) committed,  1 nodes.
      Class space:        1.00 GB reserved,       1.19 MB ( <1%) committed,  1 nodes.
             Both:        1.06 GB reserved,      11.12 MB (  1%) committed. 

Chunk freelists:
   Non-Class:  5.99 MB
       Class:  14.66 MB
        Both:  20.65 MB

MaxMetaspaceSize: unlimited
CompressedClassSpaceSize: 1.00 GB
Initial GC threshold: 21.00 MB
Current GC threshold: 21.00 MB
CDS: off
MetaspaceReclaimPolicy: balanced
 - commit_granule_bytes: 65536.
 - commit_granule_words: 8192.
 - virtual_space_node_default_size: 8388608.
 - enlarge_chunks_in_place: 1.
 - new_chunks_are_fully_committed: 0.
 - uncommit_free_chunks: 1.
 - use_allocation_guard: 0.
 - handle_deallocations: 1.


Internal statistics:

num_allocs_failed_limit: 0.
num_arena_births: 32.
num_arena_deaths: 0.
num_vsnodes_births: 2.
num_vsnodes_deaths: 0.
num_space_committed: 178.
num_space_uncommitted: 0.
num_chunks_returned_to_freelist: 0.
num_chunks_taken_from_freelist: 108.
num_chunk_merges: 0.
num_chunk_splits: 76.
num_chunks_enlarged: 65.
num_inconsistent_stats: 0.

CodeHeap 'non-profiled nmethods': size=120000Kb used=390Kb max_used=390Kb free=119609Kb
 bounds [0x000001e7e7680000, 0x000001e7e78f0000, 0x000001e7eebb0000]
CodeHeap 'profiled nmethods': size=120000Kb used=1665Kb max_used=1665Kb free=118334Kb
 bounds [0x000001e7dfbb0000, 0x000001e7dfe20000, 0x000001e7e70e0000]
CodeHeap 'non-nmethods': size=5760Kb used=1146Kb max_used=1164Kb free=4613Kb
 bounds [0x000001e7e70e0000, 0x000001e7e7350000, 0x000001e7e7680000]
 total_blobs=1416 nmethods=979 adapters=352
 compilation: enabled
              stopped_count=0, restarted_count=0
 full_count=0

Compilation events (20 events):
Event: 0.484 Thread 0x000001e7f60c0260  966       3       java.lang.ref.Reference::clear (5 bytes)
Event: 0.484 Thread 0x000001e7f60c0260 nmethod 966 0x000001e7dfd42990 code [0x000001e7dfd42b20, 0x000001e7dfd42c68]
Event: 0.484 Thread 0x000001e7f60c0260  968   !   3       jdk.internal.ref.PhantomCleanable::remove (60 bytes)
Event: 0.484 Thread 0x000001e7f60c0260 nmethod 968 0x000001e7dfd42d10 code [0x000001e7dfd42ec0, 0x000001e7dfd43198]
Event: 0.484 Thread 0x000001e7f60c0260  969       3       jdk.internal.ref.PhantomCleanable::clean (16 bytes)
Event: 0.484 Thread 0x000001e7f60c0260 nmethod 969 0x000001e7dfd43310 code [0x000001e7dfd434e0, 0x000001e7dfd437a8]
Event: 0.485 Thread 0x000001e7f60c0260  970       3       java.util.jar.JarVerifier$VerifierStream::ensureOpen (18 bytes)
Event: 0.485 Thread 0x000001e7f60c0260 nmethod 970 0x000001e7dfd43890 code [0x000001e7dfd43a40, 0x000001e7dfd43c48]
Event: 0.486 Thread 0x000001e7f60c0260  971       3       java.io.BufferedInputStream::getBufIfOpen (21 bytes)
Event: 0.486 Thread 0x000001e7f60c0260 nmethod 971 0x000001e7dfd43d10 code [0x000001e7dfd43ec0, 0x000001e7dfd440c8]
Event: 0.486 Thread 0x000001e7f60c0260  972       3       java.lang.ref.Reference::<init> (7 bytes)
Event: 0.486 Thread 0x000001e7f60c0260 nmethod 972 0x000001e7dfd44190 code [0x000001e7dfd44340, 0x000001e7dfd44578]
Event: 0.486 Thread 0x000001e7f60c0260  975       3       java.io.DataInputStream::readUTF (501 bytes)
Event: 0.487 Thread 0x000001e7f7e0a0b0  974       4       java.lang.StringUTF16::compress (50 bytes)
Event: 0.488 Thread 0x000001e7f60c0260 nmethod 975 0x000001e7dfd44690 code [0x000001e7dfd44ae0, 0x000001e7dfd46a68]
Event: 0.488 Thread 0x000001e7f60c0260  978       3       java.io.DataInputStream::readFully (59 bytes)
Event: 0.488 Thread 0x000001e7f60c0260 nmethod 978 0x000001e7dfd47610 code [0x000001e7dfd47800, 0x000001e7dfd47d28]
Event: 0.488 Thread 0x000001e7f60c0260  973  s    3       java.io.BufferedInputStream::read (49 bytes)
Event: 0.488 Thread 0x000001e7f60c0260 nmethod 973 0x000001e7dfd47f90 code [0x000001e7dfd48160, 0x000001e7dfd485d8]
Event: 0.488 Thread 0x000001e7f60c0260  980       3       jdk.internal.org.objectweb.asm.Type::getArgumentsAndReturnSizes (140 bytes)

GC Heap History (2 events):
Event: 0.479 GC heap before
{Heap before GC invocations=1 (full 0):
 PSYoungGen      total 29696K, used 25600K [0x00000000eab00000, 0x00000000ecc00000, 0x0000000100000000)
  eden space 25600K, 100% used [0x00000000eab00000,0x00000000ec400000,0x00000000ec400000)
  from space 4096K, 0% used [0x00000000ec800000,0x00000000ec800000,0x00000000ecc00000)
  to   space 4096K, 0% used [0x00000000ec400000,0x00000000ec400000,0x00000000ec800000)
 ParOldGen       total 68608K, used 0K [0x00000000c0000000, 0x00000000c4300000, 0x00000000eab00000)
  object space 68608K, 0% used [0x00000000c0000000,0x00000000c0000000,0x00000000c4300000)
 Metaspace       used 11183K, committed 11392K, reserved 1114112K
  class space    used 1121K, committed 1216K, reserved 1048576K
}
Event: 0.484 GC heap after
{Heap after GC invocations=1 (full 0):
 PSYoungGen      total 29696K, used 3208K [0x00000000eab00000, 0x00000000ecc00000, 0x0000000100000000)
  eden space 25600K, 0% used [0x00000000eab00000,0x00000000eab00000,0x00000000ec400000)
  from space 4096K, 78% used [0x00000000ec400000,0x00000000ec7223a8,0x00000000ec800000)
  to   space 4096K, 0% used [0x00000000ec800000,0x00000000ec800000,0x00000000ecc00000)
 ParOldGen       total 68608K, used 16K [0x00000000c0000000, 0x00000000c4300000, 0x00000000eab00000)
  object space 68608K, 0% used [0x00000000c0000000,0x00000000c0004000,0x00000000c4300000)
 Metaspace       used 11183K, committed 11392K, reserved 1114112K
  class space    used 1121K, committed 1216K, reserved 1048576K
}

Dll operation events (8 events):
Event: 0.004 Loaded shared library c:\Users\Aless\.vscode\extensions\redhat.java-1.19.0-win32-x64\jre\17.0.7-win32-x86_64\bin\java.dll
Event: 0.084 Loaded shared library c:\Users\Aless\.vscode\extensions\redhat.java-1.19.0-win32-x64\jre\17.0.7-win32-x86_64\bin\zip.dll
Event: 0.086 Loaded shared library C:\Users\Aless\.vscode\extensions\redhat.java-1.19.0-win32-x64\jre\17.0.7-win32-x86_64\bin\instrument.dll
Event: 0.094 Loaded shared library C:\Users\Aless\.vscode\extensions\redhat.java-1.19.0-win32-x64\jre\17.0.7-win32-x86_64\bin\net.dll
Event: 0.096 Loaded shared library C:\Users\Aless\.vscode\extensions\redhat.java-1.19.0-win32-x64\jre\17.0.7-win32-x86_64\bin\nio.dll
Event: 0.100 Loaded shared library C:\Users\Aless\.vscode\extensions\redhat.java-1.19.0-win32-x64\jre\17.0.7-win32-x86_64\bin\zip.dll
Event: 0.108 Loaded shared library C:\Users\Aless\.vscode\extensions\redhat.java-1.19.0-win32-x64\jre\17.0.7-win32-x86_64\bin\jimage.dll
Event: 0.137 Loaded shared library c:\Users\Aless\.vscode\extensions\redhat.java-1.19.0-win32-x64\jre\17.0.7-win32-x86_64\bin\verify.dll

Deoptimization events (20 events):
Event: 0.428 Thread 0x000001e7dcf20140 DEOPT PACKING pc=0x000001e7e76b0490 sp=0x0000002cee1fe010
Event: 0.428 Thread 0x000001e7dcf20140 DEOPT UNPACKING pc=0x000001e7e71366a3 sp=0x0000002cee1fdf58 mode 2
Event: 0.428 Thread 0x000001e7dcf20140 Uncommon trap: trap_request=0xffffff45 fr.pc=0x000001e7e76c9768 relative=0x0000000000000248
Event: 0.428 Thread 0x000001e7dcf20140 Uncommon trap: reason=unstable_if action=reinterpret pc=0x000001e7e76c9768 method=java.util.HashMap.hash(Ljava/lang/Object;)I @ 1 c2
Event: 0.428 Thread 0x000001e7dcf20140 DEOPT PACKING pc=0x000001e7e76c9768 sp=0x0000002cee1fdfc0
Event: 0.428 Thread 0x000001e7dcf20140 DEOPT UNPACKING pc=0x000001e7e71366a3 sp=0x0000002cee1fde58 mode 2
Event: 0.428 Thread 0x000001e7dcf20140 Uncommon trap: trap_request=0xffffff45 fr.pc=0x000001e7e76cad5c relative=0x000000000000023c
Event: 0.428 Thread 0x000001e7dcf20140 Uncommon trap: reason=unstable_if action=reinterpret pc=0x000001e7e76cad5c method=java.util.HashMap.hash(Ljava/lang/Object;)I @ 1 c2
Event: 0.428 Thread 0x000001e7dcf20140 DEOPT PACKING pc=0x000001e7e76cad5c sp=0x0000002cee1fe060
Event: 0.428 Thread 0x000001e7dcf20140 DEOPT UNPACKING pc=0x000001e7e71366a3 sp=0x0000002cee1fdf68 mode 2
Event: 0.428 Thread 0x000001e7dcf20140 Uncommon trap: trap_request=0xffffffde fr.pc=0x000001e7e76b0490 relative=0x0000000000000530
Event: 0.428 Thread 0x000001e7dcf20140 Uncommon trap: reason=class_check action=maybe_recompile pc=0x000001e7e76b0490 method=java.util.Collections$UnmodifiableCollection$1.<init>(Ljava/util/Collections$UnmodifiableCollection;)V @ 17 c2
Event: 0.428 Thread 0x000001e7dcf20140 DEOPT PACKING pc=0x000001e7e76b0490 sp=0x0000002cee1fe010
Event: 0.428 Thread 0x000001e7dcf20140 DEOPT UNPACKING pc=0x000001e7e71366a3 sp=0x0000002cee1fdf58 mode 2
Event: 0.428 Thread 0x000001e7dcf20140 Uncommon trap: trap_request=0xffffff45 fr.pc=0x000001e7e76be914 relative=0x0000000000000094
Event: 0.428 Thread 0x000001e7dcf20140 Uncommon trap: reason=unstable_if action=reinterpret pc=0x000001e7e76be914 method=java.util.HashMap.hash(Ljava/lang/Object;)I @ 1 c2
Event: 0.428 Thread 0x000001e7dcf20140 DEOPT PACKING pc=0x000001e7e76be914 sp=0x0000002cee1fdec0
Event: 0.428 Thread 0x000001e7dcf20140 DEOPT UNPACKING pc=0x000001e7e71366a3 sp=0x0000002cee1fde58 mode 2
Event: 0.477 Thread 0x000001e7dcf20140 DEOPT PACKING pc=0x000001e7dfbfdda2 sp=0x0000002cee1fd110
Event: 0.477 Thread 0x000001e7dcf20140 DEOPT UNPACKING pc=0x000001e7e7136e43 sp=0x0000002cee1fc570 mode 0

Classes unloaded (0 events):
No events

Classes redefined (0 events):
No events

Internal exceptions (20 events):
Event: 0.296 Thread 0x000001e7dcf20140 Exception <a 'java/io/FileNotFoundException'{0x00000000eb7a17f8}> (0x00000000eb7a17f8) 
thrown [s\src\hotspot\share\prims\jni.cpp, line 516]
Event: 0.296 Thread 0x000001e7dcf20140 Exception <a 'java/io/FileNotFoundException'{0x00000000eb7a24f0}> (0x00000000eb7a24f0) 
thrown [s\src\hotspot\share\prims\jni.cpp, line 516]
Event: 0.296 Thread 0x000001e7dcf20140 Exception <a 'java/io/FileNotFoundException'{0x00000000eb7a31b8}> (0x00000000eb7a31b8) 
thrown [s\src\hotspot\share\prims\jni.cpp, line 516]
Event: 0.299 Thread 0x000001e7dcf20140 Implicit null exception at 0x000001e7e76a1c72 to 0x000001e7e76a2190
Event: 0.301 Thread 0x000001e7dcf20140 Exception <a 'java/io/FileNotFoundException'{0x00000000eb7ddbc8}> (0x00000000eb7ddbc8) 
thrown [s\src\hotspot\share\prims\jni.cpp, line 516]
Event: 0.403 Thread 0x000001e7dcf20140 Exception <a 'java/lang/ClassNotFoundException'{0x00000000ec00bbd0}: sun/net/www/protocol/c/Handler> (0x00000000ec00bbd0) 
thrown [s\src\hotspot\share\classfile\systemDictionary.cpp, line 256]
Event: 0.404 Thread 0x000001e7dcf20140 Exception <a 'java/lang/ClassNotFoundException'{0x00000000ec00cf28}: sun/net/www/protocol/c/Handler> (0x00000000ec00cf28) 
thrown [s\src\hotspot\share\classfile\systemDictionary.cpp, line 256]
Event: 0.404 Thread 0x000001e7dcf20140 Exception <a 'java/lang/ClassNotFoundException'{0x00000000ec00e0c8}: sun/net/www/protocol/c/Handler> (0x00000000ec00e0c8) 
thrown [s\src\hotspot\share\classfile\systemDictionary.cpp, line 256]
Event: 0.410 Thread 0x000001e7dcf20140 Exception <a 'java/io/FileNotFoundException'{0x00000000ec02ce48}> (0x00000000ec02ce48) 
thrown [s\src\hotspot\share\prims\jni.cpp, line 516]
Event: 0.428 Thread 0x000001e7dcf20140 Implicit null exception at 0x000001e7e76d307b to 0x000001e7e76d3a9c
Event: 0.428 Thread 0x000001e7dcf20140 Implicit null exception at 0x000001e7e76c9571 to 0x000001e7e76c9750
Event: 0.428 Thread 0x000001e7dcf20140 Implicit null exception at 0x000001e7e76cab71 to 0x000001e7e76cad44
Event: 0.428 Thread 0x000001e7dcf20140 Implicit null exception at 0x000001e7e76be88f to 0x000001e7e76be905
Event: 0.452 Thread 0x000001e7dcf20140 Exception <a 'java/lang/NoSuchMethodError'{0x00000000ec2f7ed0}: 'int java.lang.invoke.DirectMethodHandle$Holder.invokeStaticInit(java.lang.Object, java.lang.Object, java.lang.Object, java.lang.Object)'> (0x00000000ec2f7ed0) 
thrown [s\src\hotspot\share\interpreter\linkResolver.cpp, line 759]
Event: 0.453 Thread 0x000001e7dcf20140 Exception <a 'java/lang/NoSuchMethodError'{0x00000000ec302540}: 'java.lang.Object java.lang.invoke.DirectMethodHandle$Holder.invokeInterface(java.lang.Object, java.lang.Object)'> (0x00000000ec302540) 
thrown [s\src\hotspot\share\interpreter\linkResolver.cpp, line 759]
Event: 0.453 Thread 0x000001e7dcf20140 Exception <a 'java/lang/IncompatibleClassChangeError'{0x00000000ec305d38}: Found class java.lang.Object, but interface was expected> (0x00000000ec305d38) 
thrown [s\src\hotspot\share\interpreter\linkResolver.cpp, line 826]
Event: 0.454 Thread 0x000001e7dcf20140 Exception <a 'java/lang/NoSuchMethodError'{0x00000000ec30a230}: 'void java.lang.invoke.DirectMethodHandle$Holder.invokeStatic(java.lang.Object, java.lang.Object)'> (0x00000000ec30a230) 
thrown [s\src\hotspot\share\interpreter\linkResolver.cpp, line 759]
Event: 0.454 Thread 0x000001e7dcf20140 Exception <a 'java/lang/NoSuchMethodError'{0x00000000ec30da30}: 'void java.lang.invoke.DirectMethodHandle$Holder.invokeStaticInit(java.lang.Object, java.lang.Object)'> (0x00000000ec30da30) 
thrown [s\src\hotspot\share\interpreter\linkResolver.cpp, line 759]
Event: 0.454 Thread 0x000001e7dcf20140 Exception <a 'java/lang/NoSuchMethodError'{0x00000000ec314e68}: 'int java.lang.invoke.DirectMethodHandle$Holder.invokeStaticInit(java.lang.Object, java.lang.Object)'> (0x00000000ec314e68) 
thrown [s\src\hotspot\share\interpreter\linkResolver.cpp, line 759]
Event: 0.488 Thread 0x000001e7dcf20140 Exception <a 'java/lang/NoSuchMethodError'{0x00000000eab3ab48}: 'void java.lang.invoke.DirectMethodHandle$Holder.invokeSpecial(java.lang.Object, java.lang.Object, java.lang.Object)'> (0x00000000eab3ab48) 
thrown [s\src\hotspot\share\interpreter\linkResolver.cpp, line 759]

VM Operations (14 events):
Event: 0.074 Executing VM operation: HandshakeAllThreads
Event: 0.074 Executing VM operation: HandshakeAllThreads done
Event: 0.116 Executing VM operation: HandshakeAllThreads
Event: 0.116 Executing VM operation: HandshakeAllThreads done
Event: 0.280 Executing VM operation: HandshakeAllThreads
Event: 0.280 Executing VM operation: HandshakeAllThreads done
Event: 0.289 Executing VM operation: HandshakeAllThreads
Event: 0.289 Executing VM operation: HandshakeAllThreads done
Event: 0.393 Executing VM operation: HandshakeAllThreads
Event: 0.393 Executing VM operation: HandshakeAllThreads done
Event: 0.428 Executing VM operation: ICBufferFull
Event: 0.429 Executing VM operation: ICBufferFull done
Event: 0.478 Executing VM operation: ParallelGCFailedAllocation
Event: 0.484 Executing VM operation: ParallelGCFailedAllocation done

Events (20 events):
Event: 0.468 loading class sun/nio/ch/FileKey
Event: 0.468 loading class sun/nio/ch/FileKey done
Event: 0.468 loading class sun/nio/ch/FileLockTable$FileLockReference
Event: 0.468 loading class sun/nio/ch/FileLockTable$FileLockReference done
Event: 0.470 loading class java/util/function/IntUnaryOperator
Event: 0.470 loading class java/util/function/IntUnaryOperator done
Event: 0.471 loading class java/io/DeleteOnExitHook
Event: 0.471 loading class java/io/DeleteOnExitHook done
Event: 0.471 loading class java/io/DeleteOnExitHook$1
Event: 0.471 loading class java/io/DeleteOnExitHook$1 done
Event: 0.471 loading class java/lang/Shutdown
Event: 0.471 loading class java/lang/Shutdown done
Event: 0.471 loading class java/lang/Shutdown$Lock
Event: 0.471 loading class java/lang/Shutdown$Lock done
Event: 0.472 loading class java/util/ComparableTimSort
Event: 0.472 loading class java/util/ComparableTimSort done
Event: 0.475 loading class java/io/DataInputStream
Event: 0.475 loading class java/io/DataInputStream done
Event: 0.488 loading class java/lang/invoke/DirectMethodHandle$Special
Event: 0.488 loading class java/lang/invoke/DirectMethodHandle$Special done


Dynamic libraries:
0x00007ff75be10000 - 0x00007ff75be1e000 	c:\Users\Aless\.vscode\extensions\redhat.java-1.19.0-win32-x64\jre\17.0.7-win32-x86_64\bin\java.exe
0x00007ffcec410000 - 0x00007ffcec608000 	C:\Windows\SYSTEM32\ntdll.dll
0x00007ffcead10000 - 0x00007ffceadcf000 	C:\Windows\System32\KERNEL32.DLL
0x00007ffcea010000 - 0x00007ffcea306000 	C:\Windows\System32\KERNELBASE.dll
0x00007ffce9bc0000 - 0x00007ffce9cc0000 	C:\Windows\System32\ucrtbase.dll
0x00007ffce35c0000 - 0x00007ffce35d9000 	c:\Users\Aless\.vscode\extensions\redhat.java-1.19.0-win32-x64\jre\17.0.7-win32-x86_64\bin\VCRUNTIME140.dll
0x00007ffce34b0000 - 0x00007ffce34c7000 	c:\Users\Aless\.vscode\extensions\redhat.java-1.19.0-win32-x64\jre\17.0.7-win32-x86_64\bin\jli.dll
0x00007ffceaab0000 - 0x00007ffceac4d000 	C:\Windows\System32\USER32.dll
0x00007ffce9af0000 - 0x00007ffce9b12000 	C:\Windows\System32\win32u.dll
0x00007ffceb320000 - 0x00007ffceb34c000 	C:\Windows\System32\GDI32.dll
0x00007ffcd2210000 - 0x00007ffcd24aa000 	C:\Windows\WinSxS\amd64_microsoft.windows.common-controls_6595b64144ccf1df_6.0.19041.1110_none_60b5254171f9507e\COMCTL32.dll
0x00007ffce9e50000 - 0x00007ffce9f65000 	C:\Windows\System32\gdi32full.dll
0x00007ffce9f70000 - 0x00007ffcea00d000 	C:\Windows\System32\msvcp_win.dll
0x00007ffceaa10000 - 0x00007ffceaaae000 	C:\Windows\System32\msvcrt.dll
0x00007ffceb350000 - 0x00007ffceb380000 	C:\Windows\System32\IMM32.DLL
0x00007ffce54f0000 - 0x00007ffce54fc000 	c:\Users\Aless\.vscode\extensions\redhat.java-1.19.0-win32-x64\jre\17.0.7-win32-x86_64\bin\vcruntime140_1.dll
0x00007ffcc1eb0000 - 0x00007ffcc1f41000 	c:\Users\Aless\.vscode\extensions\redhat.java-1.19.0-win32-x64\jre\17.0.7-win32-x86_64\bin\msvcp140.dll
0x00007ffc8ebe0000 - 0x00007ffc8f828000 	c:\Users\Aless\.vscode\extensions\redhat.java-1.19.0-win32-x64\jre\17.0.7-win32-x86_64\bin\server\jvm.dll
0x00007ffceb380000 - 0x00007ffceb42f000 	C:\Windows\System32\ADVAPI32.dll
0x00007ffceac60000 - 0x00007ffceacfc000 	C:\Windows\System32\sechost.dll
0x00007ffcea8e0000 - 0x00007ffceaa06000 	C:\Windows\System32\RPCRT4.dll
0x00007ffcd3280000 - 0x00007ffcd3289000 	C:\Windows\SYSTEM32\WSOCK32.dll
0x00007ffceb430000 - 0x00007ffceb49b000 	C:\Windows\System32\WS2_32.dll
0x00007ffcdf710000 - 0x00007ffcdf71a000 	C:\Windows\SYSTEM32\VERSION.dll
0x00007ffcdf6e0000 - 0x00007ffcdf707000 	C:\Windows\SYSTEM32\WINMM.dll
0x00007ffce7980000 - 0x00007ffce7992000 	C:\Windows\SYSTEM32\kernel.appcore.dll
0x00007ffce48f0000 - 0x00007ffce48fa000 	c:\Users\Aless\.vscode\extensions\redhat.java-1.19.0-win32-x64\jre\17.0.7-win32-x86_64\bin\jimage.dll
0x00007ffcdfa10000 - 0x00007ffcdfbf4000 	C:\Windows\SYSTEM32\DBGHELP.DLL
0x00007ffcd2ca0000 - 0x00007ffcd2cd4000 	C:\Windows\SYSTEM32\dbgcore.DLL
0x00007ffce9dc0000 - 0x00007ffce9e42000 	C:\Windows\System32\bcryptPrimitives.dll
0x00007ffce3520000 - 0x00007ffce352e000 	c:\Users\Aless\.vscode\extensions\redhat.java-1.19.0-win32-x64\jre\17.0.7-win32-x86_64\bin\instrument.dll
0x00007ffcd8160000 - 0x00007ffcd8185000 	c:\Users\Aless\.vscode\extensions\redhat.java-1.19.0-win32-x64\jre\17.0.7-win32-x86_64\bin\java.dll
0x00007ffce3400000 - 0x00007ffce3418000 	c:\Users\Aless\.vscode\extensions\redhat.java-1.19.0-win32-x64\jre\17.0.7-win32-x86_64\bin\zip.dll
0x00007ffcebb50000 - 0x00007ffcec294000 	C:\Windows\System32\SHELL32.dll
0x00007ffce7ba0000 - 0x00007ffce8333000 	C:\Windows\SYSTEM32\windows.storage.dll
0x00007ffceb500000 - 0x00007ffceb854000 	C:\Windows\System32\combase.dll
0x00007ffce9540000 - 0x00007ffce956e000 	C:\Windows\SYSTEM32\Wldp.dll
0x00007ffceb270000 - 0x00007ffceb31d000 	C:\Windows\System32\SHCORE.dll
0x00007ffceb4a0000 - 0x00007ffceb4f5000 	C:\Windows\System32\shlwapi.dll
0x00007ffce9a30000 - 0x00007ffce9a4f000 	C:\Windows\SYSTEM32\profapi.dll
0x00007ffce1ff0000 - 0x00007ffce2009000 	C:\Users\Aless\.vscode\extensions\redhat.java-1.19.0-win32-x64\jre\17.0.7-win32-x86_64\bin\net.dll
0x00007ffce3ca0000 - 0x00007ffce3daa000 	C:\Windows\SYSTEM32\WINHTTP.dll
0x00007ffce91c0000 - 0x00007ffce922a000 	C:\Windows\system32\mswsock.dll
0x00007ffce14e0000 - 0x00007ffce14f5000 	C:\Users\Aless\.vscode\extensions\redhat.java-1.19.0-win32-x64\jre\17.0.7-win32-x86_64\bin\nio.dll
0x00007ffce33b0000 - 0x00007ffce33c0000 	c:\Users\Aless\.vscode\extensions\redhat.java-1.19.0-win32-x64\jre\17.0.7-win32-x86_64\bin\verify.dll

dbghelp: loaded successfully - version: 4.0.5 - missing functions: none
symbol engine: initialized successfully - sym options: 0x614 - pdb path: .;c:\Users\Aless\.vscode\extensions\redhat.java-1.19.0-win32-x64\jre\17.0.7-win32-x86_64\bin;C:\Windows\SYSTEM32;C:\Windows\WinSxS\amd64_microsoft.windows.common-controls_6595b64144ccf1df_6.0.19041.1110_none_60b5254171f9507e;c:\Users\Aless\.vscode\extensions\redhat.java-1.19.0-win32-x64\jre\17.0.7-win32-x86_64\bin\server

VM Arguments:
jvm_args: --add-modules=ALL-SYSTEM --add-opens=java.base/java.util=ALL-UNNAMED --add-opens=java.base/java.lang=ALL-UNNAMED --add-opens=java.base/sun.nio.fs=ALL-UNNAMED -Declipse.application=org.eclipse.jdt.ls.core.id1 -Dosgi.bundles.defaultStartLevel=4 -Declipse.product=org.eclipse.jdt.ls.core.product -Djava.import.generatesMetadataFilesAtProjectRoot=false -Dfile.encoding=utf8 -XX:+UseParallelGC -XX:GCTimeRatio=4 -XX:AdaptiveSizePolicyWeight=90 -Dsun.zip.disableMemoryMapping=true -Xmx1G -Xms100m -Xlog:disable -javaagent:c:\Users\Aless\.vscode\extensions\redhat.java-1.19.0-win32-x64\lombok\lombok-1.18.28.jar 
java_command: c:\Users\Aless\.vscode\extensions\redhat.java-1.19.0-win32-x64\server\plugins\org.eclipse.equinox.launcher_1.6.400.v20210924-0641.jar -configuration c:\Users\Aless\AppData\Roaming\Code\User\globalStorage\redhat.java\1.19.0\config_ss_win -data c:\Users\Aless\AppData\Roaming\Code\User\workspaceStorage\b18c25d07db68503f5c91407cfb7b02b\redhat.java\ss_ws
java_class_path (initial): c:\Users\Aless\.vscode\extensions\redhat.java-1.19.0-win32-x64\server\plugins\org.eclipse.equinox.launcher_1.6.400.v20210924-0641.jar
Launcher Type: SUN_STANDARD

[Global flags]
    uintx AdaptiveSizePolicyWeight                 = 90                                        {product} {command line}
     intx CICompilerCount                          = 4                                         {product} {ergonomic}
    uintx GCTimeRatio                              = 4                                         {product} {command line}
   size_t InitialHeapSize                          = 104857600                                 {product} {command line}
   size_t MaxHeapSize                              = 1073741824                                {product} {command line}
   size_t MaxNewSize                               = 357564416                                 {product} {ergonomic}
   size_t MinHeapDeltaBytes                        = 524288                                    {product} {ergonomic}
   size_t MinHeapSize                              = 104857600                                 {product} {command line}
   size_t NewSize                                  = 34603008                                  {product} {ergonomic}
    uintx NonNMethodCodeHeapSize                   = 5839372                                {pd product} {ergonomic}
    uintx NonProfiledCodeHeapSize                  = 122909434                              {pd product} {ergonomic}
   size_t OldSize                                  = 70254592                                  {product} {ergonomic}
    uintx ProfiledCodeHeapSize                     = 122909434                              {pd product} {ergonomic}
    uintx ReservedCodeCacheSize                    = 251658240                              {pd product} {ergonomic}
     bool SegmentedCodeCache                       = true                                      {product} {ergonomic}
   size_t SoftMaxHeapSize                          = 1073741824                             {manageable} {ergonomic}
     bool UseCompressedClassPointers               = true                           {product lp64_product} {ergonomic}
     bool UseCompressedOops                        = true                           {product lp64_product} {ergonomic}
     bool UseLargePagesIndividualAllocation        = false                                  {pd product} {ergonomic}
     bool UseParallelGC                            = true                                      {product} {command line}

Logging:
Log output configuration:
 #0: stdout all=off uptime,level,tags
 #1: stderr all=off uptime,level,tags

Environment Variables:
PATH=C:\Program Files\Common Files\Oracle\Java\javapath;C:\Python311\Scripts\;C:\Python311\;C:\Windows\system32;C:\Windows;C:\Windows\System32\Wbem;C:\Windows\System32\WindowsPowerShell\v1.0\;C:\Windows\System32\OpenSSH\;C:\Program Files\Git\cmd;C:\Program Files\nodejs\;C:\ProgramData\chocolatey\bin;C:\Users\Aless\AppData\Local\Microsoft\WindowsApps;C:\Users\Aless\AppData\Local\Programs\Microsoft VS Code\bin;C:\Users\Aless\AppData\Roaming\npm;C:\Users\Aless\AppData\Local\GitHubDesktop\bin
USERNAME=Aless
OS=Windows_NT
PROCESSOR_IDENTIFIER=AMD64 Family 25 Model 80 Stepping 0, AuthenticAMD
TMP=C:\Users\Aless\AppData\Local\Temp
TEMP=C:\Users\Aless\AppData\Local\Temp



---------------  S Y S T E M  ---------------

OS:
 Windows 10 , 64 bit Build 19041 (10.0.19041.3031)
OS uptime: 4 days 4:43 hours

CPU: total 12 (initial active 12) (12 cores per cpu, 2 threads per core) family 25 model 80 stepping 0 microcode 0x0, cx8, cmov, fxsr, ht, mmx, 3dnowpref, sse, sse2, sse3, ssse3, sse4a, sse4.1, sse4.2, popcnt, lzcnt, tsc, tscinvbit, avx, avx2, aes, erms, clmul, bmi1, bmi2, adx, sha, fma, vzeroupper, clflush, clflushopt

Memory: 4k page, system-wide physical 14245M (1784M free)
TotalPageFile size 42717M (AvailPageFile size 7M)
current process WorkingSet (physical memory assigned to process): 76M, peak: 76M
current process commit charge ("private bytes"): 206M, peak: 207M

vm_info: OpenJDK 64-Bit Server VM (17.0.7+7) for windows-amd64 JRE (17.0.7+7), built on Apr 18 2023 22:10:42 by "temurin" with MS VC++ 16.7 (VS2019)

END.
