#
# There is insufficient memory for the Java Runtime Environment to continue.
# Native memory allocation (mmap) failed to map 65536 bytes for Failed to commit metaspace.
# Possible reasons:
#   The system is out of physical RAM or swap space
#   The process is running with CompressedOops enabled, and the Java Heap may be blocking the growth of the native heap
# Possible solutions:
#   Reduce memory load on the system
#   Increase physical memory or swap space
#   Check if swap backing store is full
#   Decrease Java heap size (-Xmx/-Xms)
#   Decrease number of Java threads
#   Decrease Java thread stack sizes (-Xss)
#   Set larger code cache with -XX:ReservedCodeCacheSize=
#   JVM is running with Unscaled Compressed Oops mode in which the Java heap is
#     placed in the first 4GB address space. The Java Heap base address is the
#     maximum limit for the native heap growth. Please use -XX:HeapBaseMinAddress
#     to set the Java Heap base and to place the Java Heap above 4GB virtual address.
# This output file may be truncated or incomplete.
#
#  Out of Memory Error (virtualSpaceNode.cpp:110), pid=18376, tid=15608
#
# JRE version: OpenJDK Runtime Environment Temurin-17.0.7+7 (17.0.7+7) (build 17.0.7+7)
# Java VM: OpenJDK 64-Bit Server VM Temurin-17.0.7+7 (17.0.7+7, mixed mode, tiered, compressed oops, compressed class ptrs, parallel gc, windows-amd64)
# No core dump will be written. Minidumps are not enabled by default on client versions of Windows
#

---------------  S U M M A R Y ------------

Command Line: --add-modules=ALL-SYSTEM --add-opens=java.base/java.util=ALL-UNNAMED --add-opens=java.base/java.lang=ALL-UNNAMED --add-opens=java.base/sun.nio.fs=ALL-UNNAMED -Declipse.application=org.eclipse.jdt.ls.core.id1 -Dosgi.bundles.defaultStartLevel=4 -Declipse.product=org.eclipse.jdt.ls.core.product -Djava.import.generatesMetadataFilesAtProjectRoot=false -Dfile.encoding=utf8 -XX:+UseParallelGC -XX:GCTimeRatio=4 -XX:AdaptiveSizePolicyWeight=90 -Dsun.zip.disableMemoryMapping=true -Xmx1G -Xms100m -Xlog:disable -javaagent:c:\Users\Aless\.vscode\extensions\redhat.java-1.19.0-win32-x64\lombok\lombok-1.18.28.jar c:\Users\Aless\.vscode\extensions\redhat.java-1.19.0-win32-x64\server\plugins\org.eclipse.equinox.launcher_1.6.400.v20210924-0641.jar -configuration c:\Users\Aless\AppData\Roaming\Code\User\globalStorage\redhat.java\1.19.0\config_ss_win -data c:\Users\Aless\AppData\Roaming\Code\User\workspaceStorage\b18c25d07db68503f5c91407cfb7b02b\redhat.java\ss_ws

Host: AMD Ryzen 5 5600G with Radeon Graphics         , 12 cores, 13G,  Windows 10 , 64 bit Build 19041 (10.0.19041.3031)
Time: Mon Jun 19 19:55:44 2023 ora legale Europa occidentale elapsed time: 0.698415 seconds (0d 0h 0m 0s)

---------------  T H R E A D  ---------------

Current thread (0x000001d9988e18d0):  JavaThread "Start Level: Equinox Container: 355ad53c-368f-4f59-9b9d-f05103767311" daemon [_thread_in_vm, id=15608, stack(0x0000008656400000,0x0000008656500000)]

Stack: [0x0000008656400000,0x0000008656500000]
Native frames: (J=compiled Java code, j=interpreted, Vv=VM code, C=native code)
V  [jvm.dll+0x67754a]
V  [jvm.dll+0x834304]
V  [jvm.dll+0x835aae]
V  [jvm.dll+0x836113]
V  [jvm.dll+0x24696f]
V  [jvm.dll+0x83039b]
V  [jvm.dll+0x61c006]
V  [jvm.dll+0x61c06a]
V  [jvm.dll+0x61e89a]
V  [jvm.dll+0x61c9a6]
V  [jvm.dll+0x1e9597]
V  [jvm.dll+0x1ec3a3]
V  [jvm.dll+0x1e1891]
V  [jvm.dll+0x53ea50]
V  [jvm.dll+0x1f2067]
V  [jvm.dll+0x7af05b]
V  [jvm.dll+0x7b0402]
V  [jvm.dll+0x7b0738]
V  [jvm.dll+0x23ec6e]
V  [jvm.dll+0x23eebf]
V  [jvm.dll+0x55bfe3]
V  [jvm.dll+0x55e464]
V  [jvm.dll+0x38460b]
V  [jvm.dll+0x3840c2]
C  0x000001d98a108695

Java frames: (J=compiled Java code, j=interpreted, Vv=VM code)
j  com.sun.org.apache.xerces.internal.parsers.XML11Configuration.<init>(Lcom/sun/org/apache/xerces/internal/util/SymbolTable;Lcom/sun/org/apache/xerces/internal/xni/grammars/XMLGrammarPool;Lcom/sun/org/apache/xerces/internal/xni/parser/XMLComponentManager;)V+619 java.xml@17.0.7
j  com.sun.org.apache.xerces.internal.parsers.XIncludeAwareParserConfiguration.<init>(Lcom/sun/org/apache/xerces/internal/util/SymbolTable;Lcom/sun/org/apache/xerces/internal/xni/grammars/XMLGrammarPool;Lcom/sun/org/apache/xerces/internal/xni/parser/XMLComponentManager;)V+4 java.xml@17.0.7
j  com.sun.org.apache.xerces.internal.parsers.XIncludeAwareParserConfiguration.<init>()V+4 java.xml@17.0.7
j  com.sun.org.apache.xerces.internal.parsers.SAXParser.<init>(Lcom/sun/org/apache/xerces/internal/util/SymbolTable;Lcom/sun/org/apache/xerces/internal/xni/grammars/XMLGrammarPool;)V+5 java.xml@17.0.7
j  com.sun.org.apache.xerces.internal.parsers.SAXParser.<init>()V+3 java.xml@17.0.7
j  com.sun.org.apache.xerces.internal.jaxp.SAXParserImpl$JAXPSAXParser.<init>(Lcom/sun/org/apache/xerces/internal/jaxp/SAXParserImpl;Lcom/sun/org/apache/xerces/internal/utils/XMLSecurityPropertyManager;Lcom/sun/org/apache/xerces/internal/utils/XMLSecurityManager;)V+1 java.xml@17.0.7
j  com.sun.org.apache.xerces.internal.jaxp.SAXParserImpl.<init>(Lcom/sun/org/apache/xerces/internal/jaxp/SAXParserFactoryImpl;Ljava/util/Map;Z)V+46 java.xml@17.0.7
j  com.sun.org.apache.xerces.internal.jaxp.SAXParserFactoryImpl.newSAXParser()Ljavax/xml/parsers/SAXParser;+13 java.xml@17.0.7
j  org.apache.felix.scr.impl.BundleComponentActivator.loadDescriptor(Ljava/net/URL;)V+64
j  org.apache.felix.scr.impl.BundleComponentActivator.initialize(Ljava/util/List;)V+195
j  org.apache.felix.scr.impl.BundleComponentActivator.<init>(Lorg/apache/felix/scr/impl/logger/ScrLogger;Lorg/apache/felix/scr/impl/ComponentRegistry;Lorg/apache/felix/scr/impl/ComponentActorThread;Lorg/osgi/framework/BundleContext;Lorg/apache/felix/scr/impl/manager/ScrConfiguration;Ljava/util/List;Lorg/osgi/framework/ServiceReference;)V+124
j  org.apache.felix.scr.impl.Activator.loadComponents(Lorg/osgi/framework/Bundle;)V+373
j  org.apache.felix.scr.impl.Activator.access$200(Lorg/apache/felix/scr/impl/Activator;Lorg/osgi/framework/Bundle;)V+2
j  org.apache.felix.scr.impl.Activator$ScrExtension.start()V+72
j  org.apache.felix.scr.impl.AbstractExtender.createExtension(Lorg/osgi/framework/Bundle;)V+71
j  org.apache.felix.scr.impl.AbstractExtender.modifiedBundle(Lorg/osgi/framework/Bundle;Lorg/osgi/framework/BundleEvent;Lorg/osgi/framework/Bundle;)V+115
j  org.apache.felix.scr.impl.AbstractExtender.addingBundle(Lorg/osgi/framework/Bundle;Lorg/osgi/framework/BundleEvent;)Lorg/osgi/framework/Bundle;+4
j  org.apache.felix.scr.impl.AbstractExtender.addingBundle(Lorg/osgi/framework/Bundle;Lorg/osgi/framework/BundleEvent;)Ljava/lang/Object;+3
j  org.osgi.util.tracker.BundleTracker$Tracked.customizerAdding(Lorg/osgi/framework/Bundle;Lorg/osgi/framework/BundleEvent;)Ljava/lang/Object;+9
j  org.osgi.util.tracker.BundleTracker$Tracked.customizerAdding(Ljava/lang/Object;Ljava/lang/Object;)Ljava/lang/Object;+9
j  org.osgi.util.tracker.AbstractTracked.trackAdding(Ljava/lang/Object;Ljava/lang/Object;)V+8
j  org.osgi.util.tracker.AbstractTracked.track(Ljava/lang/Object;Ljava/lang/Object;)V+83
j  org.osgi.util.tracker.BundleTracker$Tracked.bundleChanged(Lorg/osgi/framework/BundleEvent;)V+35
J 1461 c1 org.eclipse.osgi.internal.framework.BundleContextImpl.dispatchEvent(Ljava/lang/Object;Ljava/lang/Object;ILjava/lang/Object;)V (558 bytes) @ 0x000001d982e54b3c [0x000001d982e53920+0x000000000000121c]
j  org.eclipse.osgi.framework.eventmgr.EventManager.dispatchEvent(Ljava/util/Set;Lorg/eclipse/osgi/framework/eventmgr/EventDispatcher;ILjava/lang/Object;)V+48
j  org.eclipse.osgi.framework.eventmgr.ListenerQueue.dispatchEventSynchronous(ILjava/lang/Object;)V+67
j  org.eclipse.osgi.internal.framework.EquinoxEventPublisher.publishBundleEventPrivileged(Lorg/osgi/framework/BundleEvent;)V+547
j  org.eclipse.osgi.internal.framework.EquinoxEventPublisher.publishBundleEvent(Lorg/osgi/framework/BundleEvent;)V+8
j  org.eclipse.osgi.internal.framework.EquinoxEventPublisher.publishBundleEvent(ILorg/osgi/framework/Bundle;Lorg/osgi/framework/Bundle;)V+15
j  org.eclipse.osgi.internal.framework.EquinoxContainerAdaptor.publishModuleEvent(Lorg/eclipse/osgi/container/ModuleContainerAdaptor$ModuleEvent;Lorg/eclipse/osgi/container/Module;Lorg/eclipse/osgi/container/Module;)V+29
j  org.eclipse.osgi.container.Module.publishEvent(Lorg/eclipse/osgi/container/ModuleContainerAdaptor$ModuleEvent;)V+13
j  org.eclipse.osgi.container.Module.start([Lorg/eclipse/osgi/container/Module$StartOptions;)V+588
j  org.eclipse.osgi.container.ModuleContainer$ContainerStartLevel$2.run()V+71
j  org.eclipse.osgi.internal.framework.EquinoxContainerAdaptor$1$1.execute(Ljava/lang/Runnable;)V+1
j  org.eclipse.osgi.container.ModuleContainer$ContainerStartLevel.incStartLevel(ILjava/util/List;Z)V+192
j  org.eclipse.osgi.container.ModuleContainer$ContainerStartLevel.incStartLevel(ILjava/util/List;Ljava/util/List;Ljava/util/List;Ljava/util/List;)V+4
j  org.eclipse.osgi.container.ModuleContainer$ContainerStartLevel.doContainerStartLevel(Lorg/eclipse/osgi/container/Module;I[Lorg/osgi/framework/FrameworkListener;)V+349
j  org.eclipse.osgi.container.ModuleContainer$ContainerStartLevel.dispatchEvent(Lorg/eclipse/osgi/container/Module;[Lorg/osgi/framework/FrameworkListener;ILjava/lang/Integer;)V+32
j  org.eclipse.osgi.container.ModuleContainer$ContainerStartLevel.dispatchEvent(Ljava/lang/Object;Ljava/lang/Object;ILjava/lang/Object;)V+15
j  org.eclipse.osgi.framework.eventmgr.EventManager.dispatchEvent(Ljava/util/Set;Lorg/eclipse/osgi/framework/eventmgr/EventDispatcher;ILjava/lang/Object;)V+48
j  org.eclipse.osgi.framework.eventmgr.EventManager$EventThread.run()V+26
v  ~StubRoutines::call_stub

---------------  P R O C E S S  ---------------

Threads class SMR info:
_java_thread_list=0x000001d998fdb880, length=18, elements={
0x000001d9fdbac080, 0x000001d9ffe71740, 0x000001d9ffe75f00, 0x000001d996e67170,
0x000001d996e67ef0, 0x000001d996e69bb0, 0x000001d996e6f0e0, 0x000001d996e76640,
0x000001d996e76ff0, 0x000001d996e800c0, 0x000001d9ffd00b80, 0x000001d996fc4cf0,
0x000001d9971bf440, 0x000001d9985b8ee0, 0x000001d99879bb70, 0x000001d99920ea80,
0x000001d9988e18d0, 0x000001d998ffd8a0
}

Java Threads: ( => current thread )
  0x000001d9fdbac080 JavaThread "main" [_thread_blocked, id=3400, stack(0x0000008654b00000,0x0000008654c00000)]
  0x000001d9ffe71740 JavaThread "Reference Handler" daemon [_thread_blocked, id=17744, stack(0x0000008654e00000,0x0000008654f00000)]
  0x000001d9ffe75f00 JavaThread "Finalizer" daemon [_thread_blocked, id=22992, stack(0x0000008654f00000,0x0000008655000000)]
  0x000001d996e67170 JavaThread "Signal Dispatcher" daemon [_thread_blocked, id=19040, stack(0x0000008655000000,0x0000008655100000)]
  0x000001d996e67ef0 JavaThread "Attach Listener" daemon [_thread_blocked, id=10428, stack(0x0000008655100000,0x0000008655200000)]
  0x000001d996e69bb0 JavaThread "Service Thread" daemon [_thread_blocked, id=21100, stack(0x0000008655200000,0x0000008655300000)]
  0x000001d996e6f0e0 JavaThread "Monitor Deflation Thread" daemon [_thread_blocked, id=7704, stack(0x0000008655300000,0x0000008655400000)]
  0x000001d996e76640 JavaThread "C2 CompilerThread0" daemon [_thread_blocked, id=20808, stack(0x0000008655400000,0x0000008655500000)]
  0x000001d996e76ff0 JavaThread "C1 CompilerThread0" daemon [_thread_blocked, id=14388, stack(0x0000008655500000,0x0000008655600000)]
  0x000001d996e800c0 JavaThread "Sweeper thread" daemon [_thread_blocked, id=8428, stack(0x0000008655600000,0x0000008655700000)]
  0x000001d9ffd00b80 JavaThread "Common-Cleaner" daemon [_thread_blocked, id=17804, stack(0x0000008655700000,0x0000008655800000)]
  0x000001d996fc4cf0 JavaThread "C2 CompilerThread1" daemon [_thread_blocked, id=9072, stack(0x0000008655800000,0x0000008655900000)]
  0x000001d9971bf440 JavaThread "Notification Thread" daemon [_thread_blocked, id=19704, stack(0x0000008655900000,0x0000008655a00000)]
  0x000001d9985b8ee0 JavaThread "C2 CompilerThread2" daemon [_thread_blocked, id=15292, stack(0x0000008655b00000,0x0000008655c00000)]
  0x000001d99879bb70 JavaThread "Active Thread: Equinox Container: 355ad53c-368f-4f59-9b9d-f05103767311" [_thread_blocked, id=3616, stack(0x0000008656200000,0x0000008656300000)]
  0x000001d99920ea80 JavaThread "Framework Event Dispatcher: Equinox Container: 355ad53c-368f-4f59-9b9d-f05103767311" daemon [_thread_blocked, id=10412, stack(0x0000008656300000,0x0000008656400000)]
=>0x000001d9988e18d0 JavaThread "Start Level: Equinox Container: 355ad53c-368f-4f59-9b9d-f05103767311" daemon [_thread_in_vm, id=15608, stack(0x0000008656400000,0x0000008656500000)]
  0x000001d998ffd8a0 JavaThread "SCR Component Actor" daemon [_thread_blocked, id=14984, stack(0x0000008656500000,0x0000008656600000)]

Other Threads:
  0x000001d996e42fe0 VMThread "VM Thread" [stack: 0x0000008654d00000,0x0000008654e00000] [id=23508]
  0x000001d9971a3770 WatcherThread [stack: 0x0000008655a00000,0x0000008655b00000] [id=22464]
  0x000001d9fdbc1370 GCTaskThread "GC Thread#0" [stack: 0x0000008654c00000,0x0000008654d00000] [id=11524]
  0x000001d99887b1e0 GCTaskThread "GC Thread#1" [stack: 0x0000008655c00000,0x0000008655d00000] [id=16392]
  0x000001d9985087f0 GCTaskThread "GC Thread#2" [stack: 0x0000008655d00000,0x0000008655e00000] [id=2908]
  0x000001d9986c3120 GCTaskThread "GC Thread#3" [stack: 0x0000008655e00000,0x0000008655f00000] [id=9452]
  0x000001d99887b490 GCTaskThread "GC Thread#4" [stack: 0x0000008655f00000,0x0000008656000000] [id=5824]
  0x000001d998f9d010 GCTaskThread "GC Thread#5" [stack: 0x0000008656000000,0x0000008656100000] [id=7644]
  0x000001d998f9d2c0 GCTaskThread "GC Thread#6" [stack: 0x0000008656100000,0x0000008656200000] [id=6892]

Threads with active compile tasks:

VM state: not at safepoint (normal execution)

VM Mutex/Monitor currently owned by a thread:  ([mutex/lock_event])
[0x000001d9fdba6f50] Metaspace_lock - owner thread: 0x000001d9988e18d0

Heap address: 0x00000000c0000000, size: 1024 MB, Compressed Oops mode: 32-bit

CDS archive(s) not mapped
Compressed class space mapped at: 0x0000000100000000-0x0000000140000000, reserved size: 1073741824
Narrow klass base: 0x0000000000000000, Narrow klass shift: 3, Narrow klass range: 0x140000000

GC Precious Log:
 CPUs: 12 total, 12 available
 Memory: 14245M
 Large Page Support: Disabled
 NUMA Support: Disabled
 Compressed Oops: Enabled (32-bit)
 Alignments: Space 512K, Generation 512K, Heap 2M
 Heap Min Capacity: 100M
 Heap Initial Capacity: 100M
 Heap Max Capacity: 1G
 Pre-touch: Disabled
 Parallel Workers: 10

Heap:
 PSYoungGen      total 29696K, used 27180K [0x00000000eab00000, 0x00000000ecc00000, 0x0000000100000000)
  eden space 25600K, 93% used [0x00000000eab00000,0x00000000ec274e58,0x00000000ec400000)
  from space 4096K, 77% used [0x00000000ec400000,0x00000000ec7163b8,0x00000000ec800000)
  to   space 4096K, 0% used [0x00000000ec800000,0x00000000ec800000,0x00000000ecc00000)
 ParOldGen       total 68608K, used 16K [0x00000000c0000000, 0x00000000c4300000, 0x00000000eab00000)
  object space 68608K, 0% used [0x00000000c0000000,0x00000000c0004000,0x00000000c4300000)
 Metaspace       used 14842K, committed 15104K, reserved 1114112K
  class space    used 1512K, committed 1664K, reserved 1048576K

Card table byte_map: [0x000001d9fd560000,0x000001d9fd770000] _byte_map_base: 0x000001d9fcf60000

Marking Bits: (ParMarkBitMap*) 0x00007ffca13852c0
 Begin Bits: [0x000001d9fdc80000, 0x000001d9fec80000)
 End Bits:   [0x000001d9fec80000, 0x000001d9ffc80000)

Polling page: 0x000001d9fbb70000

Metaspace:

Usage:
  Non-class:     13.02 MB used.
      Class:      1.48 MB used.
       Both:     14.49 MB used.

Virtual space:
  Non-class space:       64.00 MB reserved,      13.12 MB ( 21%) committed,  1 nodes.
      Class space:        1.00 GB reserved,       1.62 MB ( <1%) committed,  1 nodes.
             Both:        1.06 GB reserved,      14.75 MB (  1%) committed. 

Chunk freelists:
   Non-Class:  2.77 MB
       Class:  14.36 MB
        Both:  17.14 MB

MaxMetaspaceSize: unlimited
CompressedClassSpaceSize: 1.00 GB
Initial GC threshold: 21.00 MB
Current GC threshold: 21.00 MB
CDS: off
MetaspaceReclaimPolicy: balanced
 - commit_granule_bytes: 65536.
 - commit_granule_words: 8192.
 - virtual_space_node_default_size: 8388608.
 - enlarge_chunks_in_place: 1.
 - new_chunks_are_fully_committed: 0.
 - uncommit_free_chunks: 1.
 - use_allocation_guard: 0.
 - handle_deallocations: 1.


Internal statistics:

num_allocs_failed_limit: 0.
num_arena_births: 88.
num_arena_deaths: 0.
num_vsnodes_births: 2.
num_vsnodes_deaths: 0.
num_space_committed: 236.
num_space_uncommitted: 0.
num_chunks_returned_to_freelist: 0.
num_chunks_taken_from_freelist: 292.
num_chunk_merges: 0.
num_chunk_splits: 197.
num_chunks_enlarged: 151.
num_inconsistent_stats: 0.

CodeHeap 'non-profiled nmethods': size=120000Kb used=648Kb max_used=648Kb free=119351Kb
 bounds [0x000001d98a690000, 0x000001d98a900000, 0x000001d991bc0000]
CodeHeap 'profiled nmethods': size=120000Kb used=2856Kb max_used=2856Kb free=117143Kb
 bounds [0x000001d982bc0000, 0x000001d982e90000, 0x000001d98a0f0000]
CodeHeap 'non-nmethods': size=5760Kb used=1164Kb max_used=1194Kb free=4596Kb
 bounds [0x000001d98a0f0000, 0x000001d98a360000, 0x000001d98a690000]
 total_blobs=2039 nmethods=1585 adapters=368
 compilation: enabled
              stopped_count=0, restarted_count=0
 full_count=0

Compilation events (20 events):
Event: 0.691 Thread 0x000001d996e76ff0 1575       3       java.lang.invoke.MethodType::insertParameterTypes (121 bytes)
Event: 0.692 Thread 0x000001d996e76ff0 nmethod 1575 0x000001d982e82910 code [0x000001d982e82be0, 0x000001d982e839a8]
Event: 0.692 Thread 0x000001d996e76ff0 1578       3       jdk.internal.org.objectweb.asm.ByteVector::put11 (52 bytes)
Event: 0.692 Thread 0x000001d996e76ff0 nmethod 1578 0x000001d982e83f10 code [0x000001d982e840c0, 0x000001d982e842c8]
Event: 0.692 Thread 0x000001d996e76ff0 1576       3       java.lang.invoke.LambdaForm$Name::isParam (13 bytes)
Event: 0.692 Thread 0x000001d996e76ff0 nmethod 1576 0x000001d982e84410 code [0x000001d982e845a0, 0x000001d982e84718]
Event: 0.692 Thread 0x000001d996e76ff0 1574       3       java.lang.invoke.MethodHandles$Lookup::checkSymbolicClass (25 bytes)
Event: 0.692 Thread 0x000001d996e76ff0 nmethod 1574 0x000001d982e84790 code [0x000001d982e84960, 0x000001d982e84bc8]
Event: 0.692 Thread 0x000001d996e76ff0 1579       3       jdk.internal.org.objectweb.asm.MethodWriter::visitMethodInsn (191 bytes)
Event: 0.693 Thread 0x000001d996e76ff0 nmethod 1579 0x000001d982e84d10 code [0x000001d982e84f40, 0x000001d982e856c8]
Event: 0.693 Thread 0x000001d996e76ff0 1580       3       jdk.internal.org.objectweb.asm.SymbolTable::addConstantMethodref (24 bytes)
Event: 0.693 Thread 0x000001d996e76ff0 nmethod 1580 0x000001d982e85a10 code [0x000001d982e85bc0, 0x000001d982e85d68]
Event: 0.693 Thread 0x000001d996e76ff0 1581       3       java.lang.invoke.LambdaForm::prepare (112 bytes)
Event: 0.693 Thread 0x000001d996e76ff0 nmethod 1581 0x000001d982e85e10 code [0x000001d982e86040, 0x000001d982e867d8]
Event: 0.693 Thread 0x000001d996e76ff0 1583       3       java.lang.Class::descriptorString (170 bytes)
Event: 0.694 Thread 0x000001d996e76ff0 nmethod 1583 0x000001d982e86a90 code [0x000001d982e86f60, 0x000001d982e88b58]
Event: 0.695 Thread 0x000001d996e76ff0 1584       3       java.security.AccessController::executePrivileged (65 bytes)
Event: 0.695 Thread 0x000001d996e76ff0 nmethod 1584 0x000001d982e89510 code [0x000001d982e896e0, 0x000001d982e899d8]
Event: 0.695 Thread 0x000001d996e76ff0 1585       3       java.security.AccessController::doPrivileged (9 bytes)
Event: 0.695 Thread 0x000001d996e76ff0 nmethod 1585 0x000001d982e89b10 code [0x000001d982e89ce0, 0x000001d982e89ff8]

GC Heap History (2 events):
Event: 0.394 GC heap before
{Heap before GC invocations=1 (full 0):
 PSYoungGen      total 29696K, used 25600K [0x00000000eab00000, 0x00000000ecc00000, 0x0000000100000000)
  eden space 25600K, 100% used [0x00000000eab00000,0x00000000ec400000,0x00000000ec400000)
  from space 4096K, 0% used [0x00000000ec800000,0x00000000ec800000,0x00000000ecc00000)
  to   space 4096K, 0% used [0x00000000ec400000,0x00000000ec400000,0x00000000ec800000)
 ParOldGen       total 68608K, used 0K [0x00000000c0000000, 0x00000000c4300000, 0x00000000eab00000)
  object space 68608K, 0% used [0x00000000c0000000,0x00000000c0000000,0x00000000c4300000)
 Metaspace       used 11193K, committed 11392K, reserved 1114112K
  class space    used 1122K, committed 1216K, reserved 1048576K
}
Event: 0.398 GC heap after
{Heap after GC invocations=1 (full 0):
 PSYoungGen      total 29696K, used 3160K [0x00000000eab00000, 0x00000000ecc00000, 0x0000000100000000)
  eden space 25600K, 0% used [0x00000000eab00000,0x00000000eab00000,0x00000000ec400000)
  from space 4096K, 77% used [0x00000000ec400000,0x00000000ec7163b8,0x00000000ec800000)
  to   space 4096K, 0% used [0x00000000ec800000,0x00000000ec800000,0x00000000ecc00000)
 ParOldGen       total 68608K, used 16K [0x00000000c0000000, 0x00000000c4300000, 0x00000000eab00000)
  object space 68608K, 0% used [0x00000000c0000000,0x00000000c0004000,0x00000000c4300000)
 Metaspace       used 11193K, committed 11392K, reserved 1114112K
  class space    used 1122K, committed 1216K, reserved 1048576K
}

Dll operation events (9 events):
Event: 0.004 Loaded shared library c:\Users\Aless\.vscode\extensions\redhat.java-1.19.0-win32-x64\jre\17.0.7-win32-x86_64\bin\java.dll
Event: 0.082 Loaded shared library c:\Users\Aless\.vscode\extensions\redhat.java-1.19.0-win32-x64\jre\17.0.7-win32-x86_64\bin\zip.dll
Event: 0.084 Loaded shared library C:\Users\Aless\.vscode\extensions\redhat.java-1.19.0-win32-x64\jre\17.0.7-win32-x86_64\bin\instrument.dll
Event: 0.091 Loaded shared library C:\Users\Aless\.vscode\extensions\redhat.java-1.19.0-win32-x64\jre\17.0.7-win32-x86_64\bin\net.dll
Event: 0.092 Loaded shared library C:\Users\Aless\.vscode\extensions\redhat.java-1.19.0-win32-x64\jre\17.0.7-win32-x86_64\bin\nio.dll
Event: 0.096 Loaded shared library C:\Users\Aless\.vscode\extensions\redhat.java-1.19.0-win32-x64\jre\17.0.7-win32-x86_64\bin\zip.dll
Event: 0.103 Loaded shared library C:\Users\Aless\.vscode\extensions\redhat.java-1.19.0-win32-x64\jre\17.0.7-win32-x86_64\bin\jimage.dll
Event: 0.132 Loaded shared library c:\Users\Aless\.vscode\extensions\redhat.java-1.19.0-win32-x64\jre\17.0.7-win32-x86_64\bin\verify.dll
Event: 0.637 Loaded shared library C:\Users\Aless\AppData\Roaming\Code\User\globalStorage\redhat.java\1.19.0\config_ss_win\org.eclipse.equinox.launcher\org.eclipse.equinox.launcher.win32.win32.x86_64_1.2.700.v20221108-1024\eclipse_11801.dll

Deoptimization events (20 events):
Event: 0.424 Thread 0x000001d9fdbac080 Uncommon trap: trap_request=0xffffff45 fr.pc=0x000001d98a6edae0 relative=0x00000000000001e0
Event: 0.424 Thread 0x000001d9fdbac080 Uncommon trap: reason=unstable_if action=reinterpret pc=0x000001d98a6edae0 method=java.io.BufferedInputStream.read()I @ 8 c2
Event: 0.424 Thread 0x000001d9fdbac080 DEOPT PACKING pc=0x000001d98a6edae0 sp=0x0000008654bfe150
Event: 0.424 Thread 0x000001d9fdbac080 DEOPT UNPACKING pc=0x000001d98a1466a3 sp=0x0000008654bfe100 mode 2
Event: 0.435 Thread 0x000001d9fdbac080 Uncommon trap: trap_request=0xffffff45 fr.pc=0x000001d98a6c592c relative=0x0000000000000b8c
Event: 0.435 Thread 0x000001d9fdbac080 Uncommon trap: reason=unstable_if action=reinterpret pc=0x000001d98a6c592c method=lombok.patcher.PatchScript.classMatches(Ljava/lang/String;Ljava/util/Collection;)Z @ 25 c2
Event: 0.435 Thread 0x000001d9fdbac080 DEOPT PACKING pc=0x000001d98a6c592c sp=0x0000008654bf84d0
Event: 0.435 Thread 0x000001d9fdbac080 DEOPT UNPACKING pc=0x000001d98a1466a3 sp=0x0000008654bf8490 mode 2
Event: 0.435 Thread 0x000001d9fdbac080 Uncommon trap: trap_request=0xffffff45 fr.pc=0x000001d98a6b9d94 relative=0x0000000000000074
Event: 0.435 Thread 0x000001d9fdbac080 Uncommon trap: reason=unstable_if action=reinterpret pc=0x000001d98a6b9d94 method=lombok.patcher.scripts.MethodLevelPatchScript.patch(Ljava/lang/String;[BLlombok/patcher/TransplantMapper;)[B @ 8 c2
Event: 0.435 Thread 0x000001d9fdbac080 DEOPT PACKING pc=0x000001d98a6b9d94 sp=0x0000008654bf8540
Event: 0.435 Thread 0x000001d9fdbac080 DEOPT UNPACKING pc=0x000001d98a1466a3 sp=0x0000008654bf84d0 mode 2
Event: 0.566 Thread 0x000001d9fdbac080 Uncommon trap: trap_request=0xffffffde fr.pc=0x000001d98a6f45d0 relative=0x0000000000000910
Event: 0.566 Thread 0x000001d9fdbac080 Uncommon trap: reason=class_check action=maybe_recompile pc=0x000001d98a6f45d0 method=java.util.HashMap.putVal(ILjava/lang/Object;Ljava/lang/Object;ZZ)Ljava/lang/Object; @ 253 c2
Event: 0.566 Thread 0x000001d9fdbac080 DEOPT PACKING pc=0x000001d98a6f45d0 sp=0x0000008654bfde20
Event: 0.566 Thread 0x000001d9fdbac080 DEOPT UNPACKING pc=0x000001d98a1466a3 sp=0x0000008654bfdda0 mode 2
Event: 0.567 Thread 0x000001d9fdbac080 Uncommon trap: trap_request=0xffffffde fr.pc=0x000001d98a6f45d0 relative=0x0000000000000910
Event: 0.567 Thread 0x000001d9fdbac080 Uncommon trap: reason=class_check action=maybe_recompile pc=0x000001d98a6f45d0 method=java.util.HashMap.putVal(ILjava/lang/Object;Ljava/lang/Object;ZZ)Ljava/lang/Object; @ 253 c2
Event: 0.567 Thread 0x000001d9fdbac080 DEOPT PACKING pc=0x000001d98a6f45d0 sp=0x0000008654bfde20
Event: 0.567 Thread 0x000001d9fdbac080 DEOPT UNPACKING pc=0x000001d98a1466a3 sp=0x0000008654bfdda0 mode 2

Classes unloaded (0 events):
No events

Classes redefined (0 events):
No events

Internal exceptions (20 events):
Event: 0.253 Thread 0x000001d9fdbac080 Implicit null exception at 0x000001d98a6b0a72 to 0x000001d98a6b0f90
Event: 0.254 Thread 0x000001d9fdbac080 Exception <a 'java/io/FileNotFoundException'{0x00000000eb7d5e68}> (0x00000000eb7d5e68) 
thrown [s\src\hotspot\share\prims\jni.cpp, line 516]
Event: 0.339 Thread 0x000001d9fdbac080 Exception <a 'java/lang/ClassNotFoundException'{0x00000000ec003618}: sun/net/www/protocol/c/Handler> (0x00000000ec003618) 
thrown [s\src\hotspot\share\classfile\systemDictionary.cpp, line 256]
Event: 0.339 Thread 0x000001d9fdbac080 Exception <a 'java/lang/ClassNotFoundException'{0x00000000ec004970}: sun/net/www/protocol/c/Handler> (0x00000000ec004970) 
thrown [s\src\hotspot\share\classfile\systemDictionary.cpp, line 256]
Event: 0.339 Thread 0x000001d9fdbac080 Exception <a 'java/lang/ClassNotFoundException'{0x00000000ec005b10}: sun/net/www/protocol/c/Handler> (0x00000000ec005b10) 
thrown [s\src\hotspot\share\classfile\systemDictionary.cpp, line 256]
Event: 0.343 Thread 0x000001d9fdbac080 Exception <a 'java/io/FileNotFoundException'{0x00000000ec024890}> (0x00000000ec024890) 
thrown [s\src\hotspot\share\prims\jni.cpp, line 516]
Event: 0.357 Thread 0x000001d9fdbac080 Implicit null exception at 0x000001d98a6e327b to 0x000001d98a6e3c20
Event: 0.357 Thread 0x000001d9fdbac080 Implicit null exception at 0x000001d98a6d6b6c to 0x000001d98a6d6d48
Event: 0.357 Thread 0x000001d9fdbac080 Implicit null exception at 0x000001d98a6cd18c to 0x000001d98a6cd3a0
Event: 0.357 Thread 0x000001d9fdbac080 Implicit null exception at 0x000001d98a6c940f to 0x000001d98a6c9485
Event: 0.377 Thread 0x000001d9fdbac080 Exception <a 'java/lang/NoSuchMethodError'{0x00000000ec2efd78}: 'int java.lang.invoke.DirectMethodHandle$Holder.invokeStaticInit(java.lang.Object, java.lang.Object, java.lang.Object, java.lang.Object)'> (0x00000000ec2efd78) 
thrown [s\src\hotspot\share\interpreter\linkResolver.cpp, line 759]
Event: 0.378 Thread 0x000001d9fdbac080 Exception <a 'java/lang/NoSuchMethodError'{0x00000000ec2fa3e8}: 'java.lang.Object java.lang.invoke.DirectMethodHandle$Holder.invokeInterface(java.lang.Object, java.lang.Object)'> (0x00000000ec2fa3e8) 
thrown [s\src\hotspot\share\interpreter\linkResolver.cpp, line 759]
Event: 0.378 Thread 0x000001d9fdbac080 Exception <a 'java/lang/IncompatibleClassChangeError'{0x00000000ec2fdbe0}: Found class java.lang.Object, but interface was expected> (0x00000000ec2fdbe0) 
thrown [s\src\hotspot\share\interpreter\linkResolver.cpp, line 826]
Event: 0.379 Thread 0x000001d9fdbac080 Exception <a 'java/lang/NoSuchMethodError'{0x00000000ec3020d8}: 'void java.lang.invoke.DirectMethodHandle$Holder.invokeStatic(java.lang.Object, java.lang.Object)'> (0x00000000ec3020d8) 
thrown [s\src\hotspot\share\interpreter\linkResolver.cpp, line 759]
Event: 0.379 Thread 0x000001d9fdbac080 Exception <a 'java/lang/NoSuchMethodError'{0x00000000ec3058d8}: 'void java.lang.invoke.DirectMethodHandle$Holder.invokeStaticInit(java.lang.Object, java.lang.Object)'> (0x00000000ec3058d8) 
thrown [s\src\hotspot\share\interpreter\linkResolver.cpp, line 759]
Event: 0.379 Thread 0x000001d9fdbac080 Exception <a 'java/lang/NoSuchMethodError'{0x00000000ec30ccf0}: 'int java.lang.invoke.DirectMethodHandle$Holder.invokeStaticInit(java.lang.Object, java.lang.Object)'> (0x00000000ec30ccf0) 
thrown [s\src\hotspot\share\interpreter\linkResolver.cpp, line 759]
Event: 0.401 Thread 0x000001d9fdbac080 Exception <a 'java/lang/NoSuchMethodError'{0x00000000eab337b8}: 'void java.lang.invoke.DirectMethodHandle$Holder.invokeSpecial(java.lang.Object, java.lang.Object, java.lang.Object)'> (0x00000000eab337b8) 
thrown [s\src\hotspot\share\interpreter\linkResolver.cpp, line 759]
Event: 0.555 Thread 0x000001d9fdbac080 Exception <a 'java/lang/NoSuchMethodError'{0x00000000eb76bea8}: 'java.lang.Object java.lang.invoke.DirectMethodHandle$Holder.newInvokeSpecial(java.lang.Object, int, java.lang.Object)'> (0x00000000eb76bea8) 
thrown [s\src\hotspot\share\interpreter\linkResolver.cpp, line 759]
Event: 0.634 Thread 0x000001d9fdbac080 Exception <a 'java/lang/UnsatisfiedLinkError'{0x00000000ebc9e650}: 'void org.eclipse.equinox.launcher.JNIBridge._update_splash()'> (0x00000000ebc9e650) 
thrown [s\src\hotspot\share\prims\nativeLookup.cpp, line 543]
Event: 0.661 Thread 0x000001d9988e18d0 Exception <a 'java/lang/NoSuchMethodError'{0x00000000ebfba830}: 'java.lang.Object java.lang.invoke.DirectMethodHandle$Holder.invokeStaticInit(java.lang.Object)'> (0x00000000ebfba830) 
thrown [s\src\hotspot\share\interpreter\linkResolver.cpp, line 759]

VM Operations (20 events):
Event: 0.245 Executing VM operation: HandshakeAllThreads
Event: 0.245 Executing VM operation: HandshakeAllThreads done
Event: 0.332 Executing VM operation: HandshakeAllThreads
Event: 0.332 Executing VM operation: HandshakeAllThreads done
Event: 0.362 Executing VM operation: ICBufferFull
Event: 0.362 Executing VM operation: ICBufferFull done
Event: 0.394 Executing VM operation: ParallelGCFailedAllocation
Event: 0.398 Executing VM operation: ParallelGCFailedAllocation done
Event: 0.538 Executing VM operation: HandshakeAllThreads
Event: 0.538 Executing VM operation: HandshakeAllThreads done
Event: 0.538 Executing VM operation: HandshakeAllThreads
Event: 0.538 Executing VM operation: HandshakeAllThreads done
Event: 0.541 Executing VM operation: HandshakeAllThreads
Event: 0.541 Executing VM operation: HandshakeAllThreads done
Event: 0.550 Executing VM operation: HandshakeAllThreads
Event: 0.550 Executing VM operation: HandshakeAllThreads done
Event: 0.664 Executing VM operation: ICBufferFull
Event: 0.664 Executing VM operation: ICBufferFull done
Event: 0.672 Executing VM operation: HandshakeAllThreads
Event: 0.672 Executing VM operation: HandshakeAllThreads done

Events (20 events):
Event: 0.696 loading class com/sun/org/apache/xerces/internal/jaxp/SAXParserImpl$JAXPSAXParser done
Event: 0.696 loading class com/sun/org/apache/xerces/internal/parsers/XIncludeAwareParserConfiguration
Event: 0.696 loading class com/sun/org/apache/xerces/internal/parsers/XML11Configuration
Event: 0.697 loading class com/sun/org/apache/xerces/internal/xni/parser/XMLPullParserConfiguration
Event: 0.697 loading class com/sun/org/apache/xerces/internal/xni/parser/XMLParserConfiguration
Event: 0.697 loading class com/sun/org/apache/xerces/internal/xni/parser/XMLComponentManager
Event: 0.697 loading class com/sun/org/apache/xerces/internal/xni/parser/XMLComponentManager done
Event: 0.697 loading class com/sun/org/apache/xerces/internal/xni/parser/XMLParserConfiguration done
Event: 0.697 loading class com/sun/org/apache/xerces/internal/xni/parser/XMLPullParserConfiguration done
Event: 0.697 loading class com/sun/org/apache/xerces/internal/parsers/XML11Configurable
Event: 0.697 loading class com/sun/org/apache/xerces/internal/parsers/XML11Configurable done
Event: 0.697 loading class com/sun/org/apache/xerces/internal/util/ParserConfigurationSettings
Event: 0.697 loading class com/sun/org/apache/xerces/internal/util/ParserConfigurationSettings done
Event: 0.697 loading class com/sun/org/apache/xerces/internal/parsers/XML11Configuration done
Event: 0.697 loading class com/sun/org/apache/xerces/internal/parsers/XIncludeAwareParserConfiguration done
Event: 0.697 loading class jdk/xml/internal/JdkXmlUtils
Event: 0.697 loading class jdk/xml/internal/JdkXmlUtils done
Event: 0.697 loading class javax/xml/catalog/CatalogFeatures$Feature
Event: 0.697 loading class javax/xml/catalog/CatalogFeatures$Feature done
Event: 0.697 loading class jdk/xml/internal/JdkConstants


Dynamic libraries:
0x00007ff75be10000 - 0x00007ff75be1e000 	c:\Users\Aless\.vscode\extensions\redhat.java-1.19.0-win32-x64\jre\17.0.7-win32-x86_64\bin\java.exe
0x00007ffcec410000 - 0x00007ffcec608000 	C:\Windows\SYSTEM32\ntdll.dll
0x00007ffcead10000 - 0x00007ffceadcf000 	C:\Windows\System32\KERNEL32.DLL
0x00007ffcea010000 - 0x00007ffcea306000 	C:\Windows\System32\KERNELBASE.dll
0x00007ffce9bc0000 - 0x00007ffce9cc0000 	C:\Windows\System32\ucrtbase.dll
0x00007ffce35c0000 - 0x00007ffce35d7000 	c:\Users\Aless\.vscode\extensions\redhat.java-1.19.0-win32-x64\jre\17.0.7-win32-x86_64\bin\jli.dll
0x00007ffce34b0000 - 0x00007ffce34c9000 	c:\Users\Aless\.vscode\extensions\redhat.java-1.19.0-win32-x64\jre\17.0.7-win32-x86_64\bin\VCRUNTIME140.dll
0x00007ffceaab0000 - 0x00007ffceac4d000 	C:\Windows\System32\USER32.dll
0x00007ffce9af0000 - 0x00007ffce9b12000 	C:\Windows\System32\win32u.dll
0x00007ffcd2210000 - 0x00007ffcd24aa000 	C:\Windows\WinSxS\amd64_microsoft.windows.common-controls_6595b64144ccf1df_6.0.19041.1110_none_60b5254171f9507e\COMCTL32.dll
0x00007ffceb320000 - 0x00007ffceb34c000 	C:\Windows\System32\GDI32.dll
0x00007ffce9e50000 - 0x00007ffce9f65000 	C:\Windows\System32\gdi32full.dll
0x00007ffceaa10000 - 0x00007ffceaaae000 	C:\Windows\System32\msvcrt.dll
0x00007ffce9f70000 - 0x00007ffcea00d000 	C:\Windows\System32\msvcp_win.dll
0x00007ffceb350000 - 0x00007ffceb380000 	C:\Windows\System32\IMM32.DLL
0x00007ffce54f0000 - 0x00007ffce54fc000 	c:\Users\Aless\.vscode\extensions\redhat.java-1.19.0-win32-x64\jre\17.0.7-win32-x86_64\bin\vcruntime140_1.dll
0x00007ffcc1eb0000 - 0x00007ffcc1f41000 	c:\Users\Aless\.vscode\extensions\redhat.java-1.19.0-win32-x64\jre\17.0.7-win32-x86_64\bin\msvcp140.dll
0x00007ffca0800000 - 0x00007ffca1448000 	c:\Users\Aless\.vscode\extensions\redhat.java-1.19.0-win32-x64\jre\17.0.7-win32-x86_64\bin\server\jvm.dll
0x00007ffceb380000 - 0x00007ffceb42f000 	C:\Windows\System32\ADVAPI32.dll
0x00007ffceac60000 - 0x00007ffceacfc000 	C:\Windows\System32\sechost.dll
0x00007ffcea8e0000 - 0x00007ffceaa06000 	C:\Windows\System32\RPCRT4.dll
0x00007ffcd3280000 - 0x00007ffcd3289000 	C:\Windows\SYSTEM32\WSOCK32.dll
0x00007ffcdf6e0000 - 0x00007ffcdf707000 	C:\Windows\SYSTEM32\WINMM.dll
0x00007ffcdf710000 - 0x00007ffcdf71a000 	C:\Windows\SYSTEM32\VERSION.dll
0x00007ffceb430000 - 0x00007ffceb49b000 	C:\Windows\System32\WS2_32.dll
0x00007ffce7980000 - 0x00007ffce7992000 	C:\Windows\SYSTEM32\kernel.appcore.dll
0x00007ffce48f0000 - 0x00007ffce48fa000 	c:\Users\Aless\.vscode\extensions\redhat.java-1.19.0-win32-x64\jre\17.0.7-win32-x86_64\bin\jimage.dll
0x00007ffcdfa10000 - 0x00007ffcdfbf4000 	C:\Windows\SYSTEM32\DBGHELP.DLL
0x00007ffcd2ca0000 - 0x00007ffcd2cd4000 	C:\Windows\SYSTEM32\dbgcore.DLL
0x00007ffce9dc0000 - 0x00007ffce9e42000 	C:\Windows\System32\bcryptPrimitives.dll
0x00007ffce3520000 - 0x00007ffce352e000 	c:\Users\Aless\.vscode\extensions\redhat.java-1.19.0-win32-x64\jre\17.0.7-win32-x86_64\bin\instrument.dll
0x00007ffcd66e0000 - 0x00007ffcd6705000 	c:\Users\Aless\.vscode\extensions\redhat.java-1.19.0-win32-x64\jre\17.0.7-win32-x86_64\bin\java.dll
0x00007ffce3400000 - 0x00007ffce3418000 	c:\Users\Aless\.vscode\extensions\redhat.java-1.19.0-win32-x64\jre\17.0.7-win32-x86_64\bin\zip.dll
0x00007ffcebb50000 - 0x00007ffcec294000 	C:\Windows\System32\SHELL32.dll
0x00007ffce7ba0000 - 0x00007ffce8333000 	C:\Windows\SYSTEM32\windows.storage.dll
0x00007ffceb500000 - 0x00007ffceb854000 	C:\Windows\System32\combase.dll
0x00007ffce9540000 - 0x00007ffce956e000 	C:\Windows\SYSTEM32\Wldp.dll
0x00007ffceb270000 - 0x00007ffceb31d000 	C:\Windows\System32\SHCORE.dll
0x00007ffceb4a0000 - 0x00007ffceb4f5000 	C:\Windows\System32\shlwapi.dll
0x00007ffce9a30000 - 0x00007ffce9a4f000 	C:\Windows\SYSTEM32\profapi.dll
0x00007ffce33a0000 - 0x00007ffce33b9000 	C:\Users\Aless\.vscode\extensions\redhat.java-1.19.0-win32-x64\jre\17.0.7-win32-x86_64\bin\net.dll
0x00007ffce3ca0000 - 0x00007ffce3daa000 	C:\Windows\SYSTEM32\WINHTTP.dll
0x00007ffce91c0000 - 0x00007ffce922a000 	C:\Windows\system32\mswsock.dll
0x00007ffce1ff0000 - 0x00007ffce2005000 	C:\Users\Aless\.vscode\extensions\redhat.java-1.19.0-win32-x64\jre\17.0.7-win32-x86_64\bin\nio.dll
0x00007ffce3380000 - 0x00007ffce3390000 	c:\Users\Aless\.vscode\extensions\redhat.java-1.19.0-win32-x64\jre\17.0.7-win32-x86_64\bin\verify.dll
0x00007ffcd65f0000 - 0x00007ffcd662e000 	C:\Users\Aless\AppData\Roaming\Code\User\globalStorage\redhat.java\1.19.0\config_ss_win\org.eclipse.equinox.launcher\org.eclipse.equinox.launcher.win32.win32.x86_64_1.2.700.v20221108-1024\eclipse_11801.dll
0x00007ffcec2a0000 - 0x00007ffcec3ca000 	C:\Windows\System32\ole32.dll

dbghelp: loaded successfully - version: 4.0.5 - missing functions: none
symbol engine: initialized successfully - sym options: 0x614 - pdb path: .;c:\Users\Aless\.vscode\extensions\redhat.java-1.19.0-win32-x64\jre\17.0.7-win32-x86_64\bin;C:\Windows\SYSTEM32;C:\Windows\WinSxS\amd64_microsoft.windows.common-controls_6595b64144ccf1df_6.0.19041.1110_none_60b5254171f9507e;c:\Users\Aless\.vscode\extensions\redhat.java-1.19.0-win32-x64\jre\17.0.7-win32-x86_64\bin\server;C:\Users\Aless\AppData\Roaming\Code\User\globalStorage\redhat.java\1.19.0\config_ss_win\org.eclipse.equinox.launcher\org.eclipse.equinox.launcher.win32.win32.x86_64_1.2.700.v20221108-1024

VM Arguments:
jvm_args: --add-modules=ALL-SYSTEM --add-opens=java.base/java.util=ALL-UNNAMED --add-opens=java.base/java.lang=ALL-UNNAMED --add-opens=java.base/sun.nio.fs=ALL-UNNAMED -Declipse.application=org.eclipse.jdt.ls.core.id1 -Dosgi.bundles.defaultStartLevel=4 -Declipse.product=org.eclipse.jdt.ls.core.product -Djava.import.generatesMetadataFilesAtProjectRoot=false -Dfile.encoding=utf8 -XX:+UseParallelGC -XX:GCTimeRatio=4 -XX:AdaptiveSizePolicyWeight=90 -Dsun.zip.disableMemoryMapping=true -Xmx1G -Xms100m -Xlog:disable -javaagent:c:\Users\Aless\.vscode\extensions\redhat.java-1.19.0-win32-x64\lombok\lombok-1.18.28.jar 
java_command: c:\Users\Aless\.vscode\extensions\redhat.java-1.19.0-win32-x64\server\plugins\org.eclipse.equinox.launcher_1.6.400.v20210924-0641.jar -configuration c:\Users\Aless\AppData\Roaming\Code\User\globalStorage\redhat.java\1.19.0\config_ss_win -data c:\Users\Aless\AppData\Roaming\Code\User\workspaceStorage\b18c25d07db68503f5c91407cfb7b02b\redhat.java\ss_ws
java_class_path (initial): c:\Users\Aless\.vscode\extensions\redhat.java-1.19.0-win32-x64\server\plugins\org.eclipse.equinox.launcher_1.6.400.v20210924-0641.jar
Launcher Type: SUN_STANDARD

[Global flags]
    uintx AdaptiveSizePolicyWeight                 = 90                                        {product} {command line}
     intx CICompilerCount                          = 4                                         {product} {ergonomic}
    uintx GCTimeRatio                              = 4                                         {product} {command line}
   size_t InitialHeapSize                          = 104857600                                 {product} {command line}
   size_t MaxHeapSize                              = 1073741824                                {product} {command line}
   size_t MaxNewSize                               = 357564416                                 {product} {ergonomic}
   size_t MinHeapDeltaBytes                        = 524288                                    {product} {ergonomic}
   size_t MinHeapSize                              = 104857600                                 {product} {command line}
   size_t NewSize                                  = 34603008                                  {product} {ergonomic}
    uintx NonNMethodCodeHeapSize                   = 5839372                                {pd product} {ergonomic}
    uintx NonProfiledCodeHeapSize                  = 122909434                              {pd product} {ergonomic}
   size_t OldSize                                  = 70254592                                  {product} {ergonomic}
    uintx ProfiledCodeHeapSize                     = 122909434                              {pd product} {ergonomic}
    uintx ReservedCodeCacheSize                    = 251658240                              {pd product} {ergonomic}
     bool SegmentedCodeCache                       = true                                      {product} {ergonomic}
   size_t SoftMaxHeapSize                          = 1073741824                             {manageable} {ergonomic}
     bool UseCompressedClassPointers               = true                           {product lp64_product} {ergonomic}
     bool UseCompressedOops                        = true                           {product lp64_product} {ergonomic}
     bool UseLargePagesIndividualAllocation        = false                                  {pd product} {ergonomic}
     bool UseParallelGC                            = true                                      {product} {command line}

Logging:
Log output configuration:
 #0: stdout all=off uptime,level,tags
 #1: stderr all=off uptime,level,tags

Environment Variables:
PATH=C:\Program Files\Common Files\Oracle\Java\javapath;C:\Python311\Scripts\;C:\Python311\;C:\Windows\system32;C:\Windows;C:\Windows\System32\Wbem;C:\Windows\System32\WindowsPowerShell\v1.0\;C:\Windows\System32\OpenSSH\;C:\Program Files\Git\cmd;C:\Program Files\nodejs\;C:\ProgramData\chocolatey\bin;C:\Users\Aless\AppData\Local\Microsoft\WindowsApps;C:\Users\Aless\AppData\Local\Programs\Microsoft VS Code\bin;C:\Users\Aless\AppData\Roaming\npm;C:\Users\Aless\AppData\Local\GitHubDesktop\bin
USERNAME=Aless
OS=Windows_NT
PROCESSOR_IDENTIFIER=AMD64 Family 25 Model 80 Stepping 0, AuthenticAMD
TMP=C:\Users\Aless\AppData\Local\Temp
TEMP=C:\Users\Aless\AppData\Local\Temp



---------------  S Y S T E M  ---------------

OS:
 Windows 10 , 64 bit Build 19041 (10.0.19041.3031)
OS uptime: 4 days 4:43 hours

CPU: total 12 (initial active 12) (12 cores per cpu, 2 threads per core) family 25 model 80 stepping 0 microcode 0x0, cx8, cmov, fxsr, ht, mmx, 3dnowpref, sse, sse2, sse3, ssse3, sse4a, sse4.1, sse4.2, popcnt, lzcnt, tsc, tscinvbit, avx, avx2, aes, erms, clmul, bmi1, bmi2, adx, sha, fma, vzeroupper, clflush, clflushopt

Memory: 4k page, system-wide physical 14245M (1633M free)
TotalPageFile size 42717M (AvailPageFile size 6M)
current process WorkingSet (physical memory assigned to process): 85M, peak: 86M
current process commit charge ("private bytes"): 213M, peak: 215M

vm_info: OpenJDK 64-Bit Server VM (17.0.7+7) for windows-amd64 JRE (17.0.7+7), built on Apr 18 2023 22:10:42 by "temurin" with MS VC++ 16.7 (VS2019)

END.
