#
# There is insufficient memory for the Java Runtime Environment to continue.
# Native memory allocation (malloc) failed to allocate 1048576 bytes for AllocateHeap
# Possible reasons:
#   The system is out of physical RAM or swap space
#   The process is running with CompressedOops enabled, and the Java Heap may be blocking the growth of the native heap
# Possible solutions:
#   Reduce memory load on the system
#   Increase physical memory or swap space
#   Check if swap backing store is full
#   Decrease Java heap size (-Xmx/-Xms)
#   Decrease number of Java threads
#   Decrease Java thread stack sizes (-Xss)
#   Set larger code cache with -XX:ReservedCodeCacheSize=
#   JVM is running with Unscaled Compressed Oops mode in which the Java heap is
#     placed in the first 4GB address space. The Java Heap base address is the
#     maximum limit for the native heap growth. Please use -XX:HeapBaseMinAddress
#     to set the Java Heap base and to place the Java Heap above 4GB virtual address.
# This output file may be truncated or incomplete.
#
#  Out of Memory Error (allocation.cpp:44), pid=12940, tid=11372
#
# JRE version:  (17.0.7+7) (build )
# Java VM: OpenJDK 64-Bit Server VM (17.0.7+7, mixed mode, tiered, compressed oops, compressed class ptrs, parallel gc, windows-amd64)
# No core dump will be written. Minidumps are not enabled by default on client versions of Windows
#

---------------  S U M M A R Y ------------

Command Line: --add-modules=ALL-SYSTEM --add-opens=java.base/java.util=ALL-UNNAMED --add-opens=java.base/java.lang=ALL-UNNAMED --add-opens=java.base/sun.nio.fs=ALL-UNNAMED -Declipse.application=org.eclipse.jdt.ls.core.id1 -Dosgi.bundles.defaultStartLevel=4 -Declipse.product=org.eclipse.jdt.ls.core.product -Djava.import.generatesMetadataFilesAtProjectRoot=false -Dfile.encoding=utf8 -XX:+UseParallelGC -XX:GCTimeRatio=4 -XX:AdaptiveSizePolicyWeight=90 -Dsun.zip.disableMemoryMapping=true -Xmx1G -Xms100m -Xlog:disable -javaagent:c:\Users\Aless\.vscode\extensions\redhat.java-1.19.0-win32-x64\lombok\lombok-1.18.28.jar -XX:+HeapDumpOnOutOfMemoryError -XX:HeapDumpPath=c:\Users\Aless\AppData\Roaming\Code\User\workspaceStorage\b18c25d07db68503f5c91407cfb7b02b\redhat.java -Daether.dependencyCollector.impl=bf c:\Users\Aless\.vscode\extensions\redhat.java-1.19.0-win32-x64\server\plugins\org.eclipse.equinox.launcher_1.6.400.v20210924-0641.jar -configuration c:\Users\Aless\AppData\Roaming\Code\User\globalStorage\redhat.java\1.19.0\config_win -data c:\Users\Aless\AppData\Roaming\Code\User\workspaceStorage\b18c25d07db68503f5c91407cfb7b02b\redhat.java\jdt_ws

Host: AMD Ryzen 5 5600G with Radeon Graphics         , 12 cores, 13G,  Windows 10 , 64 bit Build 19041 (10.0.19041.3031)
Time: Mon Jun 19 19:55:45 2023 ora legale Europa occidentale elapsed time: 0.020234 seconds (0d 0h 0m 0s)

---------------  T H R E A D  ---------------

Current thread (0x000001b0948cc660):  JavaThread "Unknown thread" [_thread_in_vm, id=11372, stack(0x0000008a48b00000,0x0000008a48c00000)]

Stack: [0x0000008a48b00000,0x0000008a48c00000]
Native frames: (J=compiled Java code, j=interpreted, Vv=VM code, C=native code)
V  [jvm.dll+0x67754a]
V  [jvm.dll+0x834304]
V  [jvm.dll+0x835aae]
V  [jvm.dll+0x836113]
V  [jvm.dll+0x24696f]
V  [jvm.dll+0xa681f]
V  [jvm.dll+0x6a9d7a]
V  [jvm.dll+0x6aaa3f]
V  [jvm.dll+0x683c73]
V  [jvm.dll+0x806deb]
V  [jvm.dll+0x36ad14]
V  [jvm.dll+0x7e5cec]
V  [jvm.dll+0x3ed56f]
V  [jvm.dll+0x3ef0a1]
C  [jli.dll+0x528b]
C  [ucrtbase.dll+0x21bb2]
C  [KERNEL32.DLL+0x17614]
C  [ntdll.dll+0x526f1]


---------------  P R O C E S S  ---------------

Threads class SMR info:
_java_thread_list=0x00007ffca1317018, length=0, elements={
}

Java Threads: ( => current thread )

Other Threads:
  0x000001b0948da2a0 GCTaskThread "GC Thread#0" [stack: 0x0000008a48c00000,0x0000008a48d00000] [id=10676]

=>0x000001b0948cc660 (exited) JavaThread "Unknown thread" [_thread_in_vm, id=11372, stack(0x0000008a48b00000,0x0000008a48c00000)]

Threads with active compile tasks:

VM state: not at safepoint (normal execution)

VM Mutex/Monitor currently owned by a thread: None

Heap address: 0x00000000c0000000, size: 1024 MB, Compressed Oops mode: 32-bit

CDS archive(s) not mapped
Compressed class space mapped at: 0x0000000100000000-0x0000000140000000, reserved size: 1073741824
Narrow klass base: 0x0000000000000000, Narrow klass shift: 3, Narrow klass range: 0x140000000

GC Precious Log:
 CPUs: 12 total, 12 available
 Memory: 14245M
 Large Page Support: Disabled
 NUMA Support: Disabled
 Compressed Oops: Enabled (32-bit)
 Alignments: Space 512K, Generation 512K, Heap 2M
 Heap Min Capacity: 100M
 Heap Initial Capacity: 100M
 Heap Max Capacity: 1G
 Pre-touch: Disabled
 Parallel Workers: 10

Heap:
 PSYoungGen      total 29696K, used 512K [0x00000000eab00000, 0x00000000ecc00000, 0x0000000100000000)
  eden space 25600K, 2% used [0x00000000eab00000,0x00000000eab80070,0x00000000ec400000)
  from space 4096K, 0% used [0x00000000ec800000,0x00000000ec800000,0x00000000ecc00000)
  to   space 4096K, 0% used [0x00000000ec400000,0x00000000ec400000,0x00000000ec800000)
 ParOldGen       total 68608K, used 0K [0x00000000c0000000, 0x00000000c4300000, 0x00000000eab00000)
  object space 68608K, 0% used [0x00000000c0000000,0x00000000c0000000,0x00000000c4300000)
 Metaspace       used 1149K, committed 1216K, reserved 1114112K
  class space    used 101K, committed 128K, reserved 1048576K

Card table byte_map: [0x000001b0a7f20000,0x000001b0a8130000] _byte_map_base: 0x000001b0a7920000

Marking Bits: (ParMarkBitMap*) 0x00007ffca13852c0
 Begin Bits: [0x000001b0a8290000, 0x000001b0a9290000)
 End Bits:   [0x000001b0a9290000, 0x000001b0aa290000)

Polling page: 0x000001b094690000

Metaspace:

Usage:
  Non-class:      1.02 MB used.
      Class:    101.01 KB used.
       Both:      1.12 MB used.

Virtual space:
  Non-class space:       64.00 MB reserved,       1.06 MB (  2%) committed,  1 nodes.
      Class space:        1.00 GB reserved,     128.00 KB ( <1%) committed,  1 nodes.
             Both:        1.06 GB reserved,       1.19 MB ( <1%) committed. 

Chunk freelists:
   Non-Class:  12.00 MB
       Class:  15.75 MB
        Both:  27.75 MB

MaxMetaspaceSize: unlimited
CompressedClassSpaceSize: 1.00 GB
Initial GC threshold: 21.00 MB
Current GC threshold: 17179869184.00 GB
CDS: off
MetaspaceReclaimPolicy: balanced
 - commit_granule_bytes: 65536.
 - commit_granule_words: 8192.
 - virtual_space_node_default_size: 8388608.
 - enlarge_chunks_in_place: 1.
 - new_chunks_are_fully_committed: 0.
 - uncommit_free_chunks: 1.
 - use_allocation_guard: 0.
 - handle_deallocations: 1.


Internal statistics:

num_allocs_failed_limit: 0.
num_arena_births: 2.
num_arena_deaths: 0.
num_vsnodes_births: 2.
num_vsnodes_deaths: 0.
num_space_committed: 19.
num_space_uncommitted: 0.
num_chunks_returned_to_freelist: 0.
num_chunks_taken_from_freelist: 3.
num_chunk_merges: 0.
num_chunk_splits: 2.
num_chunks_enlarged: 0.
num_inconsistent_stats: 0.

CodeHeap 'non-profiled nmethods': size=120000Kb used=0Kb max_used=0Kb free=120000Kb
 bounds [0x000001b0a0810000, 0x000001b0a0a80000, 0x000001b0a7d40000]
CodeHeap 'profiled nmethods': size=120000Kb used=0Kb max_used=0Kb free=120000Kb
 bounds [0x000001b098d40000, 0x000001b098fb0000, 0x000001b0a0270000]
CodeHeap 'non-nmethods': size=5760Kb used=202Kb max_used=353Kb free=5557Kb
 bounds [0x000001b0a0270000, 0x000001b0a04e0000, 0x000001b0a0810000]
 total_blobs=66 nmethods=0 adapters=47
 compilation: enabled
              stopped_count=0, restarted_count=0
 full_count=0

Compilation events (0 events):
No events

GC Heap History (0 events):
No events

Dll operation events (1 events):
Event: 0.005 Loaded shared library c:\Users\Aless\.vscode\extensions\redhat.java-1.19.0-win32-x64\jre\17.0.7-win32-x86_64\bin\java.dll

Deoptimization events (0 events):
No events

Classes unloaded (0 events):
No events

Classes redefined (0 events):
No events

Internal exceptions (0 events):
No events

VM Operations (0 events):
No events

Events (20 events):
Event: 0.017 loading class java/lang/Long
Event: 0.017 loading class java/lang/Long done
Event: 0.017 loading class java/util/Iterator
Event: 0.017 loading class java/util/Iterator done
Event: 0.017 loading class java/lang/reflect/RecordComponent
Event: 0.017 loading class java/lang/reflect/RecordComponent done
Event: 0.017 loading class jdk/internal/vm/vector/VectorSupport
Event: 0.017 loading class jdk/internal/vm/vector/VectorSupport done
Event: 0.017 loading class jdk/internal/vm/vector/VectorSupport$VectorPayload
Event: 0.017 loading class jdk/internal/vm/vector/VectorSupport$VectorPayload done
Event: 0.017 loading class jdk/internal/vm/vector/VectorSupport$Vector
Event: 0.017 loading class jdk/internal/vm/vector/VectorSupport$Vector done
Event: 0.017 loading class jdk/internal/vm/vector/VectorSupport$VectorMask
Event: 0.017 loading class jdk/internal/vm/vector/VectorSupport$VectorMask done
Event: 0.017 loading class jdk/internal/vm/vector/VectorSupport$VectorShuffle
Event: 0.017 loading class jdk/internal/vm/vector/VectorSupport$VectorShuffle done
Event: 0.018 loading class java/lang/NullPointerException
Event: 0.018 loading class java/lang/NullPointerException done
Event: 0.018 loading class java/lang/ArithmeticException
Event: 0.018 loading class java/lang/ArithmeticException done


Dynamic libraries:
0x00007ff75be10000 - 0x00007ff75be1e000 	c:\Users\Aless\.vscode\extensions\redhat.java-1.19.0-win32-x64\jre\17.0.7-win32-x86_64\bin\java.exe
0x00007ffcec410000 - 0x00007ffcec608000 	C:\Windows\SYSTEM32\ntdll.dll
0x00007ffcead10000 - 0x00007ffceadcf000 	C:\Windows\System32\KERNEL32.DLL
0x00007ffcea010000 - 0x00007ffcea306000 	C:\Windows\System32\KERNELBASE.dll
0x00007ffce9bc0000 - 0x00007ffce9cc0000 	C:\Windows\System32\ucrtbase.dll
0x00007ffce34b0000 - 0x00007ffce34c9000 	c:\Users\Aless\.vscode\extensions\redhat.java-1.19.0-win32-x64\jre\17.0.7-win32-x86_64\bin\VCRUNTIME140.dll
0x00007ffce35c0000 - 0x00007ffce35d7000 	c:\Users\Aless\.vscode\extensions\redhat.java-1.19.0-win32-x64\jre\17.0.7-win32-x86_64\bin\jli.dll
0x00007ffceaab0000 - 0x00007ffceac4d000 	C:\Windows\System32\USER32.dll
0x00007ffce9af0000 - 0x00007ffce9b12000 	C:\Windows\System32\win32u.dll
0x00007ffcd2210000 - 0x00007ffcd24aa000 	C:\Windows\WinSxS\amd64_microsoft.windows.common-controls_6595b64144ccf1df_6.0.19041.1110_none_60b5254171f9507e\COMCTL32.dll
0x00007ffceb320000 - 0x00007ffceb34c000 	C:\Windows\System32\GDI32.dll
0x00007ffceaa10000 - 0x00007ffceaaae000 	C:\Windows\System32\msvcrt.dll
0x00007ffce9e50000 - 0x00007ffce9f65000 	C:\Windows\System32\gdi32full.dll
0x00007ffce9f70000 - 0x00007ffcea00d000 	C:\Windows\System32\msvcp_win.dll
0x00007ffceb350000 - 0x00007ffceb380000 	C:\Windows\System32\IMM32.DLL
0x00007ffce54f0000 - 0x00007ffce54fc000 	c:\Users\Aless\.vscode\extensions\redhat.java-1.19.0-win32-x64\jre\17.0.7-win32-x86_64\bin\vcruntime140_1.dll
0x00007ffcc9eb0000 - 0x00007ffcc9f41000 	c:\Users\Aless\.vscode\extensions\redhat.java-1.19.0-win32-x64\jre\17.0.7-win32-x86_64\bin\msvcp140.dll
0x00007ffca0800000 - 0x00007ffca1448000 	c:\Users\Aless\.vscode\extensions\redhat.java-1.19.0-win32-x64\jre\17.0.7-win32-x86_64\bin\server\jvm.dll
0x00007ffceb380000 - 0x00007ffceb42f000 	C:\Windows\System32\ADVAPI32.dll
0x00007ffceac60000 - 0x00007ffceacfc000 	C:\Windows\System32\sechost.dll
0x00007ffcea8e0000 - 0x00007ffceaa06000 	C:\Windows\System32\RPCRT4.dll
0x00007ffcd3280000 - 0x00007ffcd3289000 	C:\Windows\SYSTEM32\WSOCK32.dll
0x00007ffceb430000 - 0x00007ffceb49b000 	C:\Windows\System32\WS2_32.dll
0x00007ffcdf710000 - 0x00007ffcdf71a000 	C:\Windows\SYSTEM32\VERSION.dll
0x00007ffcdf6e0000 - 0x00007ffcdf707000 	C:\Windows\SYSTEM32\WINMM.dll
0x00007ffce7980000 - 0x00007ffce7992000 	C:\Windows\SYSTEM32\kernel.appcore.dll
0x00007ffce48f0000 - 0x00007ffce48fa000 	c:\Users\Aless\.vscode\extensions\redhat.java-1.19.0-win32-x64\jre\17.0.7-win32-x86_64\bin\jimage.dll
0x00007ffcdfa10000 - 0x00007ffcdfbf4000 	C:\Windows\SYSTEM32\DBGHELP.DLL
0x00007ffcd2ca0000 - 0x00007ffcd2cd4000 	C:\Windows\SYSTEM32\dbgcore.DLL
0x00007ffce9dc0000 - 0x00007ffce9e42000 	C:\Windows\System32\bcryptPrimitives.dll
0x00007ffce3520000 - 0x00007ffce352e000 	c:\Users\Aless\.vscode\extensions\redhat.java-1.19.0-win32-x64\jre\17.0.7-win32-x86_64\bin\instrument.dll
0x00007ffcd66e0000 - 0x00007ffcd6705000 	c:\Users\Aless\.vscode\extensions\redhat.java-1.19.0-win32-x64\jre\17.0.7-win32-x86_64\bin\java.dll
0x00007ffce3400000 - 0x00007ffce3418000 	c:\Users\Aless\.vscode\extensions\redhat.java-1.19.0-win32-x64\jre\17.0.7-win32-x86_64\bin\zip.dll

dbghelp: loaded successfully - version: 4.0.5 - missing functions: none
symbol engine: initialized successfully - sym options: 0x614 - pdb path: .;c:\Users\Aless\.vscode\extensions\redhat.java-1.19.0-win32-x64\jre\17.0.7-win32-x86_64\bin;C:\Windows\SYSTEM32;C:\Windows\WinSxS\amd64_microsoft.windows.common-controls_6595b64144ccf1df_6.0.19041.1110_none_60b5254171f9507e;c:\Users\Aless\.vscode\extensions\redhat.java-1.19.0-win32-x64\jre\17.0.7-win32-x86_64\bin\server

VM Arguments:
jvm_args: --add-modules=ALL-SYSTEM --add-opens=java.base/java.util=ALL-UNNAMED --add-opens=java.base/java.lang=ALL-UNNAMED --add-opens=java.base/sun.nio.fs=ALL-UNNAMED -Declipse.application=org.eclipse.jdt.ls.core.id1 -Dosgi.bundles.defaultStartLevel=4 -Declipse.product=org.eclipse.jdt.ls.core.product -Djava.import.generatesMetadataFilesAtProjectRoot=false -Dfile.encoding=utf8 -XX:+UseParallelGC -XX:GCTimeRatio=4 -XX:AdaptiveSizePolicyWeight=90 -Dsun.zip.disableMemoryMapping=true -Xmx1G -Xms100m -Xlog:disable -javaagent:c:\Users\Aless\.vscode\extensions\redhat.java-1.19.0-win32-x64\lombok\lombok-1.18.28.jar -XX:+HeapDumpOnOutOfMemoryError -XX:HeapDumpPath=c:\Users\Aless\AppData\Roaming\Code\User\workspaceStorage\b18c25d07db68503f5c91407cfb7b02b\redhat.java -Daether.dependencyCollector.impl=bf 
java_command: c:\Users\Aless\.vscode\extensions\redhat.java-1.19.0-win32-x64\server\plugins\org.eclipse.equinox.launcher_1.6.400.v20210924-0641.jar -configuration c:\Users\Aless\AppData\Roaming\Code\User\globalStorage\redhat.java\1.19.0\config_win -data c:\Users\Aless\AppData\Roaming\Code\User\workspaceStorage\b18c25d07db68503f5c91407cfb7b02b\redhat.java\jdt_ws
java_class_path (initial): c:\Users\Aless\.vscode\extensions\redhat.java-1.19.0-win32-x64\server\plugins\org.eclipse.equinox.launcher_1.6.400.v20210924-0641.jar
Launcher Type: SUN_STANDARD

[Global flags]
    uintx AdaptiveSizePolicyWeight                 = 90                                        {product} {command line}
     intx CICompilerCount                          = 4                                         {product} {ergonomic}
    uintx GCTimeRatio                              = 4                                         {product} {command line}
     bool HeapDumpOnOutOfMemoryError               = true                                   {manageable} {command line}
    ccstr HeapDumpPath                             = c:\Users\Aless\AppData\Roaming\Code\User\workspaceStorage\b18c25d07db68503f5c91407cfb7b02b\redhat.java         {manageable} {command line}
   size_t InitialHeapSize                          = 104857600                                 {product} {command line}
   size_t MaxHeapSize                              = 1073741824                                {product} {command line}
   size_t MaxNewSize                               = 357564416                                 {product} {ergonomic}
   size_t MinHeapDeltaBytes                        = 524288                                    {product} {ergonomic}
   size_t MinHeapSize                              = 104857600                                 {product} {command line}
   size_t NewSize                                  = 34603008                                  {product} {ergonomic}
    uintx NonNMethodCodeHeapSize                   = 5839372                                {pd product} {ergonomic}
    uintx NonProfiledCodeHeapSize                  = 122909434                              {pd product} {ergonomic}
   size_t OldSize                                  = 70254592                                  {product} {ergonomic}
    uintx ProfiledCodeHeapSize                     = 122909434                              {pd product} {ergonomic}
    uintx ReservedCodeCacheSize                    = 251658240                              {pd product} {ergonomic}
     bool SegmentedCodeCache                       = true                                      {product} {ergonomic}
   size_t SoftMaxHeapSize                          = 1073741824                             {manageable} {ergonomic}
     bool UseCompressedClassPointers               = true                           {product lp64_product} {ergonomic}
     bool UseCompressedOops                        = true                           {product lp64_product} {ergonomic}
     bool UseLargePagesIndividualAllocation        = false                                  {pd product} {ergonomic}
     bool UseParallelGC                            = true                                      {product} {command line}

Logging:
Log output configuration:
 #0: stdout all=off uptime,level,tags
 #1: stderr all=off uptime,level,tags

Environment Variables:
PATH=C:\Program Files\Common Files\Oracle\Java\javapath;C:\Python311\Scripts\;C:\Python311\;C:\Windows\system32;C:\Windows;C:\Windows\System32\Wbem;C:\Windows\System32\WindowsPowerShell\v1.0\;C:\Windows\System32\OpenSSH\;C:\Program Files\Git\cmd;C:\Program Files\nodejs\;C:\ProgramData\chocolatey\bin;C:\Users\Aless\AppData\Local\Microsoft\WindowsApps;C:\Users\Aless\AppData\Local\Programs\Microsoft VS Code\bin;C:\Users\Aless\AppData\Roaming\npm;C:\Users\Aless\AppData\Local\GitHubDesktop\bin
USERNAME=Aless
OS=Windows_NT
PROCESSOR_IDENTIFIER=AMD64 Family 25 Model 80 Stepping 0, AuthenticAMD
TMP=C:\Users\Aless\AppData\Local\Temp
TEMP=C:\Users\Aless\AppData\Local\Temp



---------------  S Y S T E M  ---------------

OS:
 Windows 10 , 64 bit Build 19041 (10.0.19041.3031)
OS uptime: 4 days 4:43 hours

CPU: total 12 (initial active 12) (12 cores per cpu, 2 threads per core) family 25 model 80 stepping 0 microcode 0x0, cx8, cmov, fxsr, ht, mmx, 3dnowpref, sse, sse2, sse3, ssse3, sse4a, sse4.1, sse4.2, popcnt, lzcnt, tsc, tscinvbit, avx, avx2, aes, erms, clmul, bmi1, bmi2, adx, sha, fma, vzeroupper, clflush, clflushopt

Memory: 4k page, system-wide physical 14245M (1640M free)
TotalPageFile size 42717M (AvailPageFile size 5M)
current process WorkingSet (physical memory assigned to process): 15M, peak: 15M
current process commit charge ("private bytes"): 165M, peak: 166M

vm_info: OpenJDK 64-Bit Server VM (17.0.7+7) for windows-amd64 JRE (17.0.7+7), built on Apr 18 2023 22:10:42 by "temurin" with MS VC++ 16.7 (VS2019)

END.
