14:29:01.410 [restartedMain] INFO  c.e.e.EpicEnergyServiceApplication - Starting EpicEnergyServiceApplication using Java 17.0.7 with PID 8700 (D:\EpicEnergyService\epic_energy_service\target\classes started by vince in D:\EpicEnergyService)
14:29:01.427 [restartedMain] INFO  c.e.e.EpicEnergyServiceApplication - No active profile set, falling back to 1 default profile: "default"
14:29:01.500 [restartedMain] INFO  o.s.b.d.e.DevToolsPropertyDefaultsPostProcessor - Devtools property defaults active! Set 'spring.devtools.add-properties' to 'false' to disable
14:29:01.512 [restartedMain] INFO  o.s.b.d.e.DevToolsPropertyDefaultsPostProcessor - For additional web related logging consider setting the 'logging.level.web' property to 'DEBUG'
14:29:02.895 [restartedMain] INFO  o.s.d.r.c.RepositoryConfigurationDelegate - Bootstrapping Spring Data JPA repositories in DEFAULT mode.
14:29:03.049 [restartedMain] INFO  o.s.d.r.c.RepositoryConfigurationDelegate - Finished Spring Data repository scanning in 123 ms. Found 7 JPA repository interfaces.
14:29:04.099 [restartedMain] INFO  o.s.b.w.e.tomcat.TomcatWebServer - Tomcat initialized with port(s): 8080 (http)
14:29:04.130 [restartedMain] INFO  o.a.catalina.core.StandardService - Starting service [Tomcat]
14:29:04.166 [restartedMain] INFO  o.a.catalina.core.StandardEngine - Starting Servlet engine: [Apache Tomcat/10.1.8]
14:29:04.388 [restartedMain] INFO  o.a.c.c.C.[Tomcat].[localhost].[/] - Initializing Spring embedded WebApplicationContext
14:29:04.425 [restartedMain] INFO  o.s.b.w.s.c.ServletWebServerApplicationContext - Root WebApplicationContext: initialization completed in 2906 ms
14:29:04.717 [restartedMain] INFO  o.h.jpa.internal.util.LogHelper - HHH000204: Processing PersistenceUnitInfo [name: default]
14:29:04.809 [restartedMain] INFO  org.hibernate.Version - HHH000412: Hibernate ORM core version 6.2.2.Final
14:29:04.827 [restartedMain] INFO  org.hibernate.cfg.Environment - HHH000406: Using bytecode reflection optimizer
14:29:05.114 [restartedMain] INFO  o.h.b.i.BytecodeProviderInitiator - HHH000021: Bytecode provider name : bytebuddy
14:29:05.338 [restartedMain] INFO  o.s.o.j.p.SpringPersistenceUnitInfo - No LoadTimeWeaver setup: ignoring JPA class transformer
14:29:05.367 [restartedMain] INFO  com.zaxxer.hikari.HikariDataSource - HikariPool-1 - Starting...
14:29:05.664 [restartedMain] INFO  com.zaxxer.hikari.pool.HikariPool - HikariPool-1 - Added connection org.postgresql.jdbc.PgConnection@70f350ac
14:29:05.681 [restartedMain] INFO  com.zaxxer.hikari.HikariDataSource - HikariPool-1 - Start completed.
14:29:05.770 [restartedMain] INFO  org.hibernate.orm.dialect - HHH035001: Using dialect: org.hibernate.dialect.PostgreSQLDialect, version: org.hibernate.engine.jdbc.env.internal.JdbcEnvironmentInitiator$DialectResolutionInfoImpl@75fcf7c3
14:29:06.357 [restartedMain] INFO  o.h.b.i.BytecodeProviderInitiator - HHH000021: Bytecode provider name : bytebuddy
14:29:07.658 [restartedMain] INFO  o.h.e.t.j.p.i.JtaPlatformInitiator - HHH000490: Using JtaPlatform implementation: [org.hibernate.engine.transaction.jta.platform.internal.NoJtaPlatform]
14:29:07.859 [restartedMain] INFO  o.s.o.j.LocalContainerEntityManagerFactoryBean - Initialized JPA EntityManagerFactory for persistence unit 'default'
14:29:08.790 [restartedMain] WARN  o.s.b.a.o.j.JpaBaseConfiguration$JpaWebConfiguration - spring.jpa.open-in-view is enabled by default. Therefore, database queries may be performed during view rendering. Explicitly configure spring.jpa.open-in-view to disable this warning
14:29:09.122 [restartedMain] INFO  o.s.s.web.DefaultSecurityFilterChain - Will secure any request with [org.springframework.security.web.session.DisableEncodeUrlFilter@4d825f52, org.springframework.security.web.context.request.async.WebAsyncManagerIntegrationFilter@9b8d6bb, org.springframework.security.web.context.SecurityContextHolderFilter@6227f91d, org.springframework.security.web.header.HeaderWriterFilter@51534656, org.springframework.web.filter.CorsFilter@6e6c6bf1, org.springframework.security.web.authentication.logout.LogoutFilter@6b864c7f, com.epic_energy.epic_energy_service.security.security.JwtAuthenticationFilter@222eed15, org.springframework.security.web.savedrequest.RequestCacheAwareFilter@6c761903, org.springframework.security.web.servletapi.SecurityContextHolderAwareRequestFilter@682c73e4, org.springframework.security.web.authentication.AnonymousAuthenticationFilter@5961da71, org.springframework.security.web.session.SessionManagementFilter@214c5e40, org.springframework.security.web.access.ExceptionTranslationFilter@7504f0bf, org.springframework.security.web.access.intercept.AuthorizationFilter@1a4bc6a7]
14:29:09.460 [restartedMain] INFO  o.s.b.d.a.OptionalLiveReloadServer - LiveReload server is running on port 35729
14:29:09.595 [restartedMain] INFO  o.s.b.w.e.tomcat.TomcatWebServer - Tomcat started on port(s): 8080 (http) with context path ''
14:29:09.626 [restartedMain] INFO  c.e.e.EpicEnergyServiceApplication - Started EpicEnergyServiceApplication in 8.735 seconds (process running for 9.489)
14:34:21.707 [http-nio-8080-exec-2] INFO  o.a.c.c.C.[Tomcat].[localhost].[/] - Initializing Spring DispatcherServlet 'dispatcherServlet'
14:34:21.708 [http-nio-8080-exec-2] INFO  o.s.web.servlet.DispatcherServlet - Initializing Servlet 'dispatcherServlet'
14:34:21.715 [http-nio-8080-exec-2] INFO  o.s.web.servlet.DispatcherServlet - Completed initialization in 3 ms
14:35:07.246 [File Watcher] INFO  o.s.b.d.a.LocalDevToolsAutoConfiguration$RestartingClassPathChangeChangedEventListener - Restarting due to 1 class path change (0 additions, 0 deletions, 1 modification)
14:35:07.372 [Thread-5] INFO  o.a.catalina.core.StandardService - Stopping service [Tomcat]
14:35:07.374 [Thread-5] INFO  o.a.c.c.C.[Tomcat].[localhost].[/] - Destroying Spring FrameworkServlet 'dispatcherServlet'
14:35:07.387 [Thread-5] WARN  o.a.c.loader.WebappClassLoaderBase - The web application [ROOT] appears to have started a thread named [HikariPool-1 housekeeper] but has failed to stop it. This is very likely to create a memory leak. Stack trace of thread:
 java.base@17.0.7/jdk.internal.misc.Unsafe.park(Native Method)
 java.base@17.0.7/java.util.concurrent.locks.LockSupport.parkNanos(LockSupport.java:252)
 java.base@17.0.7/java.util.concurrent.locks.AbstractQueuedSynchronizer$ConditionObject.awaitNanos(AbstractQueuedSynchronizer.java:1672)
 java.base@17.0.7/java.util.concurrent.ScheduledThreadPoolExecutor$DelayedWorkQueue.take(ScheduledThreadPoolExecutor.java:1182)
 java.base@17.0.7/java.util.concurrent.ScheduledThreadPoolExecutor$DelayedWorkQueue.take(ScheduledThreadPoolExecutor.java:899)
 java.base@17.0.7/java.util.concurrent.ThreadPoolExecutor.getTask(ThreadPoolExecutor.java:1062)
 java.base@17.0.7/java.util.concurrent.ThreadPoolExecutor.runWorker(ThreadPoolExecutor.java:1122)
 java.base@17.0.7/java.util.concurrent.ThreadPoolExecutor$Worker.run(ThreadPoolExecutor.java:635)
 java.base@17.0.7/java.lang.Thread.run(Thread.java:833)
14:35:07.404 [Thread-5] INFO  o.s.o.j.LocalContainerEntityManagerFactoryBean - Closing JPA EntityManagerFactory for persistence unit 'default'
14:35:07.428 [Thread-5] INFO  com.zaxxer.hikari.HikariDataSource - HikariPool-1 - Shutdown initiated...
14:35:07.496 [Thread-5] INFO  com.zaxxer.hikari.HikariDataSource - HikariPool-1 - Shutdown completed.
14:35:08.792 [restartedMain] INFO  c.e.e.EpicEnergyServiceApplication - Starting EpicEnergyServiceApplication using Java 17.0.7 with PID 8700 (D:\EpicEnergyService\epic_energy_service\target\classes started by vince in D:\EpicEnergyService)
14:35:08.808 [restartedMain] INFO  c.e.e.EpicEnergyServiceApplication - No active profile set, falling back to 1 default profile: "default"
14:35:10.242 [restartedMain] INFO  o.s.d.r.c.RepositoryConfigurationDelegate - Bootstrapping Spring Data JPA repositories in DEFAULT mode.
14:35:10.499 [restartedMain] INFO  o.s.d.r.c.RepositoryConfigurationDelegate - Finished Spring Data repository scanning in 114 ms. Found 7 JPA repository interfaces.
14:35:10.973 [restartedMain] INFO  o.s.b.w.e.tomcat.TomcatWebServer - Tomcat initialized with port(s): 8080 (http)
14:35:11.096 [restartedMain] INFO  o.a.catalina.core.StandardService - Starting service [Tomcat]
14:35:11.160 [restartedMain] INFO  o.a.catalina.core.StandardEngine - Starting Servlet engine: [Apache Tomcat/10.1.8]
14:35:11.262 [restartedMain] INFO  o.a.c.c.C.[Tomcat].[localhost].[/] - Initializing Spring embedded WebApplicationContext
14:35:11.278 [restartedMain] INFO  o.s.b.w.s.c.ServletWebServerApplicationContext - Root WebApplicationContext: initialization completed in 2428 ms
14:35:11.571 [restartedMain] INFO  o.h.jpa.internal.util.LogHelper - HHH000204: Processing PersistenceUnitInfo [name: default]
14:35:11.603 [restartedMain] INFO  o.h.b.i.BytecodeProviderInitiator - HHH000021: Bytecode provider name : bytebuddy
14:35:11.637 [restartedMain] INFO  o.s.o.j.p.SpringPersistenceUnitInfo - No LoadTimeWeaver setup: ignoring JPA class transformer
14:35:11.647 [restartedMain] INFO  com.zaxxer.hikari.HikariDataSource - HikariPool-2 - Starting...
14:35:11.720 [restartedMain] INFO  com.zaxxer.hikari.pool.HikariPool - HikariPool-2 - Added connection org.postgresql.jdbc.PgConnection@38bb4533
14:35:11.722 [restartedMain] INFO  com.zaxxer.hikari.HikariDataSource - HikariPool-2 - Start completed.
14:35:11.730 [restartedMain] INFO  org.hibernate.orm.dialect - HHH035001: Using dialect: org.hibernate.dialect.PostgreSQLDialect, version: org.hibernate.engine.jdbc.env.internal.JdbcEnvironmentInitiator$DialectResolutionInfoImpl@1df842e8
14:35:11.807 [restartedMain] INFO  o.h.b.i.BytecodeProviderInitiator - HHH000021: Bytecode provider name : bytebuddy
14:35:12.150 [restartedMain] INFO  o.h.e.t.j.p.i.JtaPlatformInitiator - HHH000490: Using JtaPlatform implementation: [org.hibernate.engine.transaction.jta.platform.internal.NoJtaPlatform]
14:35:12.430 [restartedMain] INFO  o.s.o.j.LocalContainerEntityManagerFactoryBean - Initialized JPA EntityManagerFactory for persistence unit 'default'
14:35:12.954 [restartedMain] WARN  o.s.b.a.o.j.JpaBaseConfiguration$JpaWebConfiguration - spring.jpa.open-in-view is enabled by default. Therefore, database queries may be performed during view rendering. Explicitly configure spring.jpa.open-in-view to disable this warning
14:35:13.145 [restartedMain] INFO  o.s.s.web.DefaultSecurityFilterChain - Will secure any request with [org.springframework.security.web.session.DisableEncodeUrlFilter@12a737ad, org.springframework.security.web.context.request.async.WebAsyncManagerIntegrationFilter@50e00809, org.springframework.security.web.context.SecurityContextHolderFilter@5cffde48, org.springframework.security.web.header.HeaderWriterFilter@78712c0e, org.springframework.web.filter.CorsFilter@7c7268fc, org.springframework.security.web.authentication.logout.LogoutFilter@7d47f848, com.epic_energy.epic_energy_service.security.security.JwtAuthenticationFilter@6124e8ef, org.springframework.security.web.savedrequest.RequestCacheAwareFilter@6eeccf12, org.springframework.security.web.servletapi.SecurityContextHolderAwareRequestFilter@1f8c9f9d, org.springframework.security.web.authentication.AnonymousAuthenticationFilter@7382dddb, org.springframework.security.web.session.SessionManagementFilter@73a66047, org.springframework.security.web.access.ExceptionTranslationFilter@40fe5bee, org.springframework.security.web.access.intercept.AuthorizationFilter@ed025ec]
14:35:15.413 [restartedMain] INFO  o.s.b.d.a.OptionalLiveReloadServer - LiveReload server is running on port 35729
14:35:15.428 [restartedMain] INFO  o.s.b.w.e.tomcat.TomcatWebServer - Tomcat started on port(s): 8080 (http) with context path ''
14:35:15.453 [restartedMain] INFO  c.e.e.EpicEnergyServiceApplication - Started EpicEnergyServiceApplication in 7.71 seconds (process running for 375.317)
14:35:15.467 [restartedMain] INFO  o.s.b.d.a.ConditionEvaluationDeltaLoggingListener - Condition evaluation unchanged
14:35:43.405 [http-nio-8080-exec-10] INFO  o.a.c.c.C.[Tomcat].[localhost].[/] - Initializing Spring DispatcherServlet 'dispatcherServlet'
14:35:43.407 [http-nio-8080-exec-10] INFO  o.s.web.servlet.DispatcherServlet - Initializing Servlet 'dispatcherServlet'
14:35:43.426 [http-nio-8080-exec-10] INFO  o.s.web.servlet.DispatcherServlet - Completed initialization in 1 ms
